[0.085s] Invoking command in '/home/nvidia/f1tenth_ws/build/pure_pursuit': /usr/bin/cmake /home/nvidia/f1tenth_ws/src/pure_pursuit -DCMAKE_INSTALL_PREFIX=/home/nvidia/f1tenth_ws/install/pure_pursuit
[0.634s] -- The C compiler identification is GNU 9.4.0
[1.102s] -- The CXX compiler identification is GNU 9.4.0
[1.138s] -- Check for working C compiler: /usr/bin/cc
[1.597s] -- Check for working C compiler: /usr/bin/cc -- works
[1.605s] -- Detecting C compiler ABI info
[2.036s] -- Detecting C compiler ABI info - done
[2.112s] -- Detecting C compile features
[2.114s] -- Detecting C compile features - done
[2.132s] -- Check for working CXX compiler: /usr/bin/c++
[2.651s] -- Check for working CXX compiler: /usr/bin/c++ -- works
[2.658s] -- Detecting CXX compiler ABI info
[3.156s] -- Detecting CXX compiler ABI info - done
[3.230s] -- Detecting CXX compile features
[3.233s] -- Detecting CXX compile features - done
[3.292s] CMake Error at CMakeLists.txt:28 (find_package):
[3.293s]   By not providing "Findament_cmake.cmake" in CMAKE_MODULE_PATH this project
[3.293s]   has asked CMake to find a package configuration file provided by
[3.294s]   "ament_cmake", but CMake did not find one.
[3.295s] 
[3.295s]   Could not find a package configuration file provided by "ament_cmake" with
[3.296s]   any of the following names:
[3.297s] 
[3.297s]     ament_cmakeConfig.cmake
[3.298s]     ament_cmake-config.cmake
[3.298s] 
[3.299s]   Add the installation prefix of "ament_cmake" to CMAKE_PREFIX_PATH or set
[3.299s]   "ament_cmake_DIR" to a directory containing one of the above files.  If
[3.300s]   "ament_cmake" provides a separate development package or SDK, be sure it
[3.300s]   has been installed.
[3.301s] 
[3.301s] 
[3.301s] -- Configuring incomplete, errors occurred!
[3.302s] See also "/home/nvidia/f1tenth_ws/build/pure_pursuit/CMakeFiles/CMakeOutput.log".
[3.312s] Invoked command in '/home/nvidia/f1tenth_ws/build/pure_pursuit' returned '1': /usr/bin/cmake /home/nvidia/f1tenth_ws/src/pure_pursuit -DCMAKE_INSTALL_PREFIX=/home/nvidia/f1tenth_ws/install/pure_pursuit
