[0.296s] Invoking command in '/home/nvidia/f1tenth_ws/build/pure_pursuit': CMAKE_PREFIX_PATH=${CMAKE_PREFIX_PATH}:/home/nvidia/f1tenth_ws/install/f1tenth_stack:/home/nvidia/f1tenth_ws/install/joy_teleop:/home/nvidia/f1tenth_ws/install/particle_filter:/home/nvidia/f1tenth_ws/install/mouse_teleop:/home/nvidia/f1tenth_ws/install/key_teleop:/home/nvidia/f1tenth_ws/install/f1tenth_gym_ros:/opt/ros/galactic /usr/bin/cmake /home/nvidia/f1tenth_ws/src/pure_pursuit -DCMAKE_INSTALL_PREFIX=/home/nvidia/f1tenth_ws/install/pure_pursuit
[0.987s] -- The C compiler identification is GNU 9.4.0
[1.603s] -- The CXX compiler identification is GNU 9.4.0
[1.706s] -- Check for working C compiler: /usr/bin/cc
[2.761s] -- Check for working C compiler: /usr/bin/cc -- works
[2.778s] -- Detecting C compiler ABI info
[3.907s] -- Detecting C compiler ABI info - done
[4.049s] -- Detecting C compile features
[4.053s] -- Detecting C compile features - done
[4.067s] -- Check for working CXX compiler: /usr/bin/c++
[5.133s] -- Check for working CXX compiler: /usr/bin/c++ -- works
[5.147s] -- Detecting CXX compiler ABI info
[6.131s] -- Detecting CXX compiler ABI info - done
[6.287s] -- Detecting CXX compile features
[6.295s] -- Detecting CXX compile features - done
[6.331s] -- Found ament_cmake: 1.1.6 (/opt/ros/galactic/share/ament_cmake/cmake)
[6.637s] -- Found PythonInterp: /usr/bin/python3 (found suitable version "3.8.10", minimum required is "3") 
[6.638s] -- Using PYTHON_EXECUTABLE: /usr/bin/python3
[7.818s] -- Found rclcpp: 9.2.2 (/opt/ros/galactic/share/rclcpp/cmake)
[8.391s] -- Using all available rosidl_typesupport_c: rosidl_typesupport_fastrtps_c;rosidl_typesupport_introspection_c
[8.504s] -- Found rosidl_adapter: 2.2.3 (/opt/ros/galactic/share/rosidl_adapter/cmake)
[9.916s] -- Found OpenSSL: /usr/lib/aarch64-linux-gnu/libcrypto.so (found version "1.1.1f")  
[10.147s] -- Found FastRTPS: /opt/ros/galactic/include  
[10.986s] -- Using all available rosidl_typesupport_cpp: rosidl_typesupport_fastrtps_cpp;rosidl_typesupport_introspection_cpp
[11.489s] -- Found rmw_implementation_cmake: 3.3.1 (/opt/ros/galactic/share/rmw_implementation_cmake/cmake)
[11.519s] -- Found rmw_cyclonedds_cpp: 0.22.6 (/opt/ros/galactic/share/rmw_cyclonedds_cpp/cmake)
[11.652s] -- Using RMW implementation 'rmw_cyclonedds_cpp' as default
[11.657s] -- Looking for pthread.h
[12.675s] -- Looking for pthread.h - found
[12.676s] -- Performing Test CMAKE_HAVE_LIBC_PTHREAD
[13.705s] -- Performing Test CMAKE_HAVE_LIBC_PTHREAD - Failed
[13.706s] -- Looking for pthread_create in pthreads
[14.575s] -- Looking for pthread_create in pthreads - not found
[14.582s] -- Looking for pthread_create in pthread
[15.611s] -- Looking for pthread_create in pthread - found
[15.626s] -- Found Threads: TRUE  
[16.784s] -- Found rclpy: 1.9.3 (/opt/ros/galactic/share/rclpy/cmake)
[16.805s] -- Found geometry_msgs: 2.2.4 (/opt/ros/galactic/share/geometry_msgs/cmake)
[17.003s] -- Found nav_msgs: 2.2.4 (/opt/ros/galactic/share/nav_msgs/cmake)
[17.508s] -- Found ackermann_msgs: 2.0.2 (/opt/ros/galactic/share/ackermann_msgs/cmake)
[17.839s] -- Found sensor_msgs: 2.2.4 (/opt/ros/galactic/share/sensor_msgs/cmake)
[18.204s] -- Found visualization_msgs: 2.2.4 (/opt/ros/galactic/share/visualization_msgs/cmake)
[18.659s] -- Found tf2_ros: 0.17.5 (/opt/ros/galactic/share/tf2_ros/cmake)
[24.429s] -- Found ament_lint_auto: 0.10.7 (/opt/ros/galactic/share/ament_lint_auto/cmake)
[25.491s] -- Added test 'copyright' to check source files copyright and LICENSE
[25.522s] -- Added test 'cppcheck' to perform static code analysis on C / C++ code
[25.526s] -- Configured cppcheck include dirs: /home/nvidia/f1tenth_ws/src/pure_pursuit/include
[25.527s] -- Configured cppcheck exclude dirs and/or files: 
[25.578s] -- Added test 'cpplint' to check C / C++ code against the Google style
[25.578s] -- Configured cpplint exclude dirs and/or files: 
[25.597s] -- Added test 'flake8' to check Python code syntax and style conventions
[25.611s] -- Added test 'lint_cmake' to check CMake code style
[25.631s] -- Added test 'pep257' to check Python code against some of the style conventions in PEP 257
[25.661s] -- Added test 'uncrustify' to check C / C++ code style
[25.662s] -- Configured uncrustify additional arguments: 
[25.671s] -- Added test 'xmllint' to check XML markup files
[25.720s] -- Configuring done
[25.890s] -- Generating done
[25.907s] -- Build files have been written to: /home/nvidia/f1tenth_ws/build/pure_pursuit
[25.971s] Invoked command in '/home/nvidia/f1tenth_ws/build/pure_pursuit' returned '0': CMAKE_PREFIX_PATH=${CMAKE_PREFIX_PATH}:/home/nvidia/f1tenth_ws/install/f1tenth_stack:/home/nvidia/f1tenth_ws/install/joy_teleop:/home/nvidia/f1tenth_ws/install/particle_filter:/home/nvidia/f1tenth_ws/install/mouse_teleop:/home/nvidia/f1tenth_ws/install/key_teleop:/home/nvidia/f1tenth_ws/install/f1tenth_gym_ros:/opt/ros/galactic /usr/bin/cmake /home/nvidia/f1tenth_ws/src/pure_pursuit -DCMAKE_INSTALL_PREFIX=/home/nvidia/f1tenth_ws/install/pure_pursuit
[25.995s] Invoking command in '/home/nvidia/f1tenth_ws/build/pure_pursuit': CMAKE_PREFIX_PATH=${CMAKE_PREFIX_PATH}:/home/nvidia/f1tenth_ws/install/f1tenth_stack:/home/nvidia/f1tenth_ws/install/joy_teleop:/home/nvidia/f1tenth_ws/install/particle_filter:/home/nvidia/f1tenth_ws/install/mouse_teleop:/home/nvidia/f1tenth_ws/install/key_teleop:/home/nvidia/f1tenth_ws/install/f1tenth_gym_ros:/opt/ros/galactic /usr/bin/cmake --build /home/nvidia/f1tenth_ws/build/pure_pursuit -- -j6 -l6
[26.361s] -- Found ament_cmake: 1.1.6 (/opt/ros/galactic/share/ament_cmake/cmake)
[26.593s] -- Using PYTHON_EXECUTABLE: /usr/bin/python3
[27.201s] -- Found rclcpp: 9.2.2 (/opt/ros/galactic/share/rclcpp/cmake)
[27.564s] -- Using all available rosidl_typesupport_c: rosidl_typesupport_fastrtps_c;rosidl_typesupport_introspection_c
[27.589s] -- Found rosidl_adapter: 2.2.3 (/opt/ros/galactic/share/rosidl_adapter/cmake)
[28.570s] -- Using all available rosidl_typesupport_cpp: rosidl_typesupport_fastrtps_cpp;rosidl_typesupport_introspection_cpp
[29.007s] -- Found rmw_implementation_cmake: 3.3.1 (/opt/ros/galactic/share/rmw_implementation_cmake/cmake)
[29.018s] -- Found rmw_cyclonedds_cpp: 0.22.6 (/opt/ros/galactic/share/rmw_cyclonedds_cpp/cmake)
[29.127s] -- Using RMW implementation 'rmw_cyclonedds_cpp' as default
[30.116s] -- Found rclpy: 1.9.3 (/opt/ros/galactic/share/rclpy/cmake)
[30.117s] -- Found geometry_msgs: 2.2.4 (/opt/ros/galactic/share/geometry_msgs/cmake)
[30.360s] -- Found nav_msgs: 2.2.4 (/opt/ros/galactic/share/nav_msgs/cmake)
[30.770s] -- Found ackermann_msgs: 2.0.2 (/opt/ros/galactic/share/ackermann_msgs/cmake)
[31.071s] -- Found sensor_msgs: 2.2.4 (/opt/ros/galactic/share/sensor_msgs/cmake)
[31.482s] -- Found visualization_msgs: 2.2.4 (/opt/ros/galactic/share/visualization_msgs/cmake)
[31.942s] -- Found tf2_ros: 0.17.5 (/opt/ros/galactic/share/tf2_ros/cmake)
[34.675s] -- Found ament_lint_auto: 0.10.7 (/opt/ros/galactic/share/ament_lint_auto/cmake)
[35.295s] -- Added test 'copyright' to check source files copyright and LICENSE
[35.325s] -- Added test 'cppcheck' to perform static code analysis on C / C++ code
[35.328s] -- Configured cppcheck include dirs: /home/nvidia/f1tenth_ws/src/pure_pursuit/include
[35.328s] -- Configured cppcheck exclude dirs and/or files: 
[35.349s] -- Added test 'cpplint' to check C / C++ code against the Google style
[35.350s] -- Configured cpplint exclude dirs and/or files: 
[35.359s] -- Added test 'flake8' to check Python code syntax and style conventions
[35.363s] -- Added test 'lint_cmake' to check CMake code style
[35.367s] -- Added test 'pep257' to check Python code against some of the style conventions in PEP 257
[35.393s] -- Added test 'uncrustify' to check C / C++ code style
[35.394s] -- Configured uncrustify additional arguments: 
[35.397s] -- Added test 'xmllint' to check XML markup files
[35.432s] -- Configuring done
[35.565s] -- Generating done
[35.585s] -- Build files have been written to: /home/nvidia/f1tenth_ws/build/pure_pursuit
[35.912s] [35m[1mScanning dependencies of target ament_cmake_python_copy_pure_pursuit[0m
[36.219s] [  0%] Built target ament_cmake_python_copy_pure_pursuit
[36.359s] [35m[1mScanning dependencies of target pure_pursuit_node[0m
[37.274s] [ 50%] [32mBuilding CXX object CMakeFiles/pure_pursuit_node.dir/src/pure_pursuit_node.cpp.o[0m
[60.315s] [01m[K/home/nvidia/f1tenth_ws/src/pure_pursuit/src/pure_pursuit_node.cpp:[m[K In member function ‘[01m[Kvoid PurePursuit::scan_callback(sensor_msgs::msg::LaserScan_<std::allocator<void> >::ConstSharedPtr)[m[K’:
[60.316s] [01m[K/home/nvidia/f1tenth_ws/src/pure_pursuit/src/pure_pursuit_node.cpp:110:15:[m[K [01;35m[Kwarning: [m[Kunused variable ‘[01m[Kangle_min[m[K’ [[01;35m[K-Wunused-variable[m[K]
[60.316s]   110 |         float [01;35m[Kangle_min[m[K = scan_msg->angle_min;
[60.317s]       |               [01;35m[K^~~~~~~~~[m[K
[60.317s] [01m[K/home/nvidia/f1tenth_ws/src/pure_pursuit/src/pure_pursuit_node.cpp:115:13:[m[K [01;35m[Kwarning: [m[Kunused variable ‘[01m[Kidx_min[m[K’ [[01;35m[K-Wunused-variable[m[K]
[60.318s]   115 |         int [01;35m[Kidx_min[m[K = (int) ((angle_max-fov)/angle_increment);
[60.318s]       |             [01;35m[K^~~~~~~[m[K
[60.319s] [01m[K/home/nvidia/f1tenth_ws/src/pure_pursuit/src/pure_pursuit_node.cpp:116:13:[m[K [01;35m[Kwarning: [m[Kunused variable ‘[01m[Kidx_max[m[K’ [[01;35m[K-Wunused-variable[m[K]
[60.319s]   116 |         int [01;35m[Kidx_max[m[K = (int) ((angle_max+fov)/angle_increment);
[60.320s]       |             [01;35m[K^~~~~~~[m[K
[60.323s] [01m[K/home/nvidia/f1tenth_ws/src/pure_pursuit/src/pure_pursuit_node.cpp:[m[K In member function ‘[01m[Kvoid PurePursuit::publish_gap_follow(std::vector<float>)[m[K’:
[60.323s] [01m[K/home/nvidia/f1tenth_ws/src/pure_pursuit/src/pure_pursuit_node.cpp:161:23:[m[K [01;35m[Kwarning: [m[Kcomparison of integer expressions of different signedness: ‘[01m[Kint[m[K’ and ‘[01m[Kstd::vector<float>::size_type[m[K’ {aka ‘[01m[Klong unsigned int[m[K’} [[01;35m[K-Wsign-compare[m[K]
[60.324s]   161 |         for (int i=0;[01;35m[Ki<ranges.size()[m[K;i++){
[60.324s]       |                      [01;35m[K~^~~~~~~~~~~~~~[m[K
[60.334s] [01m[K/home/nvidia/f1tenth_ws/src/pure_pursuit/src/pure_pursuit_node.cpp:188:23:[m[K [01;35m[Kwarning: [m[Kcomparison of integer expressions of different signedness: ‘[01m[Kint[m[K’ and ‘[01m[Kstd::vector<float>::size_type[m[K’ {aka ‘[01m[Klong unsigned int[m[K’} [[01;35m[K-Wsign-compare[m[K]
[60.334s]   188 |         for (int i=0;[01;35m[Ki<ranges_processed.size()[m[K;i++){
[60.335s]       |                      [01;35m[K~^~~~~~~~~~~~~~~~~~~~~~~~[m[K
[60.392s] [01m[K/home/nvidia/f1tenth_ws/src/pure_pursuit/src/pure_pursuit_node.cpp:[m[K In member function ‘[01m[Kvoid PurePursuit::check_pure_pursuit()[m[K’:
[60.392s] [01m[K/home/nvidia/f1tenth_ws/src/pure_pursuit/src/pure_pursuit_node.cpp:253:23:[m[K [01;35m[Kwarning: [m[Kcomparison of integer expressions of different signedness: ‘[01m[Kint[m[K’ and ‘[01m[Kstd::vector<std::vector<double, std::allocator<double> > >::size_type[m[K’ {aka ‘[01m[Klong unsigned int[m[K’} [[01;35m[K-Wsign-compare[m[K]
[60.393s]   253 |         for(int i=0; [01;35m[Ki<waypoints.size()[m[K; ++i)
[60.394s]       |                      [01;35m[K~^~~~~~~~~~~~~~~~~[m[K
[60.499s] [01m[K/home/nvidia/f1tenth_ws/src/pure_pursuit/src/pure_pursuit_node.cpp:[m[K In member function ‘[01m[Kvoid PurePursuit::visualize_path_points()[m[K’:
[60.499s] [01m[K/home/nvidia/f1tenth_ws/src/pure_pursuit/src/pure_pursuit_node.cpp:334:23:[m[K [01;35m[Kwarning: [m[Kcomparison of integer expressions of different signedness: ‘[01m[Kint[m[K’ and ‘[01m[Kstd::vector<std::vector<double, std::allocator<double> > >::size_type[m[K’ {aka ‘[01m[Klong unsigned int[m[K’} [[01;35m[K-Wsign-compare[m[K]
[60.500s]   334 |         for(int i=0; [01;35m[Ki<waypoints.size()[m[K; ++i)
[60.501s]       |                      [01;35m[K~^~~~~~~~~~~~~~~~~[m[K
[123.695s] [100%] [32m[1mLinking CXX executable pure_pursuit_node[0m
[127.380s] [100%] Built target pure_pursuit_node
[127.545s] [35m[1mScanning dependencies of target ament_cmake_python_copy_pure_pursuit_setup[0m
[127.821s] [100%] Built target ament_cmake_python_copy_pure_pursuit_setup
[128.026s] [35m[1mScanning dependencies of target ament_cmake_python_build_pure_pursuit_egg[0m
[130.651s] /home/nvidia/.local/lib/python3.8/site-packages/setuptools/dist.py:771: UserWarning: Usage of dash-separated 'script-dir' will not be supported in future versions. Please use the underscore name 'script_dir' instead
[130.652s]   warnings.warn(
[130.655s] /home/nvidia/.local/lib/python3.8/site-packages/setuptools/dist.py:771: UserWarning: Usage of dash-separated 'install-scripts' will not be supported in future versions. Please use the underscore name 'install_scripts' instead
[130.655s]   warnings.warn(
[131.235s] running egg_info
[131.241s] creating pure_pursuit.egg-info
[131.452s] writing pure_pursuit.egg-info/PKG-INFO
[131.453s] writing dependency_links to pure_pursuit.egg-info/dependency_links.txt
[131.455s] writing top-level names to pure_pursuit.egg-info/top_level.txt
[131.466s] writing manifest file 'pure_pursuit.egg-info/SOURCES.txt'
[131.860s] reading manifest file 'pure_pursuit.egg-info/SOURCES.txt'
[131.872s] writing manifest file 'pure_pursuit.egg-info/SOURCES.txt'
[132.322s] [100%] Built target ament_cmake_python_build_pure_pursuit_egg
[132.462s] Invoked command in '/home/nvidia/f1tenth_ws/build/pure_pursuit' returned '0': CMAKE_PREFIX_PATH=${CMAKE_PREFIX_PATH}:/home/nvidia/f1tenth_ws/install/f1tenth_stack:/home/nvidia/f1tenth_ws/install/joy_teleop:/home/nvidia/f1tenth_ws/install/particle_filter:/home/nvidia/f1tenth_ws/install/mouse_teleop:/home/nvidia/f1tenth_ws/install/key_teleop:/home/nvidia/f1tenth_ws/install/f1tenth_gym_ros:/opt/ros/galactic /usr/bin/cmake --build /home/nvidia/f1tenth_ws/build/pure_pursuit -- -j6 -l6
[133.089s] Invoking command in '/home/nvidia/f1tenth_ws/build/pure_pursuit': CMAKE_PREFIX_PATH=${CMAKE_PREFIX_PATH}:/home/nvidia/f1tenth_ws/install/f1tenth_stack:/home/nvidia/f1tenth_ws/install/joy_teleop:/home/nvidia/f1tenth_ws/install/particle_filter:/home/nvidia/f1tenth_ws/install/mouse_teleop:/home/nvidia/f1tenth_ws/install/key_teleop:/home/nvidia/f1tenth_ws/install/f1tenth_gym_ros:/opt/ros/galactic /usr/bin/cmake --install /home/nvidia/f1tenth_ws/build/pure_pursuit
[133.248s] -- Install configuration: ""
[133.250s] -- Installing: /home/nvidia/f1tenth_ws/install/pure_pursuit/lib/pure_pursuit/pure_pursuit_node
[133.341s] -- Set runtime path of "/home/nvidia/f1tenth_ws/install/pure_pursuit/lib/pure_pursuit/pure_pursuit_node" to ""
[133.344s] -- Installing: /home/nvidia/f1tenth_ws/install/pure_pursuit/share/pure_pursuit/environment/pythonpath.sh
[133.346s] -- Installing: /home/nvidia/f1tenth_ws/install/pure_pursuit/share/pure_pursuit/environment/pythonpath.dsv
[133.347s] -- Installing: /home/nvidia/f1tenth_ws/install/pure_pursuit/lib/python3.8/site-packages//pure_pursuit.egg-info
[133.348s] -- Installing: /home/nvidia/f1tenth_ws/install/pure_pursuit/lib/python3.8/site-packages//pure_pursuit.egg-info/PKG-INFO
[133.349s] -- Installing: /home/nvidia/f1tenth_ws/install/pure_pursuit/lib/python3.8/site-packages//pure_pursuit.egg-info/SOURCES.txt
[133.350s] -- Installing: /home/nvidia/f1tenth_ws/install/pure_pursuit/lib/python3.8/site-packages//pure_pursuit.egg-info/top_level.txt
[133.351s] -- Installing: /home/nvidia/f1tenth_ws/install/pure_pursuit/lib/python3.8/site-packages//pure_pursuit.egg-info/dependency_links.txt
[133.352s] -- Installing: /home/nvidia/f1tenth_ws/install/pure_pursuit/lib/python3.8/site-packages/pure_pursuit
[133.353s] -- Installing: /home/nvidia/f1tenth_ws/install/pure_pursuit/lib/python3.8/site-packages/pure_pursuit/__init__.py
[133.578s] Listing '/home/nvidia/f1tenth_ws/install/pure_pursuit/lib/python3.8/site-packages/pure_pursuit'...
[133.578s] Compiling '/home/nvidia/f1tenth_ws/install/pure_pursuit/lib/python3.8/site-packages/pure_pursuit/__init__.py'...
[133.599s] -- Installing: /home/nvidia/f1tenth_ws/install/pure_pursuit/lib/pure_pursuit/pure_pursuit_node.py
[133.600s] -- Installing: /home/nvidia/f1tenth_ws/install/pure_pursuit/lib/pure_pursuit/clickpoint_logger.py
[133.601s] -- Installing: /home/nvidia/f1tenth_ws/install/pure_pursuit/lib/pure_pursuit/waypoint_logger.py
[133.603s] -- Installing: /home/nvidia/f1tenth_ws/install/pure_pursuit/share/ament_index/resource_index/package_run_dependencies/pure_pursuit
[133.604s] -- Installing: /home/nvidia/f1tenth_ws/install/pure_pursuit/share/ament_index/resource_index/parent_prefix_path/pure_pursuit
[133.605s] -- Installing: /home/nvidia/f1tenth_ws/install/pure_pursuit/share/pure_pursuit/environment/ament_prefix_path.sh
[133.608s] -- Installing: /home/nvidia/f1tenth_ws/install/pure_pursuit/share/pure_pursuit/environment/ament_prefix_path.dsv
[133.610s] -- Installing: /home/nvidia/f1tenth_ws/install/pure_pursuit/share/pure_pursuit/environment/path.sh
[133.612s] -- Installing: /home/nvidia/f1tenth_ws/install/pure_pursuit/share/pure_pursuit/environment/path.dsv
[133.613s] -- Installing: /home/nvidia/f1tenth_ws/install/pure_pursuit/share/pure_pursuit/local_setup.bash
[133.614s] -- Installing: /home/nvidia/f1tenth_ws/install/pure_pursuit/share/pure_pursuit/local_setup.sh
[133.615s] -- Installing: /home/nvidia/f1tenth_ws/install/pure_pursuit/share/pure_pursuit/local_setup.zsh
[133.616s] -- Installing: /home/nvidia/f1tenth_ws/install/pure_pursuit/share/pure_pursuit/local_setup.dsv
[133.617s] -- Installing: /home/nvidia/f1tenth_ws/install/pure_pursuit/share/pure_pursuit/package.dsv
[133.619s] -- Installing: /home/nvidia/f1tenth_ws/install/pure_pursuit/share/ament_index/resource_index/packages/pure_pursuit
[133.620s] -- Installing: /home/nvidia/f1tenth_ws/install/pure_pursuit/share/pure_pursuit/cmake/pure_pursuitConfig.cmake
[133.621s] -- Installing: /home/nvidia/f1tenth_ws/install/pure_pursuit/share/pure_pursuit/cmake/pure_pursuitConfig-version.cmake
[133.622s] -- Installing: /home/nvidia/f1tenth_ws/install/pure_pursuit/share/pure_pursuit/package.xml
[133.636s] Invoked command in '/home/nvidia/f1tenth_ws/build/pure_pursuit' returned '0': CMAKE_PREFIX_PATH=${CMAKE_PREFIX_PATH}:/home/nvidia/f1tenth_ws/install/f1tenth_stack:/home/nvidia/f1tenth_ws/install/joy_teleop:/home/nvidia/f1tenth_ws/install/particle_filter:/home/nvidia/f1tenth_ws/install/mouse_teleop:/home/nvidia/f1tenth_ws/install/key_teleop:/home/nvidia/f1tenth_ws/install/f1tenth_gym_ros:/opt/ros/galactic /usr/bin/cmake --install /home/nvidia/f1tenth_ws/build/pure_pursuit
