[0.447s] Invoking command in '/home/nvidia/f1tenth_ws/build/teleop_tools_msgs': /usr/bin/cmake /home/nvidia/f1tenth_ws/src/f1tenth_system/teleop_tools/teleop_tools_msgs -DCMAKE_INSTALL_PREFIX=/home/nvidia/f1tenth_ws/install/teleop_tools_msgs
[6.949s] -- The C compiler identification is GNU 9.4.0
[6.952s] -- The CXX compiler identification is GNU 9.4.0
[6.956s] -- Check for working C compiler: /usr/bin/cc
[6.961s] -- Check for working C compiler: /usr/bin/cc -- works
[6.962s] -- Detecting C compiler ABI info
[6.964s] -- Detecting C compiler ABI info - done
[6.970s] -- Detecting C compile features
[6.974s] -- Detecting C compile features - done
[6.974s] -- Check for working CXX compiler: /usr/bin/c++
[6.975s] -- Check for working CXX compiler: /usr/bin/c++ -- works
[6.975s] -- Detecting CXX compiler ABI info
[6.976s] -- Detecting CXX compiler ABI info - done
[6.977s] -- Detecting CXX compile features
[7.000s] -- Detecting CXX compile features - done
[7.001s] -- Configuring incomplete, errors occurred!
[7.002s] See also "/home/nvidia/f1tenth_ws/build/teleop_tools_msgs/CMakeFiles/CMakeOutput.log".
[7.002s] CMake Error at CMakeLists.txt:18 (find_package):
[7.005s]   By not providing "Findament_cmake.cmake" in CMAKE_MODULE_PATH this project
[7.005s]   has asked CMake to find a package configuration file provided by
[7.006s]   "ament_cmake", but CMake did not find one.
[7.006s] 
[7.008s]   Could not find a package configuration file provided by "ament_cmake" with
[7.011s]   any of the following names:
[7.012s] 
[7.017s]     ament_cmakeConfig.cmake
[7.018s]     ament_cmake-config.cmake
[7.030s] 
[7.036s]   Add the installation prefix of "ament_cmake" to CMAKE_PREFIX_PATH or set
[7.037s]   "ament_cmake_DIR" to a directory containing one of the above files.  If
[7.038s]   "ament_cmake" provides a separate development package or SDK, be sure it
[7.038s]   has been installed.
[7.039s] 
[7.039s] 
[7.118s] Invoked command in '/home/nvidia/f1tenth_ws/build/teleop_tools_msgs' returned '1': /usr/bin/cmake /home/nvidia/f1tenth_ws/src/f1tenth_system/teleop_tools/teleop_tools_msgs -DCMAKE_INSTALL_PREFIX=/home/nvidia/f1tenth_ws/install/teleop_tools_msgs
