[0.119s] Invoking command in '/home/nvidia/f1tenth_ws/build/pure_pursuit': CMAKE_PREFIX_PATH=${CMAKE_PREFIX_PATH}:/home/nvidia/f1tenth_ws/install/f1tenth_stack:/home/nvidia/f1tenth_ws/install/joy_teleop:/home/nvidia/f1tenth_ws/install/particle_filter:/home/nvidia/f1tenth_ws/install/mouse_teleop:/home/nvidia/f1tenth_ws/install/key_teleop:/home/nvidia/f1tenth_ws/install/f1tenth_gym_ros:/opt/ros/galactic /usr/bin/cmake /home/nvidia/f1tenth_ws/src/pure_pursuit -DCMAKE_INSTALL_PREFIX=/home/nvidia/f1tenth_ws/install/pure_pursuit
[0.518s] -- The C compiler identification is GNU 9.4.0
[0.902s] -- The CXX compiler identification is GNU 9.4.0
[0.936s] -- Check for working C compiler: /usr/bin/cc
[1.409s] -- Check for working C compiler: /usr/bin/cc -- works
[1.415s] -- Detecting C compiler ABI info
[1.876s] -- Detecting C compiler ABI info - done
[1.950s] -- Detecting C compile features
[1.952s] -- Detecting C compile features - done
[1.968s] -- Check for working CXX compiler: /usr/bin/c++
[2.482s] -- Check for working CXX compiler: /usr/bin/c++ -- works
[2.488s] -- Detecting CXX compiler ABI info
[2.997s] -- Detecting CXX compiler ABI info - done
[3.070s] -- Detecting CXX compile features
[3.073s] -- Detecting CXX compile features - done
[3.106s] -- Found ament_cmake: 1.1.6 (/opt/ros/galactic/share/ament_cmake/cmake)
[3.286s] -- Found PythonInterp: /usr/bin/python3 (found suitable version "3.8.10", minimum required is "3") 
[3.287s] -- Using PYTHON_EXECUTABLE: /usr/bin/python3
[3.907s] -- Found rclcpp: 9.2.2 (/opt/ros/galactic/share/rclcpp/cmake)
[4.352s] -- Using all available rosidl_typesupport_c: rosidl_typesupport_fastrtps_c;rosidl_typesupport_introspection_c
[4.428s] -- Found rosidl_adapter: 2.2.3 (/opt/ros/galactic/share/rosidl_adapter/cmake)
[5.100s] -- Found OpenSSL: /usr/lib/aarch64-linux-gnu/libcrypto.so (found version "1.1.1f")  
[5.284s] -- Found FastRTPS: /opt/ros/galactic/include  
[5.831s] -- Using all available rosidl_typesupport_cpp: rosidl_typesupport_fastrtps_cpp;rosidl_typesupport_introspection_cpp
[6.308s] -- Found rmw_implementation_cmake: 3.3.1 (/opt/ros/galactic/share/rmw_implementation_cmake/cmake)
[6.339s] -- Found rmw_cyclonedds_cpp: 0.22.6 (/opt/ros/galactic/share/rmw_cyclonedds_cpp/cmake)
[6.469s] -- Using RMW implementation 'rmw_cyclonedds_cpp' as default
[6.475s] -- Looking for pthread.h
[6.974s] -- Looking for pthread.h - found
[6.976s] -- Performing Test CMAKE_HAVE_LIBC_PTHREAD
[7.482s] -- Performing Test CMAKE_HAVE_LIBC_PTHREAD - Failed
[7.483s] -- Looking for pthread_create in pthreads
[7.886s] -- Looking for pthread_create in pthreads - not found
[7.887s] -- Looking for pthread_create in pthread
[8.355s] -- Looking for pthread_create in pthread - found
[8.362s] -- Found Threads: TRUE  
[9.270s] -- Found rclpy: 1.9.3 (/opt/ros/galactic/share/rclpy/cmake)
[9.289s] -- Found geometry_msgs: 2.2.4 (/opt/ros/galactic/share/geometry_msgs/cmake)
[9.474s] -- Found nav_msgs: 2.2.4 (/opt/ros/galactic/share/nav_msgs/cmake)
[9.818s] -- Found ackermann_msgs: 2.0.2 (/opt/ros/galactic/share/ackermann_msgs/cmake)
[10.000s] -- Found sensor_msgs: 2.2.4 (/opt/ros/galactic/share/sensor_msgs/cmake)
[10.339s] -- Found visualization_msgs: 2.2.4 (/opt/ros/galactic/share/visualization_msgs/cmake)
[10.697s] -- Found tf2_ros: 0.17.5 (/opt/ros/galactic/share/tf2_ros/cmake)
[14.386s] -- Found ament_lint_auto: 0.10.7 (/opt/ros/galactic/share/ament_lint_auto/cmake)
[14.913s] -- Added test 'copyright' to check source files copyright and LICENSE
[14.932s] -- Added test 'cppcheck' to perform static code analysis on C / C++ code
[14.934s] -- Configured cppcheck include dirs: /home/nvidia/f1tenth_ws/src/pure_pursuit/include
[14.934s] -- Configured cppcheck exclude dirs and/or files: 
[14.952s] -- Added test 'cpplint' to check C / C++ code against the Google style
[14.952s] -- Configured cpplint exclude dirs and/or files: 
[14.958s] -- Added test 'flake8' to check Python code syntax and style conventions
[14.965s] -- Added test 'lint_cmake' to check CMake code style
[14.971s] -- Added test 'pep257' to check Python code against some of the style conventions in PEP 257
[14.988s] -- Added test 'uncrustify' to check C / C++ code style
[14.989s] -- Configured uncrustify additional arguments: 
[14.994s] -- Added test 'xmllint' to check XML markup files
[15.031s] -- Configuring done
[15.138s] -- Generating done
[15.150s] -- Build files have been written to: /home/nvidia/f1tenth_ws/build/pure_pursuit
[15.201s] Invoked command in '/home/nvidia/f1tenth_ws/build/pure_pursuit' returned '0': CMAKE_PREFIX_PATH=${CMAKE_PREFIX_PATH}:/home/nvidia/f1tenth_ws/install/f1tenth_stack:/home/nvidia/f1tenth_ws/install/joy_teleop:/home/nvidia/f1tenth_ws/install/particle_filter:/home/nvidia/f1tenth_ws/install/mouse_teleop:/home/nvidia/f1tenth_ws/install/key_teleop:/home/nvidia/f1tenth_ws/install/f1tenth_gym_ros:/opt/ros/galactic /usr/bin/cmake /home/nvidia/f1tenth_ws/src/pure_pursuit -DCMAKE_INSTALL_PREFIX=/home/nvidia/f1tenth_ws/install/pure_pursuit
[15.220s] Invoking command in '/home/nvidia/f1tenth_ws/build/pure_pursuit': CMAKE_PREFIX_PATH=${CMAKE_PREFIX_PATH}:/home/nvidia/f1tenth_ws/install/f1tenth_stack:/home/nvidia/f1tenth_ws/install/joy_teleop:/home/nvidia/f1tenth_ws/install/particle_filter:/home/nvidia/f1tenth_ws/install/mouse_teleop:/home/nvidia/f1tenth_ws/install/key_teleop:/home/nvidia/f1tenth_ws/install/f1tenth_gym_ros:/opt/ros/galactic /usr/bin/cmake --build /home/nvidia/f1tenth_ws/build/pure_pursuit -- -j6 -l6
[15.409s] -- Found ament_cmake: 1.1.6 (/opt/ros/galactic/share/ament_cmake/cmake)
[15.544s] -- Using PYTHON_EXECUTABLE: /usr/bin/python3
[15.890s] -- Found rclcpp: 9.2.2 (/opt/ros/galactic/share/rclcpp/cmake)
[16.102s] -- Using all available rosidl_typesupport_c: rosidl_typesupport_fastrtps_c;rosidl_typesupport_introspection_c
[16.121s] -- Found rosidl_adapter: 2.2.3 (/opt/ros/galactic/share/rosidl_adapter/cmake)
[16.787s] -- Using all available rosidl_typesupport_cpp: rosidl_typesupport_fastrtps_cpp;rosidl_typesupport_introspection_cpp
[17.058s] -- Found rmw_implementation_cmake: 3.3.1 (/opt/ros/galactic/share/rmw_implementation_cmake/cmake)
[17.069s] -- Found rmw_cyclonedds_cpp: 0.22.6 (/opt/ros/galactic/share/rmw_cyclonedds_cpp/cmake)
[17.164s] -- Using RMW implementation 'rmw_cyclonedds_cpp' as default
[17.848s] -- Found rclpy: 1.9.3 (/opt/ros/galactic/share/rclpy/cmake)
[17.849s] -- Found geometry_msgs: 2.2.4 (/opt/ros/galactic/share/geometry_msgs/cmake)
[18.005s] -- Found nav_msgs: 2.2.4 (/opt/ros/galactic/share/nav_msgs/cmake)
[18.306s] -- Found ackermann_msgs: 2.0.2 (/opt/ros/galactic/share/ackermann_msgs/cmake)
[18.451s] -- Found sensor_msgs: 2.2.4 (/opt/ros/galactic/share/sensor_msgs/cmake)
[18.743s] -- Found visualization_msgs: 2.2.4 (/opt/ros/galactic/share/visualization_msgs/cmake)
[19.036s] -- Found tf2_ros: 0.17.5 (/opt/ros/galactic/share/tf2_ros/cmake)
[20.728s] -- Found ament_lint_auto: 0.10.7 (/opt/ros/galactic/share/ament_lint_auto/cmake)
[21.092s] -- Added test 'copyright' to check source files copyright and LICENSE
[21.108s] -- Added test 'cppcheck' to perform static code analysis on C / C++ code
[21.110s] -- Configured cppcheck include dirs: /home/nvidia/f1tenth_ws/src/pure_pursuit/include
[21.111s] -- Configured cppcheck exclude dirs and/or files: 
[21.126s] -- Added test 'cpplint' to check C / C++ code against the Google style
[21.126s] -- Configured cpplint exclude dirs and/or files: 
[21.129s] -- Added test 'flake8' to check Python code syntax and style conventions
[21.134s] -- Added test 'lint_cmake' to check CMake code style
[21.137s] -- Added test 'pep257' to check Python code against some of the style conventions in PEP 257
[21.152s] -- Added test 'uncrustify' to check C / C++ code style
[21.153s] -- Configured uncrustify additional arguments: 
[21.155s] -- Added test 'xmllint' to check XML markup files
[21.182s] -- Configuring done
[21.293s] -- Generating done
[21.306s] -- Build files have been written to: /home/nvidia/f1tenth_ws/build/pure_pursuit
[21.469s] [35m[1mScanning dependencies of target ament_cmake_python_copy_pure_pursuit_setup[0m
[21.469s] [35m[1mScanning dependencies of target ament_cmake_python_copy_pure_pursuit[0m
[21.470s] [35m[1mScanning dependencies of target pure_pursuit_node[0m
[21.595s] [  0%] Built target ament_cmake_python_copy_pure_pursuit_setup
[21.596s] [  0%] Built target ament_cmake_python_copy_pure_pursuit
[21.663s] [35m[1mScanning dependencies of target ament_cmake_python_build_pure_pursuit_egg[0m
[22.157s] [ 50%] [32mBuilding CXX object CMakeFiles/pure_pursuit_node.dir/src/pure_pursuit_node.cpp.o[0m
[23.435s] /home/nvidia/.local/lib/python3.8/site-packages/setuptools/dist.py:771: UserWarning: Usage of dash-separated 'script-dir' will not be supported in future versions. Please use the underscore name 'script_dir' instead
[23.436s]   warnings.warn(
[23.439s] /home/nvidia/.local/lib/python3.8/site-packages/setuptools/dist.py:771: UserWarning: Usage of dash-separated 'install-scripts' will not be supported in future versions. Please use the underscore name 'install_scripts' instead
[23.439s]   warnings.warn(
[23.890s] running egg_info
[23.896s] creating pure_pursuit.egg-info
[24.003s] writing pure_pursuit.egg-info/PKG-INFO
[24.004s] writing dependency_links to pure_pursuit.egg-info/dependency_links.txt
[24.006s] writing top-level names to pure_pursuit.egg-info/top_level.txt
[24.019s] writing manifest file 'pure_pursuit.egg-info/SOURCES.txt'
[24.339s] reading manifest file 'pure_pursuit.egg-info/SOURCES.txt'
[24.342s] writing manifest file 'pure_pursuit.egg-info/SOURCES.txt'
[24.572s] [ 50%] Built target ament_cmake_python_build_pure_pursuit_egg
[36.861s] [01m[K/home/nvidia/f1tenth_ws/src/pure_pursuit/src/pure_pursuit_node.cpp:[m[K In member function ‘[01m[Kvoid PurePursuit::scan_callback(sensor_msgs::msg::LaserScan_<std::allocator<void> >::ConstSharedPtr)[m[K’:
[36.861s] [01m[K/home/nvidia/f1tenth_ws/src/pure_pursuit/src/pure_pursuit_node.cpp:119:23:[m[K [01;35m[Kwarning: [m[Kcomparison of integer expressions of different signedness: ‘[01m[Kint[m[K’ and ‘[01m[Kstd::vector<float>::size_type[m[K’ {aka ‘[01m[Klong unsigned int[m[K’} [[01;35m[K-Wsign-compare[m[K]
[36.862s]   119 |         for (int i=0;[01;35m[Ki<ranges.size()[m[K;i++){
[36.862s]       |                      [01;35m[K~^~~~~~~~~~~~~~[m[K
[36.867s] [01m[K/home/nvidia/f1tenth_ws/src/pure_pursuit/src/pure_pursuit_node.cpp:[m[K In member function ‘[01m[Kvoid PurePursuit::publish_gap_follow(std::vector<float>)[m[K’:
[36.867s] [01m[K/home/nvidia/f1tenth_ws/src/pure_pursuit/src/pure_pursuit_node.cpp:153:23:[m[K [01;35m[Kwarning: [m[Kcomparison of integer expressions of different signedness: ‘[01m[Kint[m[K’ and ‘[01m[Kstd::vector<float>::size_type[m[K’ {aka ‘[01m[Klong unsigned int[m[K’} [[01;35m[K-Wsign-compare[m[K]
[36.868s]   153 |         for (int i=0;[01;35m[Ki<ranges.size()[m[K;i++){
[36.868s]       |                      [01;35m[K~^~~~~~~~~~~~~~[m[K
[36.874s] [01m[K/home/nvidia/f1tenth_ws/src/pure_pursuit/src/pure_pursuit_node.cpp:177:23:[m[K [01;35m[Kwarning: [m[Kcomparison of integer expressions of different signedness: ‘[01m[Kint[m[K’ and ‘[01m[Kstd::vector<float>::size_type[m[K’ {aka ‘[01m[Klong unsigned int[m[K’} [[01;35m[K-Wsign-compare[m[K]
[36.875s]   177 |         for (int i=0;[01;35m[Ki<ranges_processed.size()[m[K;i++){
[36.875s]       |                      [01;35m[K~^~~~~~~~~~~~~~~~~~~~~~~~[m[K
[36.911s] [01m[K/home/nvidia/f1tenth_ws/src/pure_pursuit/src/pure_pursuit_node.cpp:[m[K In member function ‘[01m[Kvoid PurePursuit::check_pure_pursuit()[m[K’:
[36.911s] [01m[K/home/nvidia/f1tenth_ws/src/pure_pursuit/src/pure_pursuit_node.cpp:224:23:[m[K [01;35m[Kwarning: [m[Kcomparison of integer expressions of different signedness: ‘[01m[Kint[m[K’ and ‘[01m[Kstd::vector<std::vector<double, std::allocator<double> > >::size_type[m[K’ {aka ‘[01m[Klong unsigned int[m[K’} [[01;35m[K-Wsign-compare[m[K]
[36.912s]   224 |         for(int i=0; [01;35m[Ki<waypoints.size()[m[K; ++i)
[36.912s]       |                      [01;35m[K~^~~~~~~~~~~~~~~~~[m[K
[36.995s] [01m[K/home/nvidia/f1tenth_ws/src/pure_pursuit/src/pure_pursuit_node.cpp:[m[K In member function ‘[01m[Kvoid PurePursuit::visualize_path_points()[m[K’:
[36.996s] [01m[K/home/nvidia/f1tenth_ws/src/pure_pursuit/src/pure_pursuit_node.cpp:315:23:[m[K [01;35m[Kwarning: [m[Kcomparison of integer expressions of different signedness: ‘[01m[Kint[m[K’ and ‘[01m[Kstd::vector<std::vector<double, std::allocator<double> > >::size_type[m[K’ {aka ‘[01m[Klong unsigned int[m[K’} [[01;35m[K-Wsign-compare[m[K]
[36.996s]   315 |         for(int i=0; [01;35m[Ki<waypoints.size()[m[K; ++i)
[36.997s]       |                      [01;35m[K~^~~~~~~~~~~~~~~~~[m[K
[75.280s] [100%] [32m[1mLinking CXX executable pure_pursuit_node[0m
[78.020s] [100%] Built target pure_pursuit_node
[78.097s] Invoked command in '/home/nvidia/f1tenth_ws/build/pure_pursuit' returned '0': CMAKE_PREFIX_PATH=${CMAKE_PREFIX_PATH}:/home/nvidia/f1tenth_ws/install/f1tenth_stack:/home/nvidia/f1tenth_ws/install/joy_teleop:/home/nvidia/f1tenth_ws/install/particle_filter:/home/nvidia/f1tenth_ws/install/mouse_teleop:/home/nvidia/f1tenth_ws/install/key_teleop:/home/nvidia/f1tenth_ws/install/f1tenth_gym_ros:/opt/ros/galactic /usr/bin/cmake --build /home/nvidia/f1tenth_ws/build/pure_pursuit -- -j6 -l6
[78.360s] Invoking command in '/home/nvidia/f1tenth_ws/build/pure_pursuit': CMAKE_PREFIX_PATH=${CMAKE_PREFIX_PATH}:/home/nvidia/f1tenth_ws/install/f1tenth_stack:/home/nvidia/f1tenth_ws/install/joy_teleop:/home/nvidia/f1tenth_ws/install/particle_filter:/home/nvidia/f1tenth_ws/install/mouse_teleop:/home/nvidia/f1tenth_ws/install/key_teleop:/home/nvidia/f1tenth_ws/install/f1tenth_gym_ros:/opt/ros/galactic /usr/bin/cmake --install /home/nvidia/f1tenth_ws/build/pure_pursuit
[78.417s] -- Install configuration: ""
[78.418s] -- Installing: /home/nvidia/f1tenth_ws/install/pure_pursuit/lib/pure_pursuit/pure_pursuit_node
[78.474s] -- Set runtime path of "/home/nvidia/f1tenth_ws/install/pure_pursuit/lib/pure_pursuit/pure_pursuit_node" to ""
[78.475s] -- Installing: /home/nvidia/f1tenth_ws/install/pure_pursuit/share/pure_pursuit/environment/pythonpath.sh
[78.476s] -- Installing: /home/nvidia/f1tenth_ws/install/pure_pursuit/share/pure_pursuit/environment/pythonpath.dsv
[78.478s] -- Installing: /home/nvidia/f1tenth_ws/install/pure_pursuit/lib/python3.8/site-packages//pure_pursuit.egg-info
[78.478s] -- Installing: /home/nvidia/f1tenth_ws/install/pure_pursuit/lib/python3.8/site-packages//pure_pursuit.egg-info/PKG-INFO
[78.479s] -- Installing: /home/nvidia/f1tenth_ws/install/pure_pursuit/lib/python3.8/site-packages//pure_pursuit.egg-info/SOURCES.txt
[78.480s] -- Installing: /home/nvidia/f1tenth_ws/install/pure_pursuit/lib/python3.8/site-packages//pure_pursuit.egg-info/top_level.txt
[78.481s] -- Installing: /home/nvidia/f1tenth_ws/install/pure_pursuit/lib/python3.8/site-packages//pure_pursuit.egg-info/dependency_links.txt
[78.482s] -- Installing: /home/nvidia/f1tenth_ws/install/pure_pursuit/lib/python3.8/site-packages/pure_pursuit
[78.483s] -- Installing: /home/nvidia/f1tenth_ws/install/pure_pursuit/lib/python3.8/site-packages/pure_pursuit/__init__.py
[78.672s] Listing '/home/nvidia/f1tenth_ws/install/pure_pursuit/lib/python3.8/site-packages/pure_pursuit'...
[78.672s] Compiling '/home/nvidia/f1tenth_ws/install/pure_pursuit/lib/python3.8/site-packages/pure_pursuit/__init__.py'...
[78.689s] -- Installing: /home/nvidia/f1tenth_ws/install/pure_pursuit/lib/pure_pursuit/pure_pursuit_node.py
[78.691s] -- Installing: /home/nvidia/f1tenth_ws/install/pure_pursuit/lib/pure_pursuit/clickpoint_logger.py
[78.692s] -- Installing: /home/nvidia/f1tenth_ws/install/pure_pursuit/lib/pure_pursuit/waypoint_logger.py
[78.694s] -- Installing: /home/nvidia/f1tenth_ws/install/pure_pursuit/share/ament_index/resource_index/package_run_dependencies/pure_pursuit
[78.695s] -- Installing: /home/nvidia/f1tenth_ws/install/pure_pursuit/share/ament_index/resource_index/parent_prefix_path/pure_pursuit
[78.696s] -- Installing: /home/nvidia/f1tenth_ws/install/pure_pursuit/share/pure_pursuit/environment/ament_prefix_path.sh
[78.698s] -- Installing: /home/nvidia/f1tenth_ws/install/pure_pursuit/share/pure_pursuit/environment/ament_prefix_path.dsv
[78.699s] -- Installing: /home/nvidia/f1tenth_ws/install/pure_pursuit/share/pure_pursuit/environment/path.sh
[78.700s] -- Installing: /home/nvidia/f1tenth_ws/install/pure_pursuit/share/pure_pursuit/environment/path.dsv
[78.701s] -- Installing: /home/nvidia/f1tenth_ws/install/pure_pursuit/share/pure_pursuit/local_setup.bash
[78.702s] -- Installing: /home/nvidia/f1tenth_ws/install/pure_pursuit/share/pure_pursuit/local_setup.sh
[78.703s] -- Installing: /home/nvidia/f1tenth_ws/install/pure_pursuit/share/pure_pursuit/local_setup.zsh
[78.704s] -- Installing: /home/nvidia/f1tenth_ws/install/pure_pursuit/share/pure_pursuit/local_setup.dsv
[78.705s] -- Installing: /home/nvidia/f1tenth_ws/install/pure_pursuit/share/pure_pursuit/package.dsv
[78.706s] -- Installing: /home/nvidia/f1tenth_ws/install/pure_pursuit/share/ament_index/resource_index/packages/pure_pursuit
[78.708s] -- Installing: /home/nvidia/f1tenth_ws/install/pure_pursuit/share/pure_pursuit/cmake/pure_pursuitConfig.cmake
[78.708s] -- Installing: /home/nvidia/f1tenth_ws/install/pure_pursuit/share/pure_pursuit/cmake/pure_pursuitConfig-version.cmake
[78.709s] -- Installing: /home/nvidia/f1tenth_ws/install/pure_pursuit/share/pure_pursuit/package.xml
[78.732s] Invoked command in '/home/nvidia/f1tenth_ws/build/pure_pursuit' returned '0': CMAKE_PREFIX_PATH=${CMAKE_PREFIX_PATH}:/home/nvidia/f1tenth_ws/install/f1tenth_stack:/home/nvidia/f1tenth_ws/install/joy_teleop:/home/nvidia/f1tenth_ws/install/particle_filter:/home/nvidia/f1tenth_ws/install/mouse_teleop:/home/nvidia/f1tenth_ws/install/key_teleop:/home/nvidia/f1tenth_ws/install/f1tenth_gym_ros:/opt/ros/galactic /usr/bin/cmake --install /home/nvidia/f1tenth_ws/build/pure_pursuit
