[0.523s] Invoking command in '/home/nvidia/f1tenth_ws/build/ackermann_mux': CMAKE_PREFIX_PATH=/opt/ros/galactic /usr/bin/cmake /home/nvidia/f1tenth_ws/src/f1tenth_system/ackermann_mux -DCMAKE_INSTALL_PREFIX=/home/nvidia/f1tenth_ws/install/ackermann_mux
[6.395s] -- Found ament_cmake: 1.1.6 (/opt/ros/galactic/share/ament_cmake/cmake)
[6.396s] -- Found PythonInterp: /usr/bin/python3 (found suitable version "3.8.10", minimum required is "3") 
[6.396s] -- Using PYTHON_EXECUTABLE: /usr/bin/python3
[6.396s] -- Found rclcpp: 9.2.2 (/opt/ros/galactic/share/rclcpp/cmake)
[6.397s] -- Using all available rosidl_typesupport_c: rosidl_typesupport_fastrtps_c;rosidl_typesupport_introspection_c
[6.397s] -- Found rosidl_adapter: 2.2.3 (/opt/ros/galactic/share/rosidl_adapter/cmake)
[6.398s] -- Found OpenSSL: /usr/lib/aarch64-linux-gnu/libcrypto.so (found version "1.1.1f")  
[6.398s] -- Found FastRTPS: /opt/ros/galactic/include  
[6.399s] -- Using all available rosidl_typesupport_cpp: rosidl_typesupport_fastrtps_cpp;rosidl_typesupport_introspection_cpp
[6.399s] -- Found rmw_implementation_cmake: 3.3.1 (/opt/ros/galactic/share/rmw_implementation_cmake/cmake)
[6.399s] -- Found rmw_cyclonedds_cpp: 0.22.6 (/opt/ros/galactic/share/rmw_cyclonedds_cpp/cmake)
[6.400s] -- Using RMW implementation 'rmw_cyclonedds_cpp' as default
[6.400s] -- Looking for pthread.h
[6.401s] -- Looking for pthread.h - found
[6.401s] -- Performing Test CMAKE_HAVE_LIBC_PTHREAD
[6.401s] -- Performing Test CMAKE_HAVE_LIBC_PTHREAD - Failed
[6.402s] -- Looking for pthread_create in pthreads
[6.402s] -- Looking for pthread_create in pthreads - not found
[6.403s] -- Looking for pthread_create in pthread
[6.452s] -- Looking for pthread_create in pthread - found
[6.460s] -- Found Threads: TRUE  
[7.447s] -- Found ackermann_msgs: 2.0.2 (/opt/ros/galactic/share/ackermann_msgs/cmake)
[7.709s] -- Found diagnostic_updater: 2.1.3 (/opt/ros/galactic/share/diagnostic_updater/cmake)
[8.317s] -- Found ament_lint_auto: 0.10.7 (/opt/ros/galactic/share/ament_lint_auto/cmake)
[9.133s] -- Found python_cmake_module: 0.8.1 (/opt/ros/galactic/share/python_cmake_module/cmake)
[9.346s] -- Found PythonInterp: /usr/bin/python3 (found suitable version "3.8.10", minimum required is "3.5") 
[9.394s] -- Found PythonLibs: /usr/lib/aarch64-linux-gnu/libpython3.8.so (found suitable version "3.8.10", minimum required is "3.5") 
[9.396s] -- Using PYTHON_EXECUTABLE: /usr/bin/python3
[9.397s] -- Using PYTHON_INCLUDE_DIRS: /usr/include/python3.8
[9.399s] -- Using PYTHON_LIBRARIES: /usr/lib/aarch64-linux-gnu/libpython3.8.so
[9.636s] -- Found PythonExtra: .so  
[9.829s] -- Added test 'xmllint' to check XML markup files
[9.845s] -- Added test 'copyright' to check source files copyright and LICENSE
[9.898s] -- Added test 'cppcheck' to perform static code analysis on C / C++ code
[9.900s] -- Configured cppcheck include dirs: /home/nvidia/f1tenth_ws/src/f1tenth_system/ackermann_mux/include
[9.910s] -- Configured cppcheck exclude dirs and/or files: 
[9.968s] -- Added test 'cpplint' to check C / C++ code against the Google style
[9.969s] -- Configured cpplint exclude dirs and/or files: 
[9.984s] -- Added test 'flake8' to check Python code syntax and style conventions
[10.006s] -- Added test 'lint_cmake' to check CMake code style
[10.030s] -- Added test 'pep257' to check Python code against some of the style conventions in PEP 257
[10.105s] -- Added test 'uncrustify' to check C / C++ code style
[10.106s] -- Configured uncrustify additional arguments: 
[10.194s] -- Configuring done
[10.404s] -- Generating done
[10.424s] -- Build files have been written to: /home/nvidia/f1tenth_ws/build/ackermann_mux
[10.494s] Invoked command in '/home/nvidia/f1tenth_ws/build/ackermann_mux' returned '0': CMAKE_PREFIX_PATH=/opt/ros/galactic /usr/bin/cmake /home/nvidia/f1tenth_ws/src/f1tenth_system/ackermann_mux -DCMAKE_INSTALL_PREFIX=/home/nvidia/f1tenth_ws/install/ackermann_mux
[10.499s] Invoking command in '/home/nvidia/f1tenth_ws/build/ackermann_mux': CMAKE_PREFIX_PATH=/opt/ros/galactic /usr/bin/cmake --build /home/nvidia/f1tenth_ws/build/ackermann_mux -- -j6 -l6
[10.952s] -- Found ament_cmake: 1.1.6 (/opt/ros/galactic/share/ament_cmake/cmake)
[11.137s] -- Found PythonInterp: /usr/bin/python3 (found suitable version "3.8.10", minimum required is "3") 
[11.138s] -- Using PYTHON_EXECUTABLE: /usr/bin/python3
[11.842s] -- Found rclcpp: 9.2.2 (/opt/ros/galactic/share/rclcpp/cmake)
[12.246s] -- Using all available rosidl_typesupport_c: rosidl_typesupport_fastrtps_c;rosidl_typesupport_introspection_c
[12.306s] -- Found rosidl_adapter: 2.2.3 (/opt/ros/galactic/share/rosidl_adapter/cmake)
[13.502s] -- Using all available rosidl_typesupport_cpp: rosidl_typesupport_fastrtps_cpp;rosidl_typesupport_introspection_cpp
[14.144s] -- Found rmw_implementation_cmake: 3.3.1 (/opt/ros/galactic/share/rmw_implementation_cmake/cmake)
[14.163s] -- Found rmw_cyclonedds_cpp: 0.22.6 (/opt/ros/galactic/share/rmw_cyclonedds_cpp/cmake)
[14.304s] -- Using RMW implementation 'rmw_cyclonedds_cpp' as default
[15.646s] -- Found ackermann_msgs: 2.0.2 (/opt/ros/galactic/share/ackermann_msgs/cmake)
[15.886s] -- Found diagnostic_updater: 2.1.3 (/opt/ros/galactic/share/diagnostic_updater/cmake)
[16.462s] -- Found ament_lint_auto: 0.10.7 (/opt/ros/galactic/share/ament_lint_auto/cmake)
[17.165s] -- Found python_cmake_module: 0.8.1 (/opt/ros/galactic/share/python_cmake_module/cmake)
[17.348s] -- Found PythonInterp: /usr/bin/python3 (found suitable version "3.8.10", minimum required is "3.5") 
[17.366s] -- Using PYTHON_EXECUTABLE: /usr/bin/python3
[17.367s] -- Using PYTHON_INCLUDE_DIRS: /usr/include/python3.8
[17.367s] -- Using PYTHON_LIBRARIES: /usr/lib/aarch64-linux-gnu/libpython3.8.so
[17.468s] -- Added test 'xmllint' to check XML markup files
[17.470s] -- Added test 'copyright' to check source files copyright and LICENSE
[17.496s] -- Added test 'cppcheck' to perform static code analysis on C / C++ code
[17.498s] -- Configured cppcheck include dirs: /home/nvidia/f1tenth_ws/src/f1tenth_system/ackermann_mux/include
[17.499s] -- Configured cppcheck exclude dirs and/or files: 
[17.515s] -- Added test 'cpplint' to check C / C++ code against the Google style
[17.516s] -- Configured cpplint exclude dirs and/or files: 
[17.524s] -- Added test 'flake8' to check Python code syntax and style conventions
[17.531s] -- Added test 'lint_cmake' to check CMake code style
[17.536s] -- Added test 'pep257' to check Python code against some of the style conventions in PEP 257
[17.578s] -- Added test 'uncrustify' to check C / C++ code style
[17.579s] -- Configured uncrustify additional arguments: 
[17.635s] -- Configuring done
[17.816s] -- Generating done
[17.828s] -- Build files have been written to: /home/nvidia/f1tenth_ws/build/ackermann_mux
[18.217s] [35m[1mScanning dependencies of target ackermann_mux[0m
[19.171s] make[2]: Warning: File '/home/nvidia/f1tenth_ws/src/f1tenth_system/ackermann_mux/src/ackermann_mux.cpp' has modification time 15457606 s in the future
[19.421s] [ 25%] [32mBuilding CXX object CMakeFiles/ackermann_mux.dir/src/ackermann_mux_diagnostics.cpp.o[0m
[19.464s] [ 50%] [32mBuilding CXX object CMakeFiles/ackermann_mux.dir/src/ackermann_mux.cpp.o[0m
[19.544s] [ 75%] [32mBuilding CXX object CMakeFiles/ackermann_mux.dir/src/ackermann_mux_node.cpp.o[0m
[106.804s] [100%] [32m[1mLinking CXX executable ackermann_mux[0m
[109.932s] make[2]: warning:  Clock skew detected.  Your build may be incomplete.
[110.028s] [100%] Built target ackermann_mux
[110.124s] Invoked command in '/home/nvidia/f1tenth_ws/build/ackermann_mux' returned '0': CMAKE_PREFIX_PATH=/opt/ros/galactic /usr/bin/cmake --build /home/nvidia/f1tenth_ws/build/ackermann_mux -- -j6 -l6
[110.406s] Invoking command in '/home/nvidia/f1tenth_ws/build/ackermann_mux': CMAKE_PREFIX_PATH=/opt/ros/galactic /usr/bin/cmake --install /home/nvidia/f1tenth_ws/build/ackermann_mux
[110.520s] -- Install configuration: ""
[110.522s] -- Installing: /home/nvidia/f1tenth_ws/install/ackermann_mux/lib/ackermann_mux/ackermann_mux
[110.606s] -- Set runtime path of "/home/nvidia/f1tenth_ws/install/ackermann_mux/lib/ackermann_mux/ackermann_mux" to ""
[110.618s] -- Installing: /home/nvidia/f1tenth_ws/install/ackermann_mux/share/ackermann_mux/launch
[110.624s] -- Installing: /home/nvidia/f1tenth_ws/install/ackermann_mux/share/ackermann_mux/launch/ackermann_mux_launch.py
[110.627s] -- Installing: /home/nvidia/f1tenth_ws/install/ackermann_mux/share/ackermann_mux/config
[110.627s] -- Installing: /home/nvidia/f1tenth_ws/install/ackermann_mux/share/ackermann_mux/config/ackermann_mux_locks.yaml
[110.633s] -- Installing: /home/nvidia/f1tenth_ws/install/ackermann_mux/share/ackermann_mux/config/ackermann_mux_topics.yaml
[110.634s] -- Installing: /home/nvidia/f1tenth_ws/install/ackermann_mux/share/ackermann_mux/config/joystick.yaml
[110.634s] -- Installing: /home/nvidia/f1tenth_ws/install/ackermann_mux/include
[110.635s] -- Installing: /home/nvidia/f1tenth_ws/install/ackermann_mux/include/ackermann_mux
[110.635s] -- Installing: /home/nvidia/f1tenth_ws/install/ackermann_mux/include/ackermann_mux/ackermann_mux_diagnostics_status.hpp
[110.637s] -- Installing: /home/nvidia/f1tenth_ws/install/ackermann_mux/include/ackermann_mux/params_helpers.hpp
[110.638s] -- Installing: /home/nvidia/f1tenth_ws/install/ackermann_mux/include/ackermann_mux/ackermann_mux_diagnostics.hpp
[110.640s] -- Installing: /home/nvidia/f1tenth_ws/install/ackermann_mux/include/ackermann_mux/topic_handle.hpp
[110.641s] -- Installing: /home/nvidia/f1tenth_ws/install/ackermann_mux/include/ackermann_mux/utils.hpp
[110.642s] -- Installing: /home/nvidia/f1tenth_ws/install/ackermann_mux/include/ackermann_mux/ackermann_mux.hpp
[110.644s] -- Installing: /home/nvidia/f1tenth_ws/install/ackermann_mux/share/ament_index/resource_index/package_run_dependencies/ackermann_mux
[110.647s] -- Installing: /home/nvidia/f1tenth_ws/install/ackermann_mux/share/ament_index/resource_index/parent_prefix_path/ackermann_mux
[110.648s] -- Installing: /home/nvidia/f1tenth_ws/install/ackermann_mux/share/ackermann_mux/environment/ament_prefix_path.sh
[110.649s] -- Installing: /home/nvidia/f1tenth_ws/install/ackermann_mux/share/ackermann_mux/environment/ament_prefix_path.dsv
[110.651s] -- Installing: /home/nvidia/f1tenth_ws/install/ackermann_mux/share/ackermann_mux/environment/path.sh
[110.652s] -- Installing: /home/nvidia/f1tenth_ws/install/ackermann_mux/share/ackermann_mux/environment/path.dsv
[110.654s] -- Installing: /home/nvidia/f1tenth_ws/install/ackermann_mux/share/ackermann_mux/local_setup.bash
[110.655s] -- Installing: /home/nvidia/f1tenth_ws/install/ackermann_mux/share/ackermann_mux/local_setup.sh
[110.663s] -- Installing: /home/nvidia/f1tenth_ws/install/ackermann_mux/share/ackermann_mux/local_setup.zsh
[110.664s] -- Installing: /home/nvidia/f1tenth_ws/install/ackermann_mux/share/ackermann_mux/local_setup.dsv
[110.665s] -- Installing: /home/nvidia/f1tenth_ws/install/ackermann_mux/share/ackermann_mux/package.dsv
[110.667s] -- Installing: /home/nvidia/f1tenth_ws/install/ackermann_mux/share/ament_index/resource_index/packages/ackermann_mux
[110.669s] -- Installing: /home/nvidia/f1tenth_ws/install/ackermann_mux/share/ackermann_mux/cmake/ament_cmake_export_include_directories-extras.cmake
[110.672s] -- Installing: /home/nvidia/f1tenth_ws/install/ackermann_mux/share/ackermann_mux/cmake/ament_cmake_export_dependencies-extras.cmake
[110.677s] -- Installing: /home/nvidia/f1tenth_ws/install/ackermann_mux/share/ackermann_mux/cmake/ackermann_muxConfig.cmake
[110.677s] -- Installing: /home/nvidia/f1tenth_ws/install/ackermann_mux/share/ackermann_mux/cmake/ackermann_muxConfig-version.cmake
[110.679s] -- Installing: /home/nvidia/f1tenth_ws/install/ackermann_mux/share/ackermann_mux/package.xml
[110.708s] Invoked command in '/home/nvidia/f1tenth_ws/build/ackermann_mux' returned '0': CMAKE_PREFIX_PATH=/opt/ros/galactic /usr/bin/cmake --install /home/nvidia/f1tenth_ws/build/ackermann_mux
