[0.145s] Invoking command in '/home/nvidia/f1tenth_ws/build/vesc_ackermann': AMENT_PREFIX_PATH=/home/nvidia/f1tenth_ws/install/vesc_msgs:${AMENT_PREFIX_PATH} CMAKE_PREFIX_PATH=/home/nvidia/f1tenth_ws/install/vesc_msgs:/home/nvidia/f1tenth_ws/install/teleop_tools_msgs:/home/nvidia/f1tenth_ws/install/joy_teleop:/home/nvidia/f1tenth_ws/install/particle_filter:/home/nvidia/f1tenth_ws/install/mouse_teleop:/home/nvidia/f1tenth_ws/install/key_teleop:/opt/ros/galactic LD_LIBRARY_PATH=/home/nvidia/f1tenth_ws/install/vesc_msgs/lib:/home/nvidia/f1tenth_ws/install/teleop_tools_msgs/lib:/opt/ros/galactic/opt/yaml_cpp_vendor/lib:/opt/ros/galactic/opt/rviz_ogre_vendor/lib:/opt/ros/galactic/lib/aarch64-linux-gnu:/opt/ros/galactic/lib:/usr/local/cuda-11.4/lib64 PYTHONPATH=/home/nvidia/f1tenth_ws/install/vesc_msgs/lib/python3.8/site-packages:${PYTHONPATH} /usr/bin/cmake /home/nvidia/f1tenth_ws/src/f1tenth_system/vesc/vesc_ackermann -DCMAKE_INSTALL_PREFIX=/home/nvidia/f1tenth_ws/install/vesc_ackermann
[0.605s] -- The C compiler identification is GNU 9.4.0
[1.041s] -- The CXX compiler identification is GNU 9.4.0
[1.068s] -- Check for working C compiler: /usr/bin/cc
[1.558s] -- Check for working C compiler: /usr/bin/cc -- works
[1.565s] -- Detecting C compiler ABI info
[2.021s] -- Detecting C compiler ABI info - done
[2.079s] -- Detecting C compile features
[2.081s] -- Detecting C compile features - done
[2.094s] -- Check for working CXX compiler: /usr/bin/c++
[2.619s] -- Check for working CXX compiler: /usr/bin/c++ -- works
[2.632s] -- Detecting CXX compiler ABI info
[3.170s] -- Detecting CXX compiler ABI info - done
[3.230s] -- Detecting CXX compile features
[3.233s] -- Detecting CXX compile features - done
[3.250s] -- Found ament_cmake_auto: 1.1.6 (/opt/ros/galactic/share/ament_cmake_auto/cmake)
[3.445s] -- Found PythonInterp: /usr/bin/python3 (found suitable version "3.8.10", minimum required is "3") 
[3.446s] -- Using PYTHON_EXECUTABLE: /usr/bin/python3
[4.543s] -- Using all available rosidl_typesupport_c: rosidl_typesupport_fastrtps_c;rosidl_typesupport_introspection_c
[4.593s] -- Found rosidl_adapter: 2.2.3 (/opt/ros/galactic/share/rosidl_adapter/cmake)
[5.203s] -- Found OpenSSL: /usr/lib/aarch64-linux-gnu/libcrypto.so (found version "1.1.1f")  
[5.384s] -- Found FastRTPS: /opt/ros/galactic/include  
[5.890s] -- Using all available rosidl_typesupport_cpp: rosidl_typesupport_fastrtps_cpp;rosidl_typesupport_introspection_cpp
[7.167s] -- Found rmw_implementation_cmake: 3.3.1 (/opt/ros/galactic/share/rmw_implementation_cmake/cmake)
[7.189s] -- Found rmw_cyclonedds_cpp: 0.22.6 (/opt/ros/galactic/share/rmw_cyclonedds_cpp/cmake)
[7.299s] -- Using RMW implementation 'rmw_cyclonedds_cpp' as default
[7.304s] -- Looking for pthread.h
[7.803s] -- Looking for pthread.h - found
[7.805s] -- Performing Test CMAKE_HAVE_LIBC_PTHREAD
[8.323s] -- Performing Test CMAKE_HAVE_LIBC_PTHREAD - Failed
[8.327s] -- Looking for pthread_create in pthreads
[8.739s] -- Looking for pthread_create in pthreads - not found
[8.740s] -- Looking for pthread_create in pthread
[9.213s] -- Looking for pthread_create in pthread - found
[9.223s] -- Found Threads: TRUE  
[12.008s] -- Found ament_lint_auto: 0.10.7 (/opt/ros/galactic/share/ament_lint_auto/cmake)
[12.160s] -- Added test 'copyright' to check source files copyright and LICENSE
[12.171s] -- Added test 'cppcheck' to perform static code analysis on C / C++ code
[12.173s] -- Configured cppcheck include dirs: /home/nvidia/f1tenth_ws/src/f1tenth_system/vesc/vesc_ackermann/include
[12.174s] -- Configured cppcheck exclude dirs and/or files: 
[12.180s] -- Added test 'cpplint' to check C / C++ code against the Google style
[12.181s] -- Configured cpplint exclude dirs and/or files: 
[12.186s] -- Added test 'lint_cmake' to check CMake code style
[12.195s] -- Added test 'uncrustify' to check C / C++ code style
[12.196s] -- Configured uncrustify additional arguments: 
[12.199s] -- Added test 'xmllint' to check XML markup files
[12.244s] -- Configuring done
[12.397s] -- Generating done
[12.409s] -- Build files have been written to: /home/nvidia/f1tenth_ws/build/vesc_ackermann
[12.454s] Invoked command in '/home/nvidia/f1tenth_ws/build/vesc_ackermann' returned '0': AMENT_PREFIX_PATH=/home/nvidia/f1tenth_ws/install/vesc_msgs:${AMENT_PREFIX_PATH} CMAKE_PREFIX_PATH=/home/nvidia/f1tenth_ws/install/vesc_msgs:/home/nvidia/f1tenth_ws/install/teleop_tools_msgs:/home/nvidia/f1tenth_ws/install/joy_teleop:/home/nvidia/f1tenth_ws/install/particle_filter:/home/nvidia/f1tenth_ws/install/mouse_teleop:/home/nvidia/f1tenth_ws/install/key_teleop:/opt/ros/galactic LD_LIBRARY_PATH=/home/nvidia/f1tenth_ws/install/vesc_msgs/lib:/home/nvidia/f1tenth_ws/install/teleop_tools_msgs/lib:/opt/ros/galactic/opt/yaml_cpp_vendor/lib:/opt/ros/galactic/opt/rviz_ogre_vendor/lib:/opt/ros/galactic/lib/aarch64-linux-gnu:/opt/ros/galactic/lib:/usr/local/cuda-11.4/lib64 PYTHONPATH=/home/nvidia/f1tenth_ws/install/vesc_msgs/lib/python3.8/site-packages:${PYTHONPATH} /usr/bin/cmake /home/nvidia/f1tenth_ws/src/f1tenth_system/vesc/vesc_ackermann -DCMAKE_INSTALL_PREFIX=/home/nvidia/f1tenth_ws/install/vesc_ackermann
[12.484s] Invoking command in '/home/nvidia/f1tenth_ws/build/vesc_ackermann': AMENT_PREFIX_PATH=/home/nvidia/f1tenth_ws/install/vesc_msgs:${AMENT_PREFIX_PATH} CMAKE_PREFIX_PATH=/home/nvidia/f1tenth_ws/install/vesc_msgs:/home/nvidia/f1tenth_ws/install/teleop_tools_msgs:/home/nvidia/f1tenth_ws/install/joy_teleop:/home/nvidia/f1tenth_ws/install/particle_filter:/home/nvidia/f1tenth_ws/install/mouse_teleop:/home/nvidia/f1tenth_ws/install/key_teleop:/opt/ros/galactic LD_LIBRARY_PATH=/home/nvidia/f1tenth_ws/install/vesc_msgs/lib:/home/nvidia/f1tenth_ws/install/teleop_tools_msgs/lib:/opt/ros/galactic/opt/yaml_cpp_vendor/lib:/opt/ros/galactic/opt/rviz_ogre_vendor/lib:/opt/ros/galactic/lib/aarch64-linux-gnu:/opt/ros/galactic/lib:/usr/local/cuda-11.4/lib64 PYTHONPATH=/home/nvidia/f1tenth_ws/install/vesc_msgs/lib/python3.8/site-packages:${PYTHONPATH} /usr/bin/cmake --build /home/nvidia/f1tenth_ws/build/vesc_ackermann -- -j6 -l6
[12.642s] -- Found ament_cmake_auto: 1.1.6 (/opt/ros/galactic/share/ament_cmake_auto/cmake)
[12.785s] -- Using PYTHON_EXECUTABLE: /usr/bin/python3
[13.669s] -- Using all available rosidl_typesupport_c: rosidl_typesupport_fastrtps_c;rosidl_typesupport_introspection_c
[13.692s] -- Found rosidl_adapter: 2.2.3 (/opt/ros/galactic/share/rosidl_adapter/cmake)
[14.462s] -- Using all available rosidl_typesupport_cpp: rosidl_typesupport_fastrtps_cpp;rosidl_typesupport_introspection_cpp
[15.589s] -- Found rmw_implementation_cmake: 3.3.1 (/opt/ros/galactic/share/rmw_implementation_cmake/cmake)
[15.602s] -- Found rmw_cyclonedds_cpp: 0.22.6 (/opt/ros/galactic/share/rmw_cyclonedds_cpp/cmake)
[15.700s] -- Using RMW implementation 'rmw_cyclonedds_cpp' as default
[18.271s] -- Found ament_lint_auto: 0.10.7 (/opt/ros/galactic/share/ament_lint_auto/cmake)
[18.329s] -- Added test 'copyright' to check source files copyright and LICENSE
[18.338s] -- Added test 'cppcheck' to perform static code analysis on C / C++ code
[18.340s] -- Configured cppcheck include dirs: /home/nvidia/f1tenth_ws/src/f1tenth_system/vesc/vesc_ackermann/include
[18.340s] -- Configured cppcheck exclude dirs and/or files: 
[18.347s] -- Added test 'cpplint' to check C / C++ code against the Google style
[18.353s] -- Configured cpplint exclude dirs and/or files: 
[18.354s] -- Added test 'lint_cmake' to check CMake code style
[18.361s] -- Added test 'uncrustify' to check C / C++ code style
[18.361s] -- Configured uncrustify additional arguments: 
[18.362s] -- Added test 'xmllint' to check XML markup files
[18.396s] -- Configuring done
[18.540s] -- Generating done
[18.554s] -- Build files have been written to: /home/nvidia/f1tenth_ws/build/vesc_ackermann
[18.705s] [35m[1mScanning dependencies of target ackermann_to_vesc_node[0m
[18.711s] [35m[1mScanning dependencies of target vesc_to_odom_node[0m
[18.716s] [35m[1mScanning dependencies of target vesc_ackermann[0m
[19.011s] [ 14%] [32mBuilding CXX object CMakeFiles/ackermann_to_vesc_node.dir/rclcpp_components/node_main_ackermann_to_vesc_node.cpp.o[0m
[19.024s] make[2]: Warning: File '/home/nvidia/f1tenth_ws/src/f1tenth_system/vesc/vesc_ackermann/src/ackermann_to_vesc.cpp' has modification time 15452948 s in the future
[19.059s] [ 28%] [32mBuilding CXX object CMakeFiles/vesc_to_odom_node.dir/rclcpp_components/node_main_vesc_to_odom_node.cpp.o[0m
[19.118s] [ 42%] [32mBuilding CXX object CMakeFiles/vesc_ackermann.dir/src/ackermann_to_vesc.cpp.o[0m
[19.139s] [ 57%] [32mBuilding CXX object CMakeFiles/vesc_ackermann.dir/src/vesc_to_odom.cpp.o[0m
[29.385s] [01m[K/home/nvidia/f1tenth_ws/src/f1tenth_system/vesc/vesc_ackermann/src/ackermann_to_vesc.cpp:[m[K In constructor ‘[01m[Kvesc_ackermann::AckermannToVesc::AckermannToVesc(const rclcpp::NodeOptions&)[m[K’:
[29.387s] [01m[K/home/nvidia/f1tenth_ws/src/f1tenth_system/vesc/vesc_ackermann/src/ackermann_to_vesc.cpp:51:63:[m[K [01;35m[Kwarning: [m[K‘[01m[Kconst rclcpp::ParameterValue& rclcpp::Node::declare_parameter(const string&)[m[K’ is deprecated: declare_parameter() with only a name is deprecated and will be deleted in the future.\nIf you want to declare a parameter that won't change type without a default value use:\n`node->declare_parameter<ParameterT>(name)`, where e.g. ParameterT=int64_t.\n\nIf you want to declare a parameter that can dynamically change type use:\n```\nrcl_interfaces::msg::ParameterDescriptor descriptor;\ndescriptor.dynamic_typing = true;\nnode->declare_parameter(name, rclcpp::ParameterValue{}, descriptor);\n``` [[01;35m[K-Wdeprecated-declarations[m[K]
[29.394s]    51 |   speed_to_erpm_gain_ = declare_parameter("speed_to_erpm_gain"[01;35m[K)[m[K.get<double>();
[29.396s]       |                                                               [01;35m[K^[m[K
[29.396s] In file included from [01m[K/opt/ros/galactic/include/rclcpp/executors/single_threaded_executor.hpp:28[m[K,
[29.405s]                  from [01m[K/opt/ros/galactic/include/rclcpp/executors.hpp:22[m[K,
[29.406s]                  from [01m[K/opt/ros/galactic/include/rclcpp/rclcpp.hpp:156[m[K,
[29.407s]                  from [01m[K/home/nvidia/f1tenth_ws/src/f1tenth_system/vesc/vesc_ackermann/include/vesc_ackermann/ackermann_to_vesc.hpp:35[m[K,
[29.407s]                  from [01m[K/home/nvidia/f1tenth_ws/src/f1tenth_system/vesc/vesc_ackermann/src/ackermann_to_vesc.cpp:31[m[K:
[29.408s] [01m[K/opt/ros/galactic/include/rclcpp/node.hpp:422:3:[m[K [01;36m[Knote: [m[Kdeclared here
[29.408s]   422 |   [01;36m[Kdeclare_parameter[m[K(const std::string & name);
[29.409s]       |   [01;36m[K^~~~~~~~~~~~~~~~~[m[K
[29.411s] [01m[K/home/nvidia/f1tenth_ws/src/f1tenth_system/vesc/vesc_ackermann/src/ackermann_to_vesc.cpp:52:67:[m[K [01;35m[Kwarning: [m[K‘[01m[Kconst rclcpp::ParameterValue& rclcpp::Node::declare_parameter(const string&)[m[K’ is deprecated: declare_parameter() with only a name is deprecated and will be deleted in the future.\nIf you want to declare a parameter that won't change type without a default value use:\n`node->declare_parameter<ParameterT>(name)`, where e.g. ParameterT=int64_t.\n\nIf you want to declare a parameter that can dynamically change type use:\n```\nrcl_interfaces::msg::ParameterDescriptor descriptor;\ndescriptor.dynamic_typing = true;\nnode->declare_parameter(name, rclcpp::ParameterValue{}, descriptor);\n``` [[01;35m[K-Wdeprecated-declarations[m[K]
[29.411s]    52 |   speed_to_erpm_offset_ = declare_parameter("speed_to_erpm_offset"[01;35m[K)[m[K.get<double>();
[29.412s]       |                                                                   [01;35m[K^[m[K
[29.412s] In file included from [01m[K/opt/ros/galactic/include/rclcpp/executors/single_threaded_executor.hpp:28[m[K,
[29.413s]                  from [01m[K/opt/ros/galactic/include/rclcpp/executors.hpp:22[m[K,
[29.413s]                  from [01m[K/opt/ros/galactic/include/rclcpp/rclcpp.hpp:156[m[K,
[29.414s]                  from [01m[K/home/nvidia/f1tenth_ws/src/f1tenth_system/vesc/vesc_ackermann/include/vesc_ackermann/ackermann_to_vesc.hpp:35[m[K,
[29.414s]                  from [01m[K/home/nvidia/f1tenth_ws/src/f1tenth_system/vesc/vesc_ackermann/src/ackermann_to_vesc.cpp:31[m[K:
[29.415s] [01m[K/opt/ros/galactic/include/rclcpp/node.hpp:422:3:[m[K [01;36m[Knote: [m[Kdeclared here
[29.416s]   422 |   [01;36m[Kdeclare_parameter[m[K(const std::string & name);
[29.416s]       |   [01;36m[K^~~~~~~~~~~~~~~~~[m[K
[29.417s] [01m[K/home/nvidia/f1tenth_ws/src/f1tenth_system/vesc/vesc_ackermann/src/ackermann_to_vesc.cpp:53:77:[m[K [01;35m[Kwarning: [m[K‘[01m[Kconst rclcpp::ParameterValue& rclcpp::Node::declare_parameter(const string&)[m[K’ is deprecated: declare_parameter() with only a name is deprecated and will be deleted in the future.\nIf you want to declare a parameter that won't change type without a default value use:\n`node->declare_parameter<ParameterT>(name)`, where e.g. ParameterT=int64_t.\n\nIf you want to declare a parameter that can dynamically change type use:\n```\nrcl_interfaces::msg::ParameterDescriptor descriptor;\ndescriptor.dynamic_typing = true;\nnode->declare_parameter(name, rclcpp::ParameterValue{}, descriptor);\n``` [[01;35m[K-Wdeprecated-declarations[m[K]
[29.417s]    53 |   steering_to_servo_gain_ = declare_parameter("steering_angle_to_servo_gain"[01;35m[K)[m[K.get<double>();
[29.418s]       |                                                                             [01;35m[K^[m[K
[29.418s] In file included from [01m[K/opt/ros/galactic/include/rclcpp/executors/single_threaded_executor.hpp:28[m[K,
[29.419s]                  from [01m[K/opt/ros/galactic/include/rclcpp/executors.hpp:22[m[K,
[29.419s]                  from [01m[K/opt/ros/galactic/include/rclcpp/rclcpp.hpp:156[m[K,
[29.420s]                  from [01m[K/home/nvidia/f1tenth_ws/src/f1tenth_system/vesc/vesc_ackermann/include/vesc_ackermann/ackermann_to_vesc.hpp:35[m[K,
[29.420s]                  from [01m[K/home/nvidia/f1tenth_ws/src/f1tenth_system/vesc/vesc_ackermann/src/ackermann_to_vesc.cpp:31[m[K:
[29.422s] [01m[K/opt/ros/galactic/include/rclcpp/node.hpp:422:3:[m[K [01;36m[Knote: [m[Kdeclared here
[29.423s]   422 |   [01;36m[Kdeclare_parameter[m[K(const std::string & name);
[29.423s]       |   [01;36m[K^~~~~~~~~~~~~~~~~[m[K
[29.424s] [01m[K/home/nvidia/f1tenth_ws/src/f1tenth_system/vesc/vesc_ackermann/src/ackermann_to_vesc.cpp:54:81:[m[K [01;35m[Kwarning: [m[K‘[01m[Kconst rclcpp::ParameterValue& rclcpp::Node::declare_parameter(const string&)[m[K’ is deprecated: declare_parameter() with only a name is deprecated and will be deleted in the future.\nIf you want to declare a parameter that won't change type without a default value use:\n`node->declare_parameter<ParameterT>(name)`, where e.g. ParameterT=int64_t.\n\nIf you want to declare a parameter that can dynamically change type use:\n```\nrcl_interfaces::msg::ParameterDescriptor descriptor;\ndescriptor.dynamic_typing = true;\nnode->declare_parameter(name, rclcpp::ParameterValue{}, descriptor);\n``` [[01;35m[K-Wdeprecated-declarations[m[K]
[29.424s]    54 |   steering_to_servo_offset_ = declare_parameter("steering_angle_to_servo_offset"[01;35m[K)[m[K.get<double>();
[29.424s]       |                                                                                 [01;35m[K^[m[K
[29.425s] In file included from [01m[K/opt/ros/galactic/include/rclcpp/executors/single_threaded_executor.hpp:28[m[K,
[29.425s]                  from [01m[K/opt/ros/galactic/include/rclcpp/executors.hpp:22[m[K,
[29.426s]                  from [01m[K/opt/ros/galactic/include/rclcpp/rclcpp.hpp:156[m[K,
[29.426s]                  from [01m[K/home/nvidia/f1tenth_ws/src/f1tenth_system/vesc/vesc_ackermann/include/vesc_ackermann/ackermann_to_vesc.hpp:35[m[K,
[29.432s]                  from [01m[K/home/nvidia/f1tenth_ws/src/f1tenth_system/vesc/vesc_ackermann/src/ackermann_to_vesc.cpp:31[m[K:
[29.436s] [01m[K/opt/ros/galactic/include/rclcpp/node.hpp:422:3:[m[K [01;36m[Knote: [m[Kdeclared here
[29.439s]   422 |   [01;36m[Kdeclare_parameter[m[K(const std::string & name);
[29.440s]       |   [01;36m[K^~~~~~~~~~~~~~~~~[m[K
[30.439s] [01m[K/home/nvidia/f1tenth_ws/src/f1tenth_system/vesc/vesc_ackermann/src/vesc_to_odom.cpp:[m[K In constructor ‘[01m[Kvesc_ackermann::VescToOdom::VescToOdom(const rclcpp::NodeOptions&)[m[K’:
[30.440s] [01m[K/home/nvidia/f1tenth_ws/src/f1tenth_system/vesc/vesc_ackermann/src/vesc_to_odom.cpp:63:63:[m[K [01;35m[Kwarning: [m[K‘[01m[Kconst rclcpp::ParameterValue& rclcpp::Node::declare_parameter(const string&)[m[K’ is deprecated: declare_parameter() with only a name is deprecated and will be deleted in the future.\nIf you want to declare a parameter that won't change type without a default value use:\n`node->declare_parameter<ParameterT>(name)`, where e.g. ParameterT=int64_t.\n\nIf you want to declare a parameter that can dynamically change type use:\n```\nrcl_interfaces::msg::ParameterDescriptor descriptor;\ndescriptor.dynamic_typing = true;\nnode->declare_parameter(name, rclcpp::ParameterValue{}, descriptor);\n``` [[01;35m[K-Wdeprecated-declarations[m[K]
[30.441s]    63 |   speed_to_erpm_gain_ = declare_parameter("speed_to_erpm_gain"[01;35m[K)[m[K.get<double>();
[30.441s]       |                                                               [01;35m[K^[m[K
[30.442s] In file included from [01m[K/opt/ros/galactic/include/rclcpp/executors/single_threaded_executor.hpp:28[m[K,
[30.444s]                  from [01m[K/opt/ros/galactic/include/rclcpp/executors.hpp:22[m[K,
[30.445s]                  from [01m[K/opt/ros/galactic/include/rclcpp/rclcpp.hpp:156[m[K,
[30.445s]                  from [01m[K/home/nvidia/f1tenth_ws/src/f1tenth_system/vesc/vesc_ackermann/include/vesc_ackermann/vesc_to_odom.hpp:35[m[K,
[30.446s]                  from [01m[K/home/nvidia/f1tenth_ws/src/f1tenth_system/vesc/vesc_ackermann/src/vesc_to_odom.cpp:31[m[K:
[30.455s] [01m[K/opt/ros/galactic/include/rclcpp/node.hpp:422:3:[m[K [01;36m[Knote: [m[Kdeclared here
[30.456s]   422 |   [01;36m[Kdeclare_parameter[m[K(const std::string & name);
[30.456s]       |   [01;36m[K^~~~~~~~~~~~~~~~~[m[K
[30.458s] [01m[K/home/nvidia/f1tenth_ws/src/f1tenth_system/vesc/vesc_ackermann/src/vesc_to_odom.cpp:64:67:[m[K [01;35m[Kwarning: [m[K‘[01m[Kconst rclcpp::ParameterValue& rclcpp::Node::declare_parameter(const string&)[m[K’ is deprecated: declare_parameter() with only a name is deprecated and will be deleted in the future.\nIf you want to declare a parameter that won't change type without a default value use:\n`node->declare_parameter<ParameterT>(name)`, where e.g. ParameterT=int64_t.\n\nIf you want to declare a parameter that can dynamically change type use:\n```\nrcl_interfaces::msg::ParameterDescriptor descriptor;\ndescriptor.dynamic_typing = true;\nnode->declare_parameter(name, rclcpp::ParameterValue{}, descriptor);\n``` [[01;35m[K-Wdeprecated-declarations[m[K]
[30.458s]    64 |   speed_to_erpm_offset_ = declare_parameter("speed_to_erpm_offset"[01;35m[K)[m[K.get<double>();
[30.459s]       |                                                                   [01;35m[K^[m[K
[30.459s] In file included from [01m[K/opt/ros/galactic/include/rclcpp/executors/single_threaded_executor.hpp:28[m[K,
[30.460s]                  from [01m[K/opt/ros/galactic/include/rclcpp/executors.hpp:22[m[K,
[30.460s]                  from [01m[K/opt/ros/galactic/include/rclcpp/rclcpp.hpp:156[m[K,
[30.461s]                  from [01m[K/home/nvidia/f1tenth_ws/src/f1tenth_system/vesc/vesc_ackermann/include/vesc_ackermann/vesc_to_odom.hpp:35[m[K,
[30.461s]                  from [01m[K/home/nvidia/f1tenth_ws/src/f1tenth_system/vesc/vesc_ackermann/src/vesc_to_odom.cpp:31[m[K:
[30.462s] [01m[K/opt/ros/galactic/include/rclcpp/node.hpp:422:3:[m[K [01;36m[Knote: [m[Kdeclared here
[30.462s]   422 |   [01;36m[Kdeclare_parameter[m[K(const std::string & name);
[30.462s]       |   [01;36m[K^~~~~~~~~~~~~~~~~[m[K
[30.463s] [01m[K/home/nvidia/f1tenth_ws/src/f1tenth_system/vesc/vesc_ackermann/src/vesc_to_odom.cpp:67:79:[m[K [01;35m[Kwarning: [m[K‘[01m[Kconst rclcpp::ParameterValue& rclcpp::Node::declare_parameter(const string&)[m[K’ is deprecated: declare_parameter() with only a name is deprecated and will be deleted in the future.\nIf you want to declare a parameter that won't change type without a default value use:\n`node->declare_parameter<ParameterT>(name)`, where e.g. ParameterT=int64_t.\n\nIf you want to declare a parameter that can dynamically change type use:\n```\nrcl_interfaces::msg::ParameterDescriptor descriptor;\ndescriptor.dynamic_typing = true;\nnode->declare_parameter(name, rclcpp::ParameterValue{}, descriptor);\n``` [[01;35m[K-Wdeprecated-declarations[m[K]
[30.464s]    67 |     steering_to_servo_gain_ = declare_parameter("steering_angle_to_servo_gain"[01;35m[K)[m[K.get<double>();
[30.464s]       |                                                                               [01;35m[K^[m[K
[30.464s] In file included from [01m[K/opt/ros/galactic/include/rclcpp/executors/single_threaded_executor.hpp:28[m[K,
[30.465s]                  from [01m[K/opt/ros/galactic/include/rclcpp/executors.hpp:22[m[K,
[30.471s]                  from [01m[K/opt/ros/galactic/include/rclcpp/rclcpp.hpp:156[m[K,
[30.472s]                  from [01m[K/home/nvidia/f1tenth_ws/src/f1tenth_system/vesc/vesc_ackermann/include/vesc_ackermann/vesc_to_odom.hpp:35[m[K,
[30.473s]                  from [01m[K/home/nvidia/f1tenth_ws/src/f1tenth_system/vesc/vesc_ackermann/src/vesc_to_odom.cpp:31[m[K:
[30.473s] [01m[K/opt/ros/galactic/include/rclcpp/node.hpp:422:3:[m[K [01;36m[Knote: [m[Kdeclared here
[30.474s]   422 |   [01;36m[Kdeclare_parameter[m[K(const std::string & name);
[30.474s]       |   [01;36m[K^~~~~~~~~~~~~~~~~[m[K
[30.475s] [01m[K/home/nvidia/f1tenth_ws/src/f1tenth_system/vesc/vesc_ackermann/src/vesc_to_odom.cpp:68:83:[m[K [01;35m[Kwarning: [m[K‘[01m[Kconst rclcpp::ParameterValue& rclcpp::Node::declare_parameter(const string&)[m[K’ is deprecated: declare_parameter() with only a name is deprecated and will be deleted in the future.\nIf you want to declare a parameter that won't change type without a default value use:\n`node->declare_parameter<ParameterT>(name)`, where e.g. ParameterT=int64_t.\n\nIf you want to declare a parameter that can dynamically change type use:\n```\nrcl_interfaces::msg::ParameterDescriptor descriptor;\ndescriptor.dynamic_typing = true;\nnode->declare_parameter(name, rclcpp::ParameterValue{}, descriptor);\n``` [[01;35m[K-Wdeprecated-declarations[m[K]
[30.475s]    68 |     steering_to_servo_offset_ = declare_parameter("steering_angle_to_servo_offset"[01;35m[K)[m[K.get<double>();
[30.476s]       |                                                                                   [01;35m[K^[m[K
[30.476s] In file included from [01m[K/opt/ros/galactic/include/rclcpp/executors/single_threaded_executor.hpp:28[m[K,
[30.477s]                  from [01m[K/opt/ros/galactic/include/rclcpp/executors.hpp:22[m[K,
[30.477s]                  from [01m[K/opt/ros/galactic/include/rclcpp/rclcpp.hpp:156[m[K,
[30.478s]                  from [01m[K/home/nvidia/f1tenth_ws/src/f1tenth_system/vesc/vesc_ackermann/include/vesc_ackermann/vesc_to_odom.hpp:35[m[K,
[30.478s]                  from [01m[K/home/nvidia/f1tenth_ws/src/f1tenth_system/vesc/vesc_ackermann/src/vesc_to_odom.cpp:31[m[K:
[30.478s] [01m[K/opt/ros/galactic/include/rclcpp/node.hpp:422:3:[m[K [01;36m[Knote: [m[Kdeclared here
[30.491s]   422 |   [01;36m[Kdeclare_parameter[m[K(const std::string & name);
[30.492s]       |   [01;36m[K^~~~~~~~~~~~~~~~~[m[K
[30.492s] [01m[K/home/nvidia/f1tenth_ws/src/f1tenth_system/vesc/vesc_ackermann/src/vesc_to_odom.cpp:69:47:[m[K [01;35m[Kwarning: [m[K‘[01m[Kconst rclcpp::ParameterValue& rclcpp::Node::declare_parameter(const string&)[m[K’ is deprecated: declare_parameter() with only a name is deprecated and will be deleted in the future.\nIf you want to declare a parameter that won't change type without a default value use:\n`node->declare_parameter<ParameterT>(name)`, where e.g. ParameterT=int64_t.\n\nIf you want to declare a parameter that can dynamically change type use:\n```\nrcl_interfaces::msg::ParameterDescriptor descriptor;\ndescriptor.dynamic_typing = true;\nnode->declare_parameter(name, rclcpp::ParameterValue{}, descriptor);\n``` [[01;35m[K-Wdeprecated-declarations[m[K]
[30.493s]    69 |     wheelbase_ = declare_parameter("wheelbase"[01;35m[K)[m[K.get<double>();
[30.493s]       |                                               [01;35m[K^[m[K
[30.494s] In file included from [01m[K/opt/ros/galactic/include/rclcpp/executors/single_threaded_executor.hpp:28[m[K,
[30.494s]                  from [01m[K/opt/ros/galactic/include/rclcpp/executors.hpp:22[m[K,
[30.495s]                  from [01m[K/opt/ros/galactic/include/rclcpp/rclcpp.hpp:156[m[K,
[30.495s]                  from [01m[K/home/nvidia/f1tenth_ws/src/f1tenth_system/vesc/vesc_ackermann/include/vesc_ackermann/vesc_to_odom.hpp:35[m[K,
[30.496s]                  from [01m[K/home/nvidia/f1tenth_ws/src/f1tenth_system/vesc/vesc_ackermann/src/vesc_to_odom.cpp:31[m[K:
[30.496s] [01m[K/opt/ros/galactic/include/rclcpp/node.hpp:422:3:[m[K [01;36m[Knote: [m[Kdeclared here
[30.497s]   422 |   [01;36m[Kdeclare_parameter[m[K(const std::string & name);
[30.497s]       |   [01;36m[K^~~~~~~~~~~~~~~~~[m[K
[35.878s] [ 71%] [32m[1mLinking CXX executable ackermann_to_vesc_node[0m
[36.668s] [ 71%] Built target ackermann_to_vesc_node
[36.745s] [ 85%] [32m[1mLinking CXX executable vesc_to_odom_node[0m
[37.439s] [ 85%] Built target vesc_to_odom_node
[71.100s] [100%] [32m[1mLinking CXX shared library libvesc_ackermann.so[0m
[74.792s] make[2]: warning:  Clock skew detected.  Your build may be incomplete.
[74.842s] [100%] Built target vesc_ackermann
[74.915s] Invoked command in '/home/nvidia/f1tenth_ws/build/vesc_ackermann' returned '0': AMENT_PREFIX_PATH=/home/nvidia/f1tenth_ws/install/vesc_msgs:${AMENT_PREFIX_PATH} CMAKE_PREFIX_PATH=/home/nvidia/f1tenth_ws/install/vesc_msgs:/home/nvidia/f1tenth_ws/install/teleop_tools_msgs:/home/nvidia/f1tenth_ws/install/joy_teleop:/home/nvidia/f1tenth_ws/install/particle_filter:/home/nvidia/f1tenth_ws/install/mouse_teleop:/home/nvidia/f1tenth_ws/install/key_teleop:/opt/ros/galactic LD_LIBRARY_PATH=/home/nvidia/f1tenth_ws/install/vesc_msgs/lib:/home/nvidia/f1tenth_ws/install/teleop_tools_msgs/lib:/opt/ros/galactic/opt/yaml_cpp_vendor/lib:/opt/ros/galactic/opt/rviz_ogre_vendor/lib:/opt/ros/galactic/lib/aarch64-linux-gnu:/opt/ros/galactic/lib:/usr/local/cuda-11.4/lib64 PYTHONPATH=/home/nvidia/f1tenth_ws/install/vesc_msgs/lib/python3.8/site-packages:${PYTHONPATH} /usr/bin/cmake --build /home/nvidia/f1tenth_ws/build/vesc_ackermann -- -j6 -l6
[75.251s] Invoking command in '/home/nvidia/f1tenth_ws/build/vesc_ackermann': AMENT_PREFIX_PATH=/home/nvidia/f1tenth_ws/install/vesc_msgs:${AMENT_PREFIX_PATH} CMAKE_PREFIX_PATH=/home/nvidia/f1tenth_ws/install/vesc_msgs:/home/nvidia/f1tenth_ws/install/teleop_tools_msgs:/home/nvidia/f1tenth_ws/install/joy_teleop:/home/nvidia/f1tenth_ws/install/particle_filter:/home/nvidia/f1tenth_ws/install/mouse_teleop:/home/nvidia/f1tenth_ws/install/key_teleop:/opt/ros/galactic LD_LIBRARY_PATH=/home/nvidia/f1tenth_ws/install/vesc_msgs/lib:/home/nvidia/f1tenth_ws/install/teleop_tools_msgs/lib:/opt/ros/galactic/opt/yaml_cpp_vendor/lib:/opt/ros/galactic/opt/rviz_ogre_vendor/lib:/opt/ros/galactic/lib/aarch64-linux-gnu:/opt/ros/galactic/lib:/usr/local/cuda-11.4/lib64 PYTHONPATH=/home/nvidia/f1tenth_ws/install/vesc_msgs/lib/python3.8/site-packages:${PYTHONPATH} /usr/bin/cmake --install /home/nvidia/f1tenth_ws/build/vesc_ackermann
[75.304s] -- Install configuration: ""
[75.311s] -- Installing: /home/nvidia/f1tenth_ws/install/vesc_ackermann/lib/vesc_ackermann/ackermann_to_vesc_node
[75.317s] -- Set runtime path of "/home/nvidia/f1tenth_ws/install/vesc_ackermann/lib/vesc_ackermann/ackermann_to_vesc_node" to ""
[75.323s] -- Installing: /home/nvidia/f1tenth_ws/install/vesc_ackermann/lib/vesc_ackermann/vesc_to_odom_node
[75.331s] -- Set runtime path of "/home/nvidia/f1tenth_ws/install/vesc_ackermann/lib/vesc_ackermann/vesc_to_odom_node" to ""
[75.333s] -- Installing: /home/nvidia/f1tenth_ws/install/vesc_ackermann/include
[75.333s] -- Installing: /home/nvidia/f1tenth_ws/install/vesc_ackermann/include/vesc_ackermann
[75.334s] -- Installing: /home/nvidia/f1tenth_ws/install/vesc_ackermann/include/vesc_ackermann/ackermann_to_vesc.hpp
[75.335s] -- Installing: /home/nvidia/f1tenth_ws/install/vesc_ackermann/include/vesc_ackermann/vesc_to_odom.hpp
[75.335s] -- Installing: /home/nvidia/f1tenth_ws/install/vesc_ackermann/share/vesc_ackermann/environment/library_path.sh
[75.336s] -- Installing: /home/nvidia/f1tenth_ws/install/vesc_ackermann/share/vesc_ackermann/environment/library_path.dsv
[75.336s] -- Installing: /home/nvidia/f1tenth_ws/install/vesc_ackermann/lib/libvesc_ackermann.so
[75.456s] -- Set runtime path of "/home/nvidia/f1tenth_ws/install/vesc_ackermann/lib/libvesc_ackermann.so" to ""
[75.458s] -- Installing: /home/nvidia/f1tenth_ws/install/vesc_ackermann/share/vesc_ackermann/launch
[75.458s] -- Installing: /home/nvidia/f1tenth_ws/install/vesc_ackermann/share/vesc_ackermann/launch/vesc_to_odom_node.launch.xml
[75.459s] -- Installing: /home/nvidia/f1tenth_ws/install/vesc_ackermann/share/vesc_ackermann/launch/ackermann_to_vesc_node.launch.xml
[75.460s] -- Installing: /home/nvidia/f1tenth_ws/install/vesc_ackermann/share/ament_index/resource_index/package_run_dependencies/vesc_ackermann
[75.461s] -- Installing: /home/nvidia/f1tenth_ws/install/vesc_ackermann/share/ament_index/resource_index/parent_prefix_path/vesc_ackermann
[75.462s] -- Installing: /home/nvidia/f1tenth_ws/install/vesc_ackermann/share/vesc_ackermann/environment/ament_prefix_path.sh
[75.463s] -- Installing: /home/nvidia/f1tenth_ws/install/vesc_ackermann/share/vesc_ackermann/environment/ament_prefix_path.dsv
[75.464s] -- Installing: /home/nvidia/f1tenth_ws/install/vesc_ackermann/share/vesc_ackermann/environment/path.sh
[75.465s] -- Installing: /home/nvidia/f1tenth_ws/install/vesc_ackermann/share/vesc_ackermann/environment/path.dsv
[75.466s] -- Installing: /home/nvidia/f1tenth_ws/install/vesc_ackermann/share/vesc_ackermann/local_setup.bash
[75.468s] -- Installing: /home/nvidia/f1tenth_ws/install/vesc_ackermann/share/vesc_ackermann/local_setup.sh
[75.469s] -- Installing: /home/nvidia/f1tenth_ws/install/vesc_ackermann/share/vesc_ackermann/local_setup.zsh
[75.470s] -- Installing: /home/nvidia/f1tenth_ws/install/vesc_ackermann/share/vesc_ackermann/local_setup.dsv
[75.471s] -- Installing: /home/nvidia/f1tenth_ws/install/vesc_ackermann/share/vesc_ackermann/package.dsv
[75.472s] -- Installing: /home/nvidia/f1tenth_ws/install/vesc_ackermann/share/ament_index/resource_index/packages/vesc_ackermann
[75.474s] -- Installing: /home/nvidia/f1tenth_ws/install/vesc_ackermann/share/ament_index/resource_index/rclcpp_components/vesc_ackermann
[75.475s] -- Installing: /home/nvidia/f1tenth_ws/install/vesc_ackermann/share/vesc_ackermann/cmake/ament_cmake_export_dependencies-extras.cmake
[75.476s] -- Installing: /home/nvidia/f1tenth_ws/install/vesc_ackermann/share/vesc_ackermann/cmake/ament_cmake_export_include_directories-extras.cmake
[75.477s] -- Installing: /home/nvidia/f1tenth_ws/install/vesc_ackermann/share/vesc_ackermann/cmake/ament_cmake_export_libraries-extras.cmake
[75.478s] -- Installing: /home/nvidia/f1tenth_ws/install/vesc_ackermann/share/vesc_ackermann/cmake/vesc_ackermannConfig.cmake
[75.479s] -- Installing: /home/nvidia/f1tenth_ws/install/vesc_ackermann/share/vesc_ackermann/cmake/vesc_ackermannConfig-version.cmake
[75.480s] -- Installing: /home/nvidia/f1tenth_ws/install/vesc_ackermann/share/vesc_ackermann/package.xml
[75.501s] Invoked command in '/home/nvidia/f1tenth_ws/build/vesc_ackermann' returned '0': AMENT_PREFIX_PATH=/home/nvidia/f1tenth_ws/install/vesc_msgs:${AMENT_PREFIX_PATH} CMAKE_PREFIX_PATH=/home/nvidia/f1tenth_ws/install/vesc_msgs:/home/nvidia/f1tenth_ws/install/teleop_tools_msgs:/home/nvidia/f1tenth_ws/install/joy_teleop:/home/nvidia/f1tenth_ws/install/particle_filter:/home/nvidia/f1tenth_ws/install/mouse_teleop:/home/nvidia/f1tenth_ws/install/key_teleop:/opt/ros/galactic LD_LIBRARY_PATH=/home/nvidia/f1tenth_ws/install/vesc_msgs/lib:/home/nvidia/f1tenth_ws/install/teleop_tools_msgs/lib:/opt/ros/galactic/opt/yaml_cpp_vendor/lib:/opt/ros/galactic/opt/rviz_ogre_vendor/lib:/opt/ros/galactic/lib/aarch64-linux-gnu:/opt/ros/galactic/lib:/usr/local/cuda-11.4/lib64 PYTHONPATH=/home/nvidia/f1tenth_ws/install/vesc_msgs/lib/python3.8/site-packages:${PYTHONPATH} /usr/bin/cmake --install /home/nvidia/f1tenth_ws/build/vesc_ackermann
