[12.625s] Invoking command in '/home/nvidia/f1tenth_ws/src/f1tenth_system/teleop_tools/key_teleop': PYTHONPATH=/home/nvidia/f1tenth_ws/build/key_teleop/prefix_override:/home/nvidia/f1tenth_ws/install/key_teleop/lib/python3.8/site-packages:${PYTHONPATH} /usr/bin/python3 setup.py egg_info --egg-base ../../../../build/key_teleop build --build-base /home/nvidia/f1tenth_ws/build/key_teleop/build install --record /home/nvidia/f1tenth_ws/build/key_teleop/install.log --install-scripts $base/lib/key_teleop --single-version-externally-managed
[14.737s] /home/nvidia/.local/lib/python3.8/site-packages/setuptools/dist.py:771: UserWarning: Usage of dash-separated 'script-dir' will not be supported in future versions. Please use the underscore name 'script_dir' instead
[14.758s]   warnings.warn(
[15.439s] running egg_info
[15.563s] writing ../../../../build/key_teleop/key_teleop.egg-info/PKG-INFO
[15.566s] writing dependency_links to ../../../../build/key_teleop/key_teleop.egg-info/dependency_links.txt
[15.568s] writing entry points to ../../../../build/key_teleop/key_teleop.egg-info/entry_points.txt
[15.571s] writing requirements to ../../../../build/key_teleop/key_teleop.egg-info/requires.txt
[15.573s] writing top-level names to ../../../../build/key_teleop/key_teleop.egg-info/top_level.txt
[15.888s] reading manifest file '../../../../build/key_teleop/key_teleop.egg-info/SOURCES.txt'
[15.903s] adding license file 'LICENSE'
[15.908s] writing manifest file '../../../../build/key_teleop/key_teleop.egg-info/SOURCES.txt'
[15.910s] running build
[15.911s] running build_py
[15.912s] running install
[15.913s] /home/nvidia/.local/lib/python3.8/site-packages/setuptools/command/install.py:34: SetuptoolsDeprecationWarning: setup.py install is deprecated. Use build and pip and other standards-based tools.
[15.913s]   warnings.warn(
[15.957s] running install_lib
[16.084s] running install_data
[16.202s] running install_egg_info
[16.345s] removing '/home/nvidia/f1tenth_ws/install/key_teleop/lib/python3.8/site-packages/key_teleop-0.3.0-py3.8.egg-info' (and everything under it)
[16.353s] Copying ../../../../build/key_teleop/key_teleop.egg-info to /home/nvidia/f1tenth_ws/install/key_teleop/lib/python3.8/site-packages/key_teleop-0.3.0-py3.8.egg-info
[16.354s] running install_scripts
[16.769s] Installing key_teleop script to /home/nvidia/f1tenth_ws/install/key_teleop/lib/key_teleop
[16.770s] writing list of installed files to '/home/nvidia/f1tenth_ws/build/key_teleop/install.log'
[17.257s] Invoked command in '/home/nvidia/f1tenth_ws/src/f1tenth_system/teleop_tools/key_teleop' returned '0': PYTHONPATH=/home/nvidia/f1tenth_ws/build/key_teleop/prefix_override:/home/nvidia/f1tenth_ws/install/key_teleop/lib/python3.8/site-packages:${PYTHONPATH} /usr/bin/python3 setup.py egg_info --egg-base ../../../../build/key_teleop build --build-base /home/nvidia/f1tenth_ws/build/key_teleop/build install --record /home/nvidia/f1tenth_ws/build/key_teleop/install.log --install-scripts $base/lib/key_teleop --single-version-externally-managed
