-- Configuring done
-- Generating done
-- Build files have been written to: /home/nvidia/f1tenth_ws/build/range_lib
[35m[1mScanning dependencies of target gflags_nothreads_static[0m
[35m[1mScanning dependencies of target gflags_static[0m
[  8%] [32mBuilding CXX object vendor/gflags/CMakeFiles/gflags_nothreads_static.dir/src/gflags.cc.o[0m
[ 16%] [32mBuilding CXX object vendor/gflags/CMakeFiles/gflags_nothreads_static.dir/src/gflags_reporting.cc.o[0m
[ 25%] [32mBuilding CXX object vendor/gflags/CMakeFiles/gflags_nothreads_static.dir/src/gflags_completions.cc.o[0m
[ 33%] [32mBuilding CXX object vendor/gflags/CMakeFiles/gflags_static.dir/src/gflags_reporting.cc.o[0m
[ 41%] [32mBuilding CXX object vendor/gflags/CMakeFiles/gflags_static.dir/src/gflags.cc.o[0m
[ 50%] [32mBuilding CXX object vendor/gflags/CMakeFiles/gflags_static.dir/src/gflags_completions.cc.o[0m
[ 58%] [32m[1mLinking CXX static library ../../lib/libgflags_nothreads.a[0m
[ 66%] [32m[1mLinking CXX static library ../../lib/libgflags.a[0m
[ 66%] Built target gflags_nothreads_static
[ 66%] Built target gflags_static
[ 75%] [34m[1mBuilding NVCC (Device) object CMakeFiles/range_lib.dir/includes/range_lib_generated_kernels.cu.o[0m
[35m[1mScanning dependencies of target range_lib[0m
[ 83%] [32mBuilding CXX object CMakeFiles/range_lib.dir/main.cpp.o[0m
[ 91%] [32mBuilding CXX object CMakeFiles/range_lib.dir/vendor/lodepng/lodepng.cpp.o[0m
[100%] [32m[1mLinking CXX executable bin/range_lib[0m
[100%] Built target range_lib
-- Install configuration: "Release"
-- Installing: /home/nvidia/f1tenth_ws/install/range_lib/lib/libgflags.a
-- Installing: /home/nvidia/f1tenth_ws/install/range_lib/lib/libgflags_nothreads.a
-- Up-to-date: /home/nvidia/f1tenth_ws/install/range_lib/include/gflags/gflags.h
-- Up-to-date: /home/nvidia/f1tenth_ws/install/range_lib/include/gflags/gflags_declare.h
-- Up-to-date: /home/nvidia/f1tenth_ws/install/range_lib/include/gflags/gflags_completions.h
-- Up-to-date: /home/nvidia/f1tenth_ws/install/range_lib/include/gflags/gflags_gflags.h
-- Up-to-date: /home/nvidia/f1tenth_ws/install/range_lib/lib/cmake/gflags/gflags-config.cmake
-- Up-to-date: /home/nvidia/f1tenth_ws/install/range_lib/lib/cmake/gflags/gflags-config-version.cmake
-- Up-to-date: /home/nvidia/f1tenth_ws/install/range_lib/lib/cmake/gflags/gflags-targets.cmake
-- Up-to-date: /home/nvidia/f1tenth_ws/install/range_lib/bin/gflags_completions.sh
-- Up-to-date: /home/nvidia/f1tenth_ws/install/range_lib/lib/pkgconfig/gflags.pc
-- Installing: /home/nvidia/.cmake/packages/gflags/2028594a0ebd649dfc76e879e5d10b3f
