[13.217s] Invoking command in '/home/nvidia/f1tenth_ws/src/f1tenth_system/teleop_tools/key_teleop': PYTHONPATH=/home/nvidia/f1tenth_ws/build/key_teleop/prefix_override:/home/nvidia/f1tenth_ws/install/key_teleop/lib/python3.8/site-packages:${PYTHONPATH} /usr/bin/python3 setup.py egg_info --egg-base ../../../../build/key_teleop build --build-base /home/nvidia/f1tenth_ws/build/key_teleop/build install --record /home/nvidia/f1tenth_ws/build/key_teleop/install.log --install-scripts $base/lib/key_teleop --single-version-externally-managed
[15.331s] /home/nvidia/.local/lib/python3.8/site-packages/setuptools/dist.py:771: UserWarning: Usage of dash-separated 'script-dir' will not be supported in future versions. Please use the underscore name 'script_dir' instead
[15.332s]   warnings.warn(
[16.026s] running egg_info
[16.151s] writing ../../../../build/key_teleop/key_teleop.egg-info/PKG-INFO
[16.152s] writing dependency_links to ../../../../build/key_teleop/key_teleop.egg-info/dependency_links.txt
[16.152s] writing entry points to ../../../../build/key_teleop/key_teleop.egg-info/entry_points.txt
[16.153s] writing requirements to ../../../../build/key_teleop/key_teleop.egg-info/requires.txt
[16.162s] writing top-level names to ../../../../build/key_teleop/key_teleop.egg-info/top_level.txt
[16.468s] reading manifest file '../../../../build/key_teleop/key_teleop.egg-info/SOURCES.txt'
[16.471s] adding license file 'LICENSE'
[16.475s] writing manifest file '../../../../build/key_teleop/key_teleop.egg-info/SOURCES.txt'
[16.476s] running build
[16.477s] running build_py
[16.480s] running install
[16.481s] /home/nvidia/.local/lib/python3.8/site-packages/setuptools/command/install.py:34: SetuptoolsDeprecationWarning: setup.py install is deprecated. Use build and pip and other standards-based tools.
[16.481s]   warnings.warn(
[16.515s] running install_lib
[16.634s] running install_data
[16.747s] running install_egg_info
[16.861s] removing '/home/nvidia/f1tenth_ws/install/key_teleop/lib/python3.8/site-packages/key_teleop-0.3.0-py3.8.egg-info' (and everything under it)
[16.865s] Copying ../../../../build/key_teleop/key_teleop.egg-info to /home/nvidia/f1tenth_ws/install/key_teleop/lib/python3.8/site-packages/key_teleop-0.3.0-py3.8.egg-info
[16.872s] running install_scripts
[17.303s] Installing key_teleop script to /home/nvidia/f1tenth_ws/install/key_teleop/lib/key_teleop
[17.306s] writing list of installed files to '/home/nvidia/f1tenth_ws/build/key_teleop/install.log'
[17.594s] Invoked command in '/home/nvidia/f1tenth_ws/src/f1tenth_system/teleop_tools/key_teleop' returned '0': PYTHONPATH=/home/nvidia/f1tenth_ws/build/key_teleop/prefix_override:/home/nvidia/f1tenth_ws/install/key_teleop/lib/python3.8/site-packages:${PYTHONPATH} /usr/bin/python3 setup.py egg_info --egg-base ../../../../build/key_teleop build --build-base /home/nvidia/f1tenth_ws/build/key_teleop/build install --record /home/nvidia/f1tenth_ws/build/key_teleop/install.log --install-scripts $base/lib/key_teleop --single-version-externally-managed
