[0.117s] Invoking command in '/home/nvidia/f1tenth_ws/build/pure_pursuit': CMAKE_PREFIX_PATH=${CMAKE_PREFIX_PATH}:/home/nvidia/f1tenth_ws/install/f1tenth_stack:/home/nvidia/f1tenth_ws/install/joy_teleop:/home/nvidia/f1tenth_ws/install/particle_filter:/home/nvidia/f1tenth_ws/install/mouse_teleop:/home/nvidia/f1tenth_ws/install/key_teleop:/home/nvidia/f1tenth_ws/install/f1tenth_gym_ros:/opt/ros/galactic /usr/bin/cmake --build /home/nvidia/f1tenth_ws/build/pure_pursuit -- -j6 -l6
[0.236s] make: Warning: File 'Makefile' has modification time 3793 s in the future
[0.408s] -- Found ament_cmake: 1.1.6 (/opt/ros/galactic/share/ament_cmake/cmake)
[0.555s] -- Using PYTHON_EXECUTABLE: /usr/bin/python3
[0.961s] -- Found rclcpp: 9.2.2 (/opt/ros/galactic/share/rclcpp/cmake)
[1.227s] -- Using all available rosidl_typesupport_c: rosidl_typesupport_fastrtps_c;rosidl_typesupport_introspection_c
[1.253s] -- Found rosidl_adapter: 2.2.3 (/opt/ros/galactic/share/rosidl_adapter/cmake)
[1.980s] -- Using all available rosidl_typesupport_cpp: rosidl_typesupport_fastrtps_cpp;rosidl_typesupport_introspection_cpp
[2.288s] -- Found rmw_implementation_cmake: 3.3.1 (/opt/ros/galactic/share/rmw_implementation_cmake/cmake)
[2.300s] -- Found rmw_cyclonedds_cpp: 0.22.6 (/opt/ros/galactic/share/rmw_cyclonedds_cpp/cmake)
[2.403s] -- Using RMW implementation 'rmw_cyclonedds_cpp' as default
[3.085s] -- Found rclpy: 1.9.3 (/opt/ros/galactic/share/rclpy/cmake)
[3.086s] -- Found geometry_msgs: 2.2.4 (/opt/ros/galactic/share/geometry_msgs/cmake)
[3.234s] -- Found nav_msgs: 2.2.4 (/opt/ros/galactic/share/nav_msgs/cmake)
[3.524s] -- Found ackermann_msgs: 2.0.2 (/opt/ros/galactic/share/ackermann_msgs/cmake)
[3.669s] -- Found sensor_msgs: 2.2.4 (/opt/ros/galactic/share/sensor_msgs/cmake)
[3.953s] -- Found visualization_msgs: 2.2.4 (/opt/ros/galactic/share/visualization_msgs/cmake)
[4.231s] -- Found tf2_ros: 0.17.5 (/opt/ros/galactic/share/tf2_ros/cmake)
[5.887s] -- Found ament_lint_auto: 0.10.7 (/opt/ros/galactic/share/ament_lint_auto/cmake)
[6.277s] -- Added test 'copyright' to check source files copyright and LICENSE
[6.295s] -- Added test 'cppcheck' to perform static code analysis on C / C++ code
[6.297s] -- Configured cppcheck include dirs: /home/nvidia/f1tenth_ws/src/pure_pursuit/include
[6.298s] -- Configured cppcheck exclude dirs and/or files: 
[6.315s] -- Added test 'cpplint' to check C / C++ code against the Google style
[6.315s] -- Configured cpplint exclude dirs and/or files: 
[6.318s] -- Added test 'flake8' to check Python code syntax and style conventions
[6.323s] -- Added test 'lint_cmake' to check CMake code style
[6.327s] -- Added test 'pep257' to check Python code against some of the style conventions in PEP 257
[6.343s] -- Added test 'uncrustify' to check C / C++ code style
[6.343s] -- Configured uncrustify additional arguments: 
[6.346s] -- Added test 'xmllint' to check XML markup files
[6.375s] -- Configuring done
[6.497s] -- Generating done
[6.512s] -- Build files have been written to: /home/nvidia/f1tenth_ws/build/pure_pursuit
[6.616s] make[2]: Warning: File 'CMakeFiles/ament_cmake_python_copy_pure_pursuit.dir/build.make' has modification time 1561 s in the future
[6.617s] make[2]: Warning: File 'CMakeFiles/ament_cmake_python_copy_pure_pursuit_setup.dir/build.make' has modification time 1561 s in the future
[6.630s] make[2]: Warning: File 'CMakeFiles/pure_pursuit_node.dir/flags.make' has modification time 1561 s in the future
[6.680s] make[2]: warning:  Clock skew detected.  Your build may be incomplete.
[6.681s] make[2]: warning:  Clock skew detected.  Your build may be incomplete.
[6.688s] make[2]: Warning: File 'CMakeFiles/ament_cmake_python_copy_pure_pursuit.dir/build.make' has modification time 1561 s in the future
[6.689s] make[2]: Warning: File 'CMakeFiles/ament_cmake_python_copy_pure_pursuit_setup.dir/build.make' has modification time 1561 s in the future
[6.742s] make[2]: warning:  Clock skew detected.  Your build may be incomplete.
[6.744s] make[2]: warning:  Clock skew detected.  Your build may be incomplete.
[6.745s] make[2]: warning:  Clock skew detected.  Your build may be incomplete.
[6.762s] make[2]: Warning: File 'CMakeFiles/pure_pursuit_node.dir/flags.make' has modification time 1561 s in the future
[6.801s] [  0%] Built target ament_cmake_python_copy_pure_pursuit
[6.802s] [  0%] Built target ament_cmake_python_copy_pure_pursuit_setup
[6.815s] make[2]: Warning: File 'CMakeFiles/ament_cmake_python_build_pure_pursuit_egg.dir/build.make' has modification time 1561 s in the future
[6.826s] make[2]: warning:  Clock skew detected.  Your build may be incomplete.
[6.881s] make[2]: warning:  Clock skew detected.  Your build may be incomplete.
[6.884s] [100%] Built target pure_pursuit_node
[6.892s] make[2]: Warning: File 'CMakeFiles/ament_cmake_python_build_pure_pursuit_egg.dir/build.make' has modification time 1561 s in the future
[9.041s] /home/nvidia/.local/lib/python3.8/site-packages/setuptools/dist.py:771: UserWarning: Usage of dash-separated 'script-dir' will not be supported in future versions. Please use the underscore name 'script_dir' instead
[9.042s]   warnings.warn(
[9.048s] /home/nvidia/.local/lib/python3.8/site-packages/setuptools/dist.py:771: UserWarning: Usage of dash-separated 'install-scripts' will not be supported in future versions. Please use the underscore name 'install_scripts' instead
[9.049s]   warnings.warn(
[9.642s] running egg_info
[9.763s] writing pure_pursuit.egg-info/PKG-INFO
[9.764s] writing dependency_links to pure_pursuit.egg-info/dependency_links.txt
[9.767s] writing top-level names to pure_pursuit.egg-info/top_level.txt
[10.109s] reading manifest file 'pure_pursuit.egg-info/SOURCES.txt'
[10.113s] writing manifest file 'pure_pursuit.egg-info/SOURCES.txt'
[10.271s] make[2]: warning:  Clock skew detected.  Your build may be incomplete.
[10.325s] [100%] Built target ament_cmake_python_build_pure_pursuit_egg
[10.382s] make: warning:  Clock skew detected.  Your build may be incomplete.
[10.393s] Invoked command in '/home/nvidia/f1tenth_ws/build/pure_pursuit' returned '0': CMAKE_PREFIX_PATH=${CMAKE_PREFIX_PATH}:/home/nvidia/f1tenth_ws/install/f1tenth_stack:/home/nvidia/f1tenth_ws/install/joy_teleop:/home/nvidia/f1tenth_ws/install/particle_filter:/home/nvidia/f1tenth_ws/install/mouse_teleop:/home/nvidia/f1tenth_ws/install/key_teleop:/home/nvidia/f1tenth_ws/install/f1tenth_gym_ros:/opt/ros/galactic /usr/bin/cmake --build /home/nvidia/f1tenth_ws/build/pure_pursuit -- -j6 -l6
[10.656s] Invoking command in '/home/nvidia/f1tenth_ws/build/pure_pursuit': CMAKE_PREFIX_PATH=${CMAKE_PREFIX_PATH}:/home/nvidia/f1tenth_ws/install/f1tenth_stack:/home/nvidia/f1tenth_ws/install/joy_teleop:/home/nvidia/f1tenth_ws/install/particle_filter:/home/nvidia/f1tenth_ws/install/mouse_teleop:/home/nvidia/f1tenth_ws/install/key_teleop:/home/nvidia/f1tenth_ws/install/f1tenth_gym_ros:/opt/ros/galactic /usr/bin/cmake --install /home/nvidia/f1tenth_ws/build/pure_pursuit
[10.708s] -- Install configuration: ""
[10.711s] -- Up-to-date: /home/nvidia/f1tenth_ws/install/pure_pursuit/lib/pure_pursuit/pure_pursuit_node
[10.713s] -- Up-to-date: /home/nvidia/f1tenth_ws/install/pure_pursuit/share/pure_pursuit/environment/pythonpath.sh
[10.714s] -- Installing: /home/nvidia/f1tenth_ws/install/pure_pursuit/share/pure_pursuit/environment/pythonpath.dsv
[10.715s] -- Up-to-date: /home/nvidia/f1tenth_ws/install/pure_pursuit/lib/python3.8/site-packages//pure_pursuit.egg-info
[10.716s] -- Installing: /home/nvidia/f1tenth_ws/install/pure_pursuit/lib/python3.8/site-packages//pure_pursuit.egg-info/PKG-INFO
[10.717s] -- Installing: /home/nvidia/f1tenth_ws/install/pure_pursuit/lib/python3.8/site-packages//pure_pursuit.egg-info/SOURCES.txt
[10.718s] -- Installing: /home/nvidia/f1tenth_ws/install/pure_pursuit/lib/python3.8/site-packages//pure_pursuit.egg-info/top_level.txt
[10.719s] -- Installing: /home/nvidia/f1tenth_ws/install/pure_pursuit/lib/python3.8/site-packages//pure_pursuit.egg-info/dependency_links.txt
[10.720s] -- Up-to-date: /home/nvidia/f1tenth_ws/install/pure_pursuit/lib/python3.8/site-packages/pure_pursuit
[10.721s] -- Up-to-date: /home/nvidia/f1tenth_ws/install/pure_pursuit/lib/python3.8/site-packages/pure_pursuit/__init__.py
[10.900s] Listing '/home/nvidia/f1tenth_ws/install/pure_pursuit/lib/python3.8/site-packages/pure_pursuit'...
[10.917s] -- Up-to-date: /home/nvidia/f1tenth_ws/install/pure_pursuit/lib/pure_pursuit/pure_pursuit_node.py
[10.918s] -- Up-to-date: /home/nvidia/f1tenth_ws/install/pure_pursuit/lib/pure_pursuit/clickpoint_logger.py
[10.919s] -- Up-to-date: /home/nvidia/f1tenth_ws/install/pure_pursuit/lib/pure_pursuit/waypoint_logger.py
[10.919s] -- Up-to-date: /home/nvidia/f1tenth_ws/install/pure_pursuit/share/ament_index/resource_index/package_run_dependencies/pure_pursuit
[10.920s] -- Installing: /home/nvidia/f1tenth_ws/install/pure_pursuit/share/ament_index/resource_index/parent_prefix_path/pure_pursuit
[10.921s] -- Up-to-date: /home/nvidia/f1tenth_ws/install/pure_pursuit/share/pure_pursuit/environment/ament_prefix_path.sh
[10.922s] -- Installing: /home/nvidia/f1tenth_ws/install/pure_pursuit/share/pure_pursuit/environment/ament_prefix_path.dsv
[10.923s] -- Up-to-date: /home/nvidia/f1tenth_ws/install/pure_pursuit/share/pure_pursuit/environment/path.sh
[10.924s] -- Installing: /home/nvidia/f1tenth_ws/install/pure_pursuit/share/pure_pursuit/environment/path.dsv
[10.925s] -- Up-to-date: /home/nvidia/f1tenth_ws/install/pure_pursuit/share/pure_pursuit/local_setup.bash
[10.926s] -- Up-to-date: /home/nvidia/f1tenth_ws/install/pure_pursuit/share/pure_pursuit/local_setup.sh
[10.926s] -- Up-to-date: /home/nvidia/f1tenth_ws/install/pure_pursuit/share/pure_pursuit/local_setup.zsh
[10.927s] -- Installing: /home/nvidia/f1tenth_ws/install/pure_pursuit/share/pure_pursuit/local_setup.dsv
[10.929s] -- Installing: /home/nvidia/f1tenth_ws/install/pure_pursuit/share/pure_pursuit/package.dsv
[10.931s] -- Up-to-date: /home/nvidia/f1tenth_ws/install/pure_pursuit/share/ament_index/resource_index/packages/pure_pursuit
[10.931s] -- Up-to-date: /home/nvidia/f1tenth_ws/install/pure_pursuit/share/pure_pursuit/cmake/pure_pursuitConfig.cmake
[10.932s] -- Up-to-date: /home/nvidia/f1tenth_ws/install/pure_pursuit/share/pure_pursuit/cmake/pure_pursuitConfig-version.cmake
[10.933s] -- Up-to-date: /home/nvidia/f1tenth_ws/install/pure_pursuit/share/pure_pursuit/package.xml
[10.956s] Invoked command in '/home/nvidia/f1tenth_ws/build/pure_pursuit' returned '0': CMAKE_PREFIX_PATH=${CMAKE_PREFIX_PATH}:/home/nvidia/f1tenth_ws/install/f1tenth_stack:/home/nvidia/f1tenth_ws/install/joy_teleop:/home/nvidia/f1tenth_ws/install/particle_filter:/home/nvidia/f1tenth_ws/install/mouse_teleop:/home/nvidia/f1tenth_ws/install/key_teleop:/home/nvidia/f1tenth_ws/install/f1tenth_gym_ros:/opt/ros/galactic /usr/bin/cmake --install /home/nvidia/f1tenth_ws/build/pure_pursuit
