[11.804s] Invoking command in '/home/nvidia/f1tenth_ws/src/f1tenth_system/teleop_tools/key_teleop': PYTHONPATH=/home/nvidia/f1tenth_ws/build/key_teleop/prefix_override:/home/nvidia/f1tenth_ws/install/key_teleop/lib/python3.8/site-packages:${PYTHONPATH} /usr/bin/python3 setup.py egg_info --egg-base ../../../../build/key_teleop build --build-base /home/nvidia/f1tenth_ws/build/key_teleop/build install --record /home/nvidia/f1tenth_ws/build/key_teleop/install.log --install-scripts $base/lib/key_teleop --single-version-externally-managed
[14.659s] /home/nvidia/.local/lib/python3.8/site-packages/setuptools/dist.py:771: UserWarning: Usage of dash-separated 'script-dir' will not be supported in future versions. Please use the underscore name 'script_dir' instead
[14.659s]   warnings.warn(
[16.060s] running egg_info
[16.065s] creating ../../../../build/key_teleop/key_teleop.egg-info
[16.307s] writing ../../../../build/key_teleop/key_teleop.egg-info/PKG-INFO
[16.309s] writing dependency_links to ../../../../build/key_teleop/key_teleop.egg-info/dependency_links.txt
[16.311s] writing entry points to ../../../../build/key_teleop/key_teleop.egg-info/entry_points.txt
[16.312s] writing requirements to ../../../../build/key_teleop/key_teleop.egg-info/requires.txt
[16.313s] writing top-level names to ../../../../build/key_teleop/key_teleop.egg-info/top_level.txt
[16.320s] writing manifest file '../../../../build/key_teleop/key_teleop.egg-info/SOURCES.txt'
[16.695s] reading manifest file '../../../../build/key_teleop/key_teleop.egg-info/SOURCES.txt'
[16.696s] adding license file 'LICENSE'
[16.701s] writing manifest file '../../../../build/key_teleop/key_teleop.egg-info/SOURCES.txt'
[16.702s] running build
[16.702s] running build_py
[16.704s] creating /home/nvidia/f1tenth_ws/build/key_teleop/build
[16.704s] creating /home/nvidia/f1tenth_ws/build/key_teleop/build/lib
[16.705s] creating /home/nvidia/f1tenth_ws/build/key_teleop/build/lib/key_teleop
[16.706s] copying key_teleop/__init__.py -> /home/nvidia/f1tenth_ws/build/key_teleop/build/lib/key_teleop
[16.706s] copying key_teleop/key_teleop.py -> /home/nvidia/f1tenth_ws/build/key_teleop/build/lib/key_teleop
[16.708s] running install
[16.709s] /home/nvidia/.local/lib/python3.8/site-packages/setuptools/command/install.py:34: SetuptoolsDeprecationWarning: setup.py install is deprecated. Use build and pip and other standards-based tools.
[16.710s]   warnings.warn(
[16.744s] running install_lib
[16.925s] creating /home/nvidia/f1tenth_ws/install/key_teleop/lib/python3.8/site-packages/key_teleop
[16.926s] copying /home/nvidia/f1tenth_ws/build/key_teleop/build/lib/key_teleop/__init__.py -> /home/nvidia/f1tenth_ws/install/key_teleop/lib/python3.8/site-packages/key_teleop
[16.926s] copying /home/nvidia/f1tenth_ws/build/key_teleop/build/lib/key_teleop/key_teleop.py -> /home/nvidia/f1tenth_ws/install/key_teleop/lib/python3.8/site-packages/key_teleop
[16.929s] byte-compiling /home/nvidia/f1tenth_ws/install/key_teleop/lib/python3.8/site-packages/key_teleop/__init__.py to __init__.cpython-38.pyc
[16.932s] byte-compiling /home/nvidia/f1tenth_ws/install/key_teleop/lib/python3.8/site-packages/key_teleop/key_teleop.py to key_teleop.cpython-38.pyc
[16.939s] running install_data
[17.069s] copying package.xml -> /home/nvidia/f1tenth_ws/install/key_teleop/share/key_teleop
[17.070s] creating /home/nvidia/f1tenth_ws/install/key_teleop/share/key_teleop/config
[17.079s] copying config/key_teleop.yaml -> /home/nvidia/f1tenth_ws/install/key_teleop/share/key_teleop/config
[17.080s] creating /home/nvidia/f1tenth_ws/install/key_teleop/share/ament_index
[17.081s] creating /home/nvidia/f1tenth_ws/install/key_teleop/share/ament_index/resource_index
[17.081s] creating /home/nvidia/f1tenth_ws/install/key_teleop/share/ament_index/resource_index/packages
[17.083s] copying resource/key_teleop -> /home/nvidia/f1tenth_ws/install/key_teleop/share/ament_index/resource_index/packages
[17.084s] running install_egg_info
[17.226s] Copying ../../../../build/key_teleop/key_teleop.egg-info to /home/nvidia/f1tenth_ws/install/key_teleop/lib/python3.8/site-packages/key_teleop-0.3.0-py3.8.egg-info
[17.234s] running install_scripts
[18.283s] Installing key_teleop script to /home/nvidia/f1tenth_ws/install/key_teleop/lib/key_teleop
[18.290s] writing list of installed files to '/home/nvidia/f1tenth_ws/build/key_teleop/install.log'
[18.932s] Invoked command in '/home/nvidia/f1tenth_ws/src/f1tenth_system/teleop_tools/key_teleop' returned '0': PYTHONPATH=/home/nvidia/f1tenth_ws/build/key_teleop/prefix_override:/home/nvidia/f1tenth_ws/install/key_teleop/lib/python3.8/site-packages:${PYTHONPATH} /usr/bin/python3 setup.py egg_info --egg-base ../../../../build/key_teleop build --build-base /home/nvidia/f1tenth_ws/build/key_teleop/build install --record /home/nvidia/f1tenth_ws/build/key_teleop/install.log --install-scripts $base/lib/key_teleop --single-version-externally-managed
