/home/nvidia/.local/lib/python3.8/site-packages/setuptools/dist.py:771: UserWarning: Usage of dash-separated 'script-dir' will not be supported in future versions. Please use the underscore name 'script_dir' instead
  warnings.warn(
/home/nvidia/.local/lib/python3.8/site-packages/setuptools/dist.py:771: UserWarning: Usage of dash-separated 'install-scripts' will not be supported in future versions. Please use the underscore name 'install_scripts' instead
  warnings.warn(
[01m[K/home/nvidia/f1tenth_ws/src/pure_pursuit/src/pure_pursuit_node.cpp:[m[K In member function ‘[01m[Kvoid PurePursuit::pose_callback(nav_msgs::msg::Odometry_<std::allocator<void> >::ConstSharedPtr)[m[K’:
[01m[K/home/nvidia/f1tenth_ws/src/pure_pursuit/src/pure_pursuit_node.cpp:107:23:[m[K [01;35m[Kwarning: [m[Kcomparison of integer expressions of different signedness: ‘[01m[Kint[m[K’ and ‘[01m[Kstd::vector<std::vector<double, std::allocator<double> > >::size_type[m[K’ {aka ‘[01m[Klong unsigned int[m[K’} [[01;35m[K-Wsign-compare[m[K]
  107 |         for(int i=0; [01;35m[Ki<waypoints.size()[m[K; ++i)
      |                      [01;35m[K~^~~~~~~~~~~~~~~~~[m[K
[01m[K/home/nvidia/f1tenth_ws/src/pure_pursuit/src/pure_pursuit_node.cpp:[m[K In member function ‘[01m[Kvoid PurePursuit::visualize_path_points()[m[K’:
[01m[K/home/nvidia/f1tenth_ws/src/pure_pursuit/src/pure_pursuit_node.cpp:166:27:[m[K [01;31m[Kerror: [m[Kno match for ‘[01m[Koperator=[m[K’ (operand types are ‘[01m[Kvisualization_msgs::msg::Marker_<std::allocator<void> >::_lifetime_type[m[K’ {aka ‘[01m[Kbuiltin_interfaces::msg::Duration_<std::allocator<void> >[m[K’} and ‘[01m[Kint[m[K’)
  166 |         marker.lifetime = [01;31m[K10000[m[K;
      |                           [01;31m[K^~~~~[m[K
In file included from [01m[K/opt/ros/galactic/include/builtin_interfaces/msg/duration.hpp:7[m[K,
                 from [01m[K/opt/ros/galactic/include/rclcpp/duration.hpp:20[m[K,
                 from [01m[K/opt/ros/galactic/include/rclcpp/qos.hpp:20[m[K,
                 from [01m[K/opt/ros/galactic/include/rclcpp/node_interfaces/node_graph_interface.hpp:31[m[K,
                 from [01m[K/opt/ros/galactic/include/rclcpp/client.hpp:34[m[K,
                 from [01m[K/opt/ros/galactic/include/rclcpp/callback_group.hpp:23[m[K,
                 from [01m[K/opt/ros/galactic/include/rclcpp/any_executable.hpp:20[m[K,
                 from [01m[K/opt/ros/galactic/include/rclcpp/memory_strategy.hpp:25[m[K,
                 from [01m[K/opt/ros/galactic/include/rclcpp/memory_strategies.hpp:18[m[K,
                 from [01m[K/opt/ros/galactic/include/rclcpp/executor_options.hpp:20[m[K,
                 from [01m[K/opt/ros/galactic/include/rclcpp/executor.hpp:36[m[K,
                 from [01m[K/opt/ros/galactic/include/rclcpp/executors/multi_threaded_executor.hpp:26[m[K,
                 from [01m[K/opt/ros/galactic/include/rclcpp/executors.hpp:21[m[K,
                 from [01m[K/opt/ros/galactic/include/rclcpp/rclcpp.hpp:156[m[K,
                 from [01m[K/home/nvidia/f1tenth_ws/src/pure_pursuit/src/pure_pursuit_node.cpp:10[m[K:
[01m[K/opt/ros/galactic/include/builtin_interfaces/msg/detail/duration__struct.hpp:31:8:[m[K [01;36m[Knote: [m[Kcandidate: ‘[01m[Kconstexpr builtin_interfaces::msg::Duration_<std::allocator<void> >& builtin_interfaces::msg::Duration_<std::allocator<void> >::operator=(const builtin_interfaces::msg::Duration_<std::allocator<void> >&)[m[K’
   31 | struct [01;36m[KDuration_[m[K
      |        [01;36m[K^~~~~~~~~[m[K
[01m[K/opt/ros/galactic/include/builtin_interfaces/msg/detail/duration__struct.hpp:31:8:[m[K [01;36m[Knote: [m[K  no known conversion for argument 1 from ‘[01m[Kint[m[K’ to ‘[01m[Kconst builtin_interfaces::msg::Duration_<std::allocator<void> >&[m[K’
[01m[K/opt/ros/galactic/include/builtin_interfaces/msg/detail/duration__struct.hpp:31:8:[m[K [01;36m[Knote: [m[Kcandidate: ‘[01m[Kconstexpr builtin_interfaces::msg::Duration_<std::allocator<void> >& builtin_interfaces::msg::Duration_<std::allocator<void> >::operator=(builtin_interfaces::msg::Duration_<std::allocator<void> >&&)[m[K’
[01m[K/opt/ros/galactic/include/builtin_interfaces/msg/detail/duration__struct.hpp:31:8:[m[K [01;36m[Knote: [m[K  no known conversion for argument 1 from ‘[01m[Kint[m[K’ to ‘[01m[Kbuiltin_interfaces::msg::Duration_<std::allocator<void> >&&[m[K’
[01m[K/home/nvidia/f1tenth_ws/src/pure_pursuit/src/pure_pursuit_node.cpp:173:23:[m[K [01;35m[Kwarning: [m[Kcomparison of integer expressions of different signedness: ‘[01m[Kint[m[K’ and ‘[01m[Kstd::vector<std::vector<double, std::allocator<double> > >::size_type[m[K’ {aka ‘[01m[Klong unsigned int[m[K’} [[01;35m[K-Wsign-compare[m[K]
  173 |         for(int i=0; [01;35m[Ki<waypoints.size()[m[K; ++i)
      |                      [01;35m[K~^~~~~~~~~~~~~~~~~[m[K
make[2]: *** [CMakeFiles/pure_pursuit_node.dir/build.make:63: CMakeFiles/pure_pursuit_node.dir/src/pure_pursuit_node.cpp.o] Error 1
make[1]: *** [CMakeFiles/Makefile2:164: CMakeFiles/pure_pursuit_node.dir/all] Error 2
make: *** [Makefile:141: all] Error 2
