[0.169s] Invoking command in '/home/nvidia/f1tenth_ws/build/pure_pursuit': CMAKE_PREFIX_PATH=${CMAKE_PREFIX_PATH}:/home/nvidia/f1tenth_ws/install/f1tenth_stack:/home/nvidia/f1tenth_ws/install/joy_teleop:/home/nvidia/f1tenth_ws/install/particle_filter:/home/nvidia/f1tenth_ws/install/mouse_teleop:/home/nvidia/f1tenth_ws/install/key_teleop:/home/nvidia/f1tenth_ws/install/f1tenth_gym_ros:/opt/ros/galactic /usr/bin/cmake /home/nvidia/f1tenth_ws/src/pure_pursuit -DCMAKE_INSTALL_PREFIX=/home/nvidia/f1tenth_ws/install/pure_pursuit
[0.976s] -- The C compiler identification is GNU 9.4.0
[1.422s] -- The CXX compiler identification is GNU 9.4.0
[1.458s] -- Check for working C compiler: /usr/bin/cc
[2.294s] -- Check for working C compiler: /usr/bin/cc -- works
[2.303s] -- Detecting C compiler ABI info
[3.156s] -- Detecting C compiler ABI info - done
[3.229s] -- Detecting C compile features
[3.230s] -- Detecting C compile features - done
[3.245s] -- Check for working CXX compiler: /usr/bin/c++
[4.301s] -- Check for working CXX compiler: /usr/bin/c++ -- works
[4.317s] -- Detecting CXX compiler ABI info
[5.534s] -- Detecting CXX compiler ABI info - done
[5.710s] -- Detecting CXX compile features
[5.720s] -- Detecting CXX compile features - done
[5.781s] -- Found ament_cmake: 1.1.6 (/opt/ros/galactic/share/ament_cmake/cmake)
[6.052s] -- Found PythonInterp: /usr/bin/python3 (found suitable version "3.8.10", minimum required is "3") 
[6.052s] -- Using PYTHON_EXECUTABLE: /usr/bin/python3
[6.973s] -- Found rclcpp: 9.2.2 (/opt/ros/galactic/share/rclcpp/cmake)
[7.438s] -- Using all available rosidl_typesupport_c: rosidl_typesupport_fastrtps_c;rosidl_typesupport_introspection_c
[7.521s] -- Found rosidl_adapter: 2.2.3 (/opt/ros/galactic/share/rosidl_adapter/cmake)
[8.534s] -- Found OpenSSL: /usr/lib/aarch64-linux-gnu/libcrypto.so (found version "1.1.1f")  
[8.738s] -- Found FastRTPS: /opt/ros/galactic/include  
[9.387s] -- Using all available rosidl_typesupport_cpp: rosidl_typesupport_fastrtps_cpp;rosidl_typesupport_introspection_cpp
[9.936s] -- Found rmw_implementation_cmake: 3.3.1 (/opt/ros/galactic/share/rmw_implementation_cmake/cmake)
[9.973s] -- Found rmw_cyclonedds_cpp: 0.22.6 (/opt/ros/galactic/share/rmw_cyclonedds_cpp/cmake)
[10.104s] -- Using RMW implementation 'rmw_cyclonedds_cpp' as default
[10.112s] -- Looking for pthread.h
[11.189s] -- Looking for pthread.h - found
[11.192s] -- Performing Test CMAKE_HAVE_LIBC_PTHREAD
[12.046s] -- Performing Test CMAKE_HAVE_LIBC_PTHREAD - Failed
[12.049s] -- Looking for pthread_create in pthreads
[12.704s] -- Looking for pthread_create in pthreads - not found
[12.705s] -- Looking for pthread_create in pthread
[13.492s] -- Looking for pthread_create in pthread - found
[13.500s] -- Found Threads: TRUE  
[14.484s] -- Found rclpy: 1.9.3 (/opt/ros/galactic/share/rclpy/cmake)
[14.502s] -- Found geometry_msgs: 2.2.4 (/opt/ros/galactic/share/geometry_msgs/cmake)
[14.687s] -- Found nav_msgs: 2.2.4 (/opt/ros/galactic/share/nav_msgs/cmake)
[15.045s] -- Found ackermann_msgs: 2.0.2 (/opt/ros/galactic/share/ackermann_msgs/cmake)
[15.240s] -- Found sensor_msgs: 2.2.4 (/opt/ros/galactic/share/sensor_msgs/cmake)
[15.597s] -- Found visualization_msgs: 2.2.4 (/opt/ros/galactic/share/visualization_msgs/cmake)
[15.973s] -- Found tf2_ros: 0.17.5 (/opt/ros/galactic/share/tf2_ros/cmake)
[21.533s] -- Found ament_lint_auto: 0.10.7 (/opt/ros/galactic/share/ament_lint_auto/cmake)
[22.195s] -- Added test 'copyright' to check source files copyright and LICENSE
[22.221s] -- Added test 'cppcheck' to perform static code analysis on C / C++ code
[22.223s] -- Configured cppcheck include dirs: /home/nvidia/f1tenth_ws/src/pure_pursuit/include
[22.224s] -- Configured cppcheck exclude dirs and/or files: 
[22.245s] -- Added test 'cpplint' to check C / C++ code against the Google style
[22.246s] -- Configured cpplint exclude dirs and/or files: 
[22.254s] -- Added test 'flake8' to check Python code syntax and style conventions
[22.262s] -- Added test 'lint_cmake' to check CMake code style
[22.270s] -- Added test 'pep257' to check Python code against some of the style conventions in PEP 257
[22.294s] -- Added test 'uncrustify' to check C / C++ code style
[22.294s] -- Configured uncrustify additional arguments: 
[22.301s] -- Added test 'xmllint' to check XML markup files
[22.348s] -- Configuring done
[22.458s] -- Generating done
[22.473s] -- Build files have been written to: /home/nvidia/f1tenth_ws/build/pure_pursuit
[22.537s] Invoked command in '/home/nvidia/f1tenth_ws/build/pure_pursuit' returned '0': CMAKE_PREFIX_PATH=${CMAKE_PREFIX_PATH}:/home/nvidia/f1tenth_ws/install/f1tenth_stack:/home/nvidia/f1tenth_ws/install/joy_teleop:/home/nvidia/f1tenth_ws/install/particle_filter:/home/nvidia/f1tenth_ws/install/mouse_teleop:/home/nvidia/f1tenth_ws/install/key_teleop:/home/nvidia/f1tenth_ws/install/f1tenth_gym_ros:/opt/ros/galactic /usr/bin/cmake /home/nvidia/f1tenth_ws/src/pure_pursuit -DCMAKE_INSTALL_PREFIX=/home/nvidia/f1tenth_ws/install/pure_pursuit
[22.540s] Invoking command in '/home/nvidia/f1tenth_ws/build/pure_pursuit': CMAKE_PREFIX_PATH=${CMAKE_PREFIX_PATH}:/home/nvidia/f1tenth_ws/install/f1tenth_stack:/home/nvidia/f1tenth_ws/install/joy_teleop:/home/nvidia/f1tenth_ws/install/particle_filter:/home/nvidia/f1tenth_ws/install/mouse_teleop:/home/nvidia/f1tenth_ws/install/key_teleop:/home/nvidia/f1tenth_ws/install/f1tenth_gym_ros:/opt/ros/galactic /usr/bin/cmake --build /home/nvidia/f1tenth_ws/build/pure_pursuit -- -j6 -l6
[22.758s] -- Found ament_cmake: 1.1.6 (/opt/ros/galactic/share/ament_cmake/cmake)
[22.932s] -- Using PYTHON_EXECUTABLE: /usr/bin/python3
[23.331s] -- Found rclcpp: 9.2.2 (/opt/ros/galactic/share/rclcpp/cmake)
[23.550s] -- Using all available rosidl_typesupport_c: rosidl_typesupport_fastrtps_c;rosidl_typesupport_introspection_c
[23.569s] -- Found rosidl_adapter: 2.2.3 (/opt/ros/galactic/share/rosidl_adapter/cmake)
[24.536s] -- Using all available rosidl_typesupport_cpp: rosidl_typesupport_fastrtps_cpp;rosidl_typesupport_introspection_cpp
[24.847s] -- Found rmw_implementation_cmake: 3.3.1 (/opt/ros/galactic/share/rmw_implementation_cmake/cmake)
[24.861s] -- Found rmw_cyclonedds_cpp: 0.22.6 (/opt/ros/galactic/share/rmw_cyclonedds_cpp/cmake)
[24.983s] -- Using RMW implementation 'rmw_cyclonedds_cpp' as default
[25.771s] -- Found rclpy: 1.9.3 (/opt/ros/galactic/share/rclpy/cmake)
[25.773s] -- Found geometry_msgs: 2.2.4 (/opt/ros/galactic/share/geometry_msgs/cmake)
[25.939s] -- Found nav_msgs: 2.2.4 (/opt/ros/galactic/share/nav_msgs/cmake)
[26.273s] -- Found ackermann_msgs: 2.0.2 (/opt/ros/galactic/share/ackermann_msgs/cmake)
[26.438s] -- Found sensor_msgs: 2.2.4 (/opt/ros/galactic/share/sensor_msgs/cmake)
[26.858s] -- Found visualization_msgs: 2.2.4 (/opt/ros/galactic/share/visualization_msgs/cmake)
[27.290s] -- Found tf2_ros: 0.17.5 (/opt/ros/galactic/share/tf2_ros/cmake)
[29.926s] -- Found ament_lint_auto: 0.10.7 (/opt/ros/galactic/share/ament_lint_auto/cmake)
[30.561s] -- Added test 'copyright' to check source files copyright and LICENSE
[30.592s] -- Added test 'cppcheck' to perform static code analysis on C / C++ code
[30.595s] -- Configured cppcheck include dirs: /home/nvidia/f1tenth_ws/src/pure_pursuit/include
[30.596s] -- Configured cppcheck exclude dirs and/or files: 
[30.618s] -- Added test 'cpplint' to check C / C++ code against the Google style
[30.619s] -- Configured cpplint exclude dirs and/or files: 
[30.623s] -- Added test 'flake8' to check Python code syntax and style conventions
[30.632s] -- Added test 'lint_cmake' to check CMake code style
[30.638s] -- Added test 'pep257' to check Python code against some of the style conventions in PEP 257
[30.662s] -- Added test 'uncrustify' to check C / C++ code style
[30.662s] -- Configured uncrustify additional arguments: 
[30.667s] -- Added test 'xmllint' to check XML markup files
[30.701s] -- Configuring done
[30.861s] -- Generating done
[30.876s] -- Build files have been written to: /home/nvidia/f1tenth_ws/build/pure_pursuit
[31.225s] [35m[1mScanning dependencies of target ament_cmake_python_copy_pure_pursuit[0m
[31.529s] [  0%] Built target ament_cmake_python_copy_pure_pursuit
[31.688s] [35m[1mScanning dependencies of target pure_pursuit_node[0m
[32.408s] [ 50%] [32mBuilding CXX object CMakeFiles/pure_pursuit_node.dir/src/pure_pursuit_node.cpp.o[0m
[52.194s] [01m[K/home/nvidia/f1tenth_ws/src/pure_pursuit/src/pure_pursuit_node.cpp:[m[K In member function ‘[01m[Kvoid PurePursuit::scan_callback(sensor_msgs::msg::LaserScan_<std::allocator<void> >::ConstSharedPtr)[m[K’:
[52.195s] [01m[K/home/nvidia/f1tenth_ws/src/pure_pursuit/src/pure_pursuit_node.cpp:110:15:[m[K [01;35m[Kwarning: [m[Kunused variable ‘[01m[Kangle_min[m[K’ [[01;35m[K-Wunused-variable[m[K]
[52.196s]   110 |         float [01;35m[Kangle_min[m[K = scan_msg->angle_min;
[52.196s]       |               [01;35m[K^~~~~~~~~[m[K
[52.198s] [01m[K/home/nvidia/f1tenth_ws/src/pure_pursuit/src/pure_pursuit_node.cpp:115:13:[m[K [01;35m[Kwarning: [m[Kunused variable ‘[01m[Kidx_min[m[K’ [[01;35m[K-Wunused-variable[m[K]
[52.198s]   115 |         int [01;35m[Kidx_min[m[K = (int) ((angle_max-fov)/angle_increment);
[52.199s]       |             [01;35m[K^~~~~~~[m[K
[52.200s] [01m[K/home/nvidia/f1tenth_ws/src/pure_pursuit/src/pure_pursuit_node.cpp:116:13:[m[K [01;35m[Kwarning: [m[Kunused variable ‘[01m[Kidx_max[m[K’ [[01;35m[K-Wunused-variable[m[K]
[52.201s]   116 |         int [01;35m[Kidx_max[m[K = (int) ((angle_max+fov)/angle_increment);
[52.201s]       |             [01;35m[K^~~~~~~[m[K
[52.202s] [01m[K/home/nvidia/f1tenth_ws/src/pure_pursuit/src/pure_pursuit_node.cpp:[m[K In member function ‘[01m[Kvoid PurePursuit::publish_gap_follow(std::vector<float>)[m[K’:
[52.202s] [01m[K/home/nvidia/f1tenth_ws/src/pure_pursuit/src/pure_pursuit_node.cpp:161:23:[m[K [01;35m[Kwarning: [m[Kcomparison of integer expressions of different signedness: ‘[01m[Kint[m[K’ and ‘[01m[Kstd::vector<float>::size_type[m[K’ {aka ‘[01m[Klong unsigned int[m[K’} [[01;35m[K-Wsign-compare[m[K]
[52.203s]   161 |         for (int i=0;[01;35m[Ki<ranges.size()[m[K;i++){
[52.203s]       |                      [01;35m[K~^~~~~~~~~~~~~~[m[K
[52.211s] [01m[K/home/nvidia/f1tenth_ws/src/pure_pursuit/src/pure_pursuit_node.cpp:188:23:[m[K [01;35m[Kwarning: [m[Kcomparison of integer expressions of different signedness: ‘[01m[Kint[m[K’ and ‘[01m[Kstd::vector<float>::size_type[m[K’ {aka ‘[01m[Klong unsigned int[m[K’} [[01;35m[K-Wsign-compare[m[K]
[52.212s]   188 |         for (int i=0;[01;35m[Ki<ranges_processed.size()[m[K;i++){
[52.212s]       |                      [01;35m[K~^~~~~~~~~~~~~~~~~~~~~~~~[m[K
[52.253s] [01m[K/home/nvidia/f1tenth_ws/src/pure_pursuit/src/pure_pursuit_node.cpp:[m[K In member function ‘[01m[Kvoid PurePursuit::check_pure_pursuit()[m[K’:
[52.253s] [01m[K/home/nvidia/f1tenth_ws/src/pure_pursuit/src/pure_pursuit_node.cpp:251:23:[m[K [01;35m[Kwarning: [m[Kcomparison of integer expressions of different signedness: ‘[01m[Kint[m[K’ and ‘[01m[Kstd::vector<std::vector<double, std::allocator<double> > >::size_type[m[K’ {aka ‘[01m[Klong unsigned int[m[K’} [[01;35m[K-Wsign-compare[m[K]
[52.254s]   251 |         for(int i=0; [01;35m[Ki<waypoints.size()[m[K; ++i)
[52.254s]       |                      [01;35m[K~^~~~~~~~~~~~~~~~~[m[K
[52.364s] [01m[K/home/nvidia/f1tenth_ws/src/pure_pursuit/src/pure_pursuit_node.cpp:[m[K In member function ‘[01m[Kvoid PurePursuit::visualize_path_points()[m[K’:
[52.365s] [01m[K/home/nvidia/f1tenth_ws/src/pure_pursuit/src/pure_pursuit_node.cpp:332:23:[m[K [01;35m[Kwarning: [m[Kcomparison of integer expressions of different signedness: ‘[01m[Kint[m[K’ and ‘[01m[Kstd::vector<std::vector<double, std::allocator<double> > >::size_type[m[K’ {aka ‘[01m[Klong unsigned int[m[K’} [[01;35m[K-Wsign-compare[m[K]
[52.365s]   332 |         for(int i=0; [01;35m[Ki<waypoints.size()[m[K; ++i)
[52.366s]       |                      [01;35m[K~^~~~~~~~~~~~~~~~~[m[K
[105.741s] [100%] [32m[1mLinking CXX executable pure_pursuit_node[0m
[108.791s] [100%] Built target pure_pursuit_node
[108.882s] [35m[1mScanning dependencies of target ament_cmake_python_copy_pure_pursuit_setup[0m
[109.156s] [100%] Built target ament_cmake_python_copy_pure_pursuit_setup
[109.232s] [35m[1mScanning dependencies of target ament_cmake_python_build_pure_pursuit_egg[0m
[111.552s] /home/nvidia/.local/lib/python3.8/site-packages/setuptools/dist.py:771: UserWarning: Usage of dash-separated 'script-dir' will not be supported in future versions. Please use the underscore name 'script_dir' instead
[111.552s]   warnings.warn(
[111.558s] /home/nvidia/.local/lib/python3.8/site-packages/setuptools/dist.py:771: UserWarning: Usage of dash-separated 'install-scripts' will not be supported in future versions. Please use the underscore name 'install_scripts' instead
[111.559s]   warnings.warn(
[112.275s] running egg_info
[112.285s] creating pure_pursuit.egg-info
[112.426s] writing pure_pursuit.egg-info/PKG-INFO
[112.429s] writing dependency_links to pure_pursuit.egg-info/dependency_links.txt
[112.432s] writing top-level names to pure_pursuit.egg-info/top_level.txt
[112.442s] writing manifest file 'pure_pursuit.egg-info/SOURCES.txt'
[112.787s] reading manifest file 'pure_pursuit.egg-info/SOURCES.txt'
[112.791s] writing manifest file 'pure_pursuit.egg-info/SOURCES.txt'
[113.144s] [100%] Built target ament_cmake_python_build_pure_pursuit_egg
[113.305s] Invoked command in '/home/nvidia/f1tenth_ws/build/pure_pursuit' returned '0': CMAKE_PREFIX_PATH=${CMAKE_PREFIX_PATH}:/home/nvidia/f1tenth_ws/install/f1tenth_stack:/home/nvidia/f1tenth_ws/install/joy_teleop:/home/nvidia/f1tenth_ws/install/particle_filter:/home/nvidia/f1tenth_ws/install/mouse_teleop:/home/nvidia/f1tenth_ws/install/key_teleop:/home/nvidia/f1tenth_ws/install/f1tenth_gym_ros:/opt/ros/galactic /usr/bin/cmake --build /home/nvidia/f1tenth_ws/build/pure_pursuit -- -j6 -l6
[113.841s] Invoking command in '/home/nvidia/f1tenth_ws/build/pure_pursuit': CMAKE_PREFIX_PATH=${CMAKE_PREFIX_PATH}:/home/nvidia/f1tenth_ws/install/f1tenth_stack:/home/nvidia/f1tenth_ws/install/joy_teleop:/home/nvidia/f1tenth_ws/install/particle_filter:/home/nvidia/f1tenth_ws/install/mouse_teleop:/home/nvidia/f1tenth_ws/install/key_teleop:/home/nvidia/f1tenth_ws/install/f1tenth_gym_ros:/opt/ros/galactic /usr/bin/cmake --install /home/nvidia/f1tenth_ws/build/pure_pursuit
[113.947s] -- Install configuration: ""
[113.948s] -- Installing: /home/nvidia/f1tenth_ws/install/pure_pursuit/lib/pure_pursuit/pure_pursuit_node
[114.003s] -- Set runtime path of "/home/nvidia/f1tenth_ws/install/pure_pursuit/lib/pure_pursuit/pure_pursuit_node" to ""
[114.006s] -- Installing: /home/nvidia/f1tenth_ws/install/pure_pursuit/share/pure_pursuit/environment/pythonpath.sh
[114.006s] -- Installing: /home/nvidia/f1tenth_ws/install/pure_pursuit/share/pure_pursuit/environment/pythonpath.dsv
[114.006s] -- Installing: /home/nvidia/f1tenth_ws/install/pure_pursuit/lib/python3.8/site-packages//pure_pursuit.egg-info
[114.007s] -- Installing: /home/nvidia/f1tenth_ws/install/pure_pursuit/lib/python3.8/site-packages//pure_pursuit.egg-info/PKG-INFO
[114.008s] -- Installing: /home/nvidia/f1tenth_ws/install/pure_pursuit/lib/python3.8/site-packages//pure_pursuit.egg-info/SOURCES.txt
[114.014s] -- Installing: /home/nvidia/f1tenth_ws/install/pure_pursuit/lib/python3.8/site-packages//pure_pursuit.egg-info/top_level.txt
[114.015s] -- Installing: /home/nvidia/f1tenth_ws/install/pure_pursuit/lib/python3.8/site-packages//pure_pursuit.egg-info/dependency_links.txt
[114.015s] -- Installing: /home/nvidia/f1tenth_ws/install/pure_pursuit/lib/python3.8/site-packages/pure_pursuit
[114.016s] -- Installing: /home/nvidia/f1tenth_ws/install/pure_pursuit/lib/python3.8/site-packages/pure_pursuit/__init__.py
[114.303s] Listing '/home/nvidia/f1tenth_ws/install/pure_pursuit/lib/python3.8/site-packages/pure_pursuit'...
[114.306s] Compiling '/home/nvidia/f1tenth_ws/install/pure_pursuit/lib/python3.8/site-packages/pure_pursuit/__init__.py'...
[114.332s] -- Installing: /home/nvidia/f1tenth_ws/install/pure_pursuit/lib/pure_pursuit/pure_pursuit_node.py
[114.334s] -- Installing: /home/nvidia/f1tenth_ws/install/pure_pursuit/lib/pure_pursuit/clickpoint_logger.py
[114.334s] -- Installing: /home/nvidia/f1tenth_ws/install/pure_pursuit/lib/pure_pursuit/waypoint_logger.py
[114.336s] -- Installing: /home/nvidia/f1tenth_ws/install/pure_pursuit/share/ament_index/resource_index/package_run_dependencies/pure_pursuit
[114.342s] -- Installing: /home/nvidia/f1tenth_ws/install/pure_pursuit/share/ament_index/resource_index/parent_prefix_path/pure_pursuit
[114.343s] -- Installing: /home/nvidia/f1tenth_ws/install/pure_pursuit/share/pure_pursuit/environment/ament_prefix_path.sh
[114.344s] -- Installing: /home/nvidia/f1tenth_ws/install/pure_pursuit/share/pure_pursuit/environment/ament_prefix_path.dsv
[114.344s] -- Installing: /home/nvidia/f1tenth_ws/install/pure_pursuit/share/pure_pursuit/environment/path.sh
[114.347s] -- Installing: /home/nvidia/f1tenth_ws/install/pure_pursuit/share/pure_pursuit/environment/path.dsv
[114.348s] -- Installing: /home/nvidia/f1tenth_ws/install/pure_pursuit/share/pure_pursuit/local_setup.bash
[114.348s] -- Installing: /home/nvidia/f1tenth_ws/install/pure_pursuit/share/pure_pursuit/local_setup.sh
[114.349s] -- Installing: /home/nvidia/f1tenth_ws/install/pure_pursuit/share/pure_pursuit/local_setup.zsh
[114.350s] -- Installing: /home/nvidia/f1tenth_ws/install/pure_pursuit/share/pure_pursuit/local_setup.dsv
[114.351s] -- Installing: /home/nvidia/f1tenth_ws/install/pure_pursuit/share/pure_pursuit/package.dsv
[114.352s] -- Installing: /home/nvidia/f1tenth_ws/install/pure_pursuit/share/ament_index/resource_index/packages/pure_pursuit
[114.364s] -- Installing: /home/nvidia/f1tenth_ws/install/pure_pursuit/share/pure_pursuit/cmake/pure_pursuitConfig.cmake
[114.364s] -- Installing: /home/nvidia/f1tenth_ws/install/pure_pursuit/share/pure_pursuit/cmake/pure_pursuitConfig-version.cmake
[114.366s] -- Installing: /home/nvidia/f1tenth_ws/install/pure_pursuit/share/pure_pursuit/package.xml
[114.385s] Invoked command in '/home/nvidia/f1tenth_ws/build/pure_pursuit' returned '0': CMAKE_PREFIX_PATH=${CMAKE_PREFIX_PATH}:/home/nvidia/f1tenth_ws/install/f1tenth_stack:/home/nvidia/f1tenth_ws/install/joy_teleop:/home/nvidia/f1tenth_ws/install/particle_filter:/home/nvidia/f1tenth_ws/install/mouse_teleop:/home/nvidia/f1tenth_ws/install/key_teleop:/home/nvidia/f1tenth_ws/install/f1tenth_gym_ros:/opt/ros/galactic /usr/bin/cmake --install /home/nvidia/f1tenth_ws/build/pure_pursuit
