[0.145s] Invoking command in '/home/nvidia/f1tenth_ws/build/range_lib': /usr/bin/cmake --build /home/nvidia/f1tenth_ws/build/range_lib -- -j6 -l6
[0.245s] make: Warning: File 'Makefile' has modification time 15464465 s in the future
[0.770s] -- Configuring done
[0.892s] -- Generating done
[0.897s] -- Build files have been written to: /home/nvidia/f1tenth_ws/build/range_lib
[0.985s] make[2]: Warning: File 'vendor/gflags/CMakeFiles/gflags_nothreads_static.dir/flags.make' has modification time 15464464 s in the future
[0.990s] make[2]: Warning: File 'vendor/gflags/CMakeFiles/gflags_static.dir/flags.make' has modification time 15464464 s in the future
[1.052s] make[2]: warning:  Clock skew detected.  Your build may be incomplete.
[1.053s] make[2]: Warning: File 'vendor/gflags/CMakeFiles/gflags_nothreads_static.dir/flags.make' has modification time 15464464 s in the future
[1.054s] make[2]: warning:  Clock skew detected.  Your build may be incomplete.
[1.082s] make[2]: warning:  Clock skew detected.  Your build may be incomplete.
[1.083s] make[2]: Warning: File 'vendor/gflags/CMakeFiles/gflags_static.dir/flags.make' has modification time 15464464 s in the future
[1.083s] make[2]: warning:  Clock skew detected.  Your build may be incomplete.
[1.110s] [ 33%] Built target gflags_nothreads_static
[1.132s] [ 66%] Built target gflags_static
[1.134s] make[2]: Warning: File 'CMakeFiles/range_lib.dir/flags.make' has modification time 15464464 s in the future
[1.205s] make[2]: warning:  Clock skew detected.  Your build may be incomplete.
[1.235s] make[2]: Warning: File 'CMakeFiles/range_lib.dir/flags.make' has modification time 15464464 s in the future
[1.262s] make[2]: warning:  Clock skew detected.  Your build may be incomplete.
[1.317s] [100%] Built target range_lib
[1.390s] make: warning:  Clock skew detected.  Your build may be incomplete.
[1.397s] Invoked command in '/home/nvidia/f1tenth_ws/build/range_lib' returned '0': /usr/bin/cmake --build /home/nvidia/f1tenth_ws/build/range_lib -- -j6 -l6
[1.681s] Invoking command in '/home/nvidia/f1tenth_ws/build/range_lib': /usr/bin/cmake --install /home/nvidia/f1tenth_ws/build/range_lib
[1.733s] -- Install configuration: "Release"
[1.736s] -- Up-to-date: /home/nvidia/f1tenth_ws/install/range_lib/lib/libgflags.a
[1.736s] -- Up-to-date: /home/nvidia/f1tenth_ws/install/range_lib/lib/libgflags_nothreads.a
[1.738s] -- Up-to-date: /home/nvidia/f1tenth_ws/install/range_lib/include/gflags/gflags.h
[1.739s] -- Up-to-date: /home/nvidia/f1tenth_ws/install/range_lib/include/gflags/gflags_declare.h
[1.740s] -- Up-to-date: /home/nvidia/f1tenth_ws/install/range_lib/include/gflags/gflags_completions.h
[1.740s] -- Up-to-date: /home/nvidia/f1tenth_ws/install/range_lib/include/gflags/gflags_gflags.h
[1.741s] -- Up-to-date: /home/nvidia/f1tenth_ws/install/range_lib/lib/cmake/gflags/gflags-config.cmake
[1.742s] -- Up-to-date: /home/nvidia/f1tenth_ws/install/range_lib/lib/cmake/gflags/gflags-config-version.cmake
[1.742s] -- Up-to-date: /home/nvidia/f1tenth_ws/install/range_lib/lib/cmake/gflags/gflags-targets.cmake
[1.744s] -- Up-to-date: /home/nvidia/f1tenth_ws/install/range_lib/bin/gflags_completions.sh
[1.746s] -- Up-to-date: /home/nvidia/f1tenth_ws/install/range_lib/lib/pkgconfig/gflags.pc
[1.747s] -- Installing: /home/nvidia/.cmake/packages/gflags/2028594a0ebd649dfc76e879e5d10b3f
[1.758s] Invoked command in '/home/nvidia/f1tenth_ws/build/range_lib' returned '0': /usr/bin/cmake --install /home/nvidia/f1tenth_ws/build/range_lib
