[0.164s] Invoking command in '/home/nvidia/f1tenth_ws/build/pure_pursuit': CMAKE_PREFIX_PATH=${CMAKE_PREFIX_PATH}:/home/nvidia/f1tenth_ws/install/f1tenth_stack:/home/nvidia/f1tenth_ws/install/joy_teleop:/home/nvidia/f1tenth_ws/install/particle_filter:/home/nvidia/f1tenth_ws/install/mouse_teleop:/home/nvidia/f1tenth_ws/install/key_teleop:/home/nvidia/f1tenth_ws/install/f1tenth_gym_ros:/opt/ros/galactic /usr/bin/cmake --build /home/nvidia/f1tenth_ws/build/pure_pursuit -- -j6 -l6
[0.334s] make: Warning: File 'Makefile' has modification time 15896814 s in the future
[0.553s] make[1]: Warning: File 'CMakeFiles/Makefile2' has modification time 15896814 s in the future
[0.562s] make[2]: Warning: File 'CMakeFiles/ament_cmake_python_copy_pure_pursuit.dir/progress.make' has modification time 15896814 s in the future
[0.680s] make[2]: warning:  Clock skew detected.  Your build may be incomplete.
[0.687s] make[2]: Warning: File 'CMakeFiles/ament_cmake_python_copy_pure_pursuit.dir/progress.make' has modification time 15896814 s in the future
[0.746s] make[2]: warning:  Clock skew detected.  Your build may be incomplete.
[0.804s] [  0%] Built target ament_cmake_python_copy_pure_pursuit
[0.828s] make[2]: Warning: File 'CMakeFiles/pure_pursuit_node.dir/flags.make' has modification time 1852 s in the future
[0.905s] make[2]: warning:  Clock skew detected.  Your build may be incomplete.
[0.923s] make[2]: Warning: File 'CMakeFiles/pure_pursuit_node.dir/flags.make' has modification time 1852 s in the future
[0.980s] make[2]: warning:  Clock skew detected.  Your build may be incomplete.
[1.039s] [100%] Built target pure_pursuit_node
[1.053s] make[2]: Warning: File 'CMakeFiles/ament_cmake_python_copy_pure_pursuit_setup.dir/progress.make' has modification time 15896813 s in the future
[1.117s] make[2]: warning:  Clock skew detected.  Your build may be incomplete.
[1.126s] make[2]: Warning: File 'CMakeFiles/ament_cmake_python_copy_pure_pursuit_setup.dir/progress.make' has modification time 15896813 s in the future
[1.185s] make[2]: warning:  Clock skew detected.  Your build may be incomplete.
[1.307s] [100%] Built target ament_cmake_python_copy_pure_pursuit_setup
[1.326s] make[2]: Warning: File 'CMakeFiles/ament_cmake_python_build_pure_pursuit_egg.dir/progress.make' has modification time 15896813 s in the future
[1.469s] make[2]: warning:  Clock skew detected.  Your build may be incomplete.
[1.492s] make[2]: Warning: File 'CMakeFiles/ament_cmake_python_build_pure_pursuit_egg.dir/progress.make' has modification time 15896813 s in the future
[3.874s] /home/nvidia/.local/lib/python3.8/site-packages/setuptools/dist.py:771: UserWarning: Usage of dash-separated 'script-dir' will not be supported in future versions. Please use the underscore name 'script_dir' instead
[3.874s]   warnings.warn(
[3.879s] /home/nvidia/.local/lib/python3.8/site-packages/setuptools/dist.py:771: UserWarning: Usage of dash-separated 'install-scripts' will not be supported in future versions. Please use the underscore name 'install_scripts' instead
[3.880s]   warnings.warn(
[4.396s] running egg_info
[4.579s] writing pure_pursuit.egg-info/PKG-INFO
[4.580s] writing dependency_links to pure_pursuit.egg-info/dependency_links.txt
[4.582s] writing top-level names to pure_pursuit.egg-info/top_level.txt
[4.940s] reading manifest file 'pure_pursuit.egg-info/SOURCES.txt'
[4.944s] writing manifest file 'pure_pursuit.egg-info/SOURCES.txt'
[5.188s] make[2]: warning:  Clock skew detected.  Your build may be incomplete.
[5.376s] [100%] Built target ament_cmake_python_build_pure_pursuit_egg
[5.392s] make[1]: warning:  Clock skew detected.  Your build may be incomplete.
[5.542s] make: warning:  Clock skew detected.  Your build may be incomplete.
[5.555s] Invoked command in '/home/nvidia/f1tenth_ws/build/pure_pursuit' returned '0': CMAKE_PREFIX_PATH=${CMAKE_PREFIX_PATH}:/home/nvidia/f1tenth_ws/install/f1tenth_stack:/home/nvidia/f1tenth_ws/install/joy_teleop:/home/nvidia/f1tenth_ws/install/particle_filter:/home/nvidia/f1tenth_ws/install/mouse_teleop:/home/nvidia/f1tenth_ws/install/key_teleop:/home/nvidia/f1tenth_ws/install/f1tenth_gym_ros:/opt/ros/galactic /usr/bin/cmake --build /home/nvidia/f1tenth_ws/build/pure_pursuit -- -j6 -l6
[6.030s] Invoking command in '/home/nvidia/f1tenth_ws/build/pure_pursuit': CMAKE_PREFIX_PATH=${CMAKE_PREFIX_PATH}:/home/nvidia/f1tenth_ws/install/f1tenth_stack:/home/nvidia/f1tenth_ws/install/joy_teleop:/home/nvidia/f1tenth_ws/install/particle_filter:/home/nvidia/f1tenth_ws/install/mouse_teleop:/home/nvidia/f1tenth_ws/install/key_teleop:/home/nvidia/f1tenth_ws/install/f1tenth_gym_ros:/opt/ros/galactic /usr/bin/cmake --install /home/nvidia/f1tenth_ws/build/pure_pursuit
[6.201s] -- Install configuration: ""
[6.212s] -- Up-to-date: /home/nvidia/f1tenth_ws/install/pure_pursuit/lib/pure_pursuit/pure_pursuit_node
[6.215s] -- Up-to-date: /home/nvidia/f1tenth_ws/install/pure_pursuit/share/pure_pursuit/environment/pythonpath.sh
[6.217s] -- Up-to-date: /home/nvidia/f1tenth_ws/install/pure_pursuit/share/pure_pursuit/environment/pythonpath.dsv
[6.219s] -- Up-to-date: /home/nvidia/f1tenth_ws/install/pure_pursuit/lib/python3.8/site-packages//pure_pursuit.egg-info
[6.224s] -- Installing: /home/nvidia/f1tenth_ws/install/pure_pursuit/lib/python3.8/site-packages//pure_pursuit.egg-info/PKG-INFO
[6.227s] -- Installing: /home/nvidia/f1tenth_ws/install/pure_pursuit/lib/python3.8/site-packages//pure_pursuit.egg-info/SOURCES.txt
[6.229s] -- Installing: /home/nvidia/f1tenth_ws/install/pure_pursuit/lib/python3.8/site-packages//pure_pursuit.egg-info/top_level.txt
[6.231s] -- Installing: /home/nvidia/f1tenth_ws/install/pure_pursuit/lib/python3.8/site-packages//pure_pursuit.egg-info/dependency_links.txt
[6.238s] -- Up-to-date: /home/nvidia/f1tenth_ws/install/pure_pursuit/lib/python3.8/site-packages/pure_pursuit
[6.240s] -- Up-to-date: /home/nvidia/f1tenth_ws/install/pure_pursuit/lib/python3.8/site-packages/pure_pursuit/__init__.py
[6.647s] Listing '/home/nvidia/f1tenth_ws/install/pure_pursuit/lib/python3.8/site-packages/pure_pursuit'...
[6.696s] -- Up-to-date: /home/nvidia/f1tenth_ws/install/pure_pursuit/lib/pure_pursuit/pure_pursuit_node.py
[6.697s] -- Up-to-date: /home/nvidia/f1tenth_ws/install/pure_pursuit/lib/pure_pursuit/clickpoint_logger.py
[6.697s] -- Up-to-date: /home/nvidia/f1tenth_ws/install/pure_pursuit/lib/pure_pursuit/waypoint_logger.py
[6.698s] -- Up-to-date: /home/nvidia/f1tenth_ws/install/pure_pursuit/share/ament_index/resource_index/package_run_dependencies/pure_pursuit
[6.699s] -- Up-to-date: /home/nvidia/f1tenth_ws/install/pure_pursuit/share/ament_index/resource_index/parent_prefix_path/pure_pursuit
[6.699s] -- Up-to-date: /home/nvidia/f1tenth_ws/install/pure_pursuit/share/pure_pursuit/environment/ament_prefix_path.sh
[6.700s] -- Up-to-date: /home/nvidia/f1tenth_ws/install/pure_pursuit/share/pure_pursuit/environment/ament_prefix_path.dsv
[6.701s] -- Up-to-date: /home/nvidia/f1tenth_ws/install/pure_pursuit/share/pure_pursuit/environment/path.sh
[6.701s] -- Up-to-date: /home/nvidia/f1tenth_ws/install/pure_pursuit/share/pure_pursuit/environment/path.dsv
[6.702s] -- Up-to-date: /home/nvidia/f1tenth_ws/install/pure_pursuit/share/pure_pursuit/local_setup.bash
[6.703s] -- Up-to-date: /home/nvidia/f1tenth_ws/install/pure_pursuit/share/pure_pursuit/local_setup.sh
[6.703s] -- Up-to-date: /home/nvidia/f1tenth_ws/install/pure_pursuit/share/pure_pursuit/local_setup.zsh
[6.704s] -- Up-to-date: /home/nvidia/f1tenth_ws/install/pure_pursuit/share/pure_pursuit/local_setup.dsv
[6.704s] -- Installing: /home/nvidia/f1tenth_ws/install/pure_pursuit/share/pure_pursuit/package.dsv
[6.705s] -- Up-to-date: /home/nvidia/f1tenth_ws/install/pure_pursuit/share/ament_index/resource_index/packages/pure_pursuit
[6.705s] -- Up-to-date: /home/nvidia/f1tenth_ws/install/pure_pursuit/share/pure_pursuit/cmake/pure_pursuitConfig.cmake
[6.705s] -- Up-to-date: /home/nvidia/f1tenth_ws/install/pure_pursuit/share/pure_pursuit/cmake/pure_pursuitConfig-version.cmake
[6.706s] -- Up-to-date: /home/nvidia/f1tenth_ws/install/pure_pursuit/share/pure_pursuit/package.xml
[6.739s] Invoked command in '/home/nvidia/f1tenth_ws/build/pure_pursuit' returned '0': CMAKE_PREFIX_PATH=${CMAKE_PREFIX_PATH}:/home/nvidia/f1tenth_ws/install/f1tenth_stack:/home/nvidia/f1tenth_ws/install/joy_teleop:/home/nvidia/f1tenth_ws/install/particle_filter:/home/nvidia/f1tenth_ws/install/mouse_teleop:/home/nvidia/f1tenth_ws/install/key_teleop:/home/nvidia/f1tenth_ws/install/f1tenth_gym_ros:/opt/ros/galactic /usr/bin/cmake --install /home/nvidia/f1tenth_ws/build/pure_pursuit
