[0.202s] Invoking command in '/home/nvidia/f1tenth_ws/build/pure_pursuit': CMAKE_PREFIX_PATH=${CMAKE_PREFIX_PATH}:/home/nvidia/f1tenth_ws/install/f1tenth_stack:/home/nvidia/f1tenth_ws/install/joy_teleop:/home/nvidia/f1tenth_ws/install/particle_filter:/home/nvidia/f1tenth_ws/install/mouse_teleop:/home/nvidia/f1tenth_ws/install/key_teleop:/home/nvidia/f1tenth_ws/install/f1tenth_gym_ros:/opt/ros/galactic /usr/bin/cmake /home/nvidia/f1tenth_ws/src/pure_pursuit -DCMAKE_INSTALL_PREFIX=/home/nvidia/f1tenth_ws/install/pure_pursuit
[0.916s] -- The C compiler identification is GNU 9.4.0
[1.408s] -- The CXX compiler identification is GNU 9.4.0
[1.445s] -- Check for working C compiler: /usr/bin/cc
[2.290s] -- Check for working C compiler: /usr/bin/cc -- works
[2.295s] -- Detecting C compiler ABI info
[3.213s] -- Detecting C compiler ABI info - done
[3.337s] -- Detecting C compile features
[3.339s] -- Detecting C compile features - done
[3.361s] -- Check for working CXX compiler: /usr/bin/c++
[4.236s] -- Check for working CXX compiler: /usr/bin/c++ -- works
[4.260s] -- Detecting CXX compiler ABI info
[5.270s] -- Detecting CXX compiler ABI info - done
[5.399s] -- Detecting CXX compile features
[5.401s] -- Detecting CXX compile features - done
[5.430s] -- Found ament_cmake: 1.1.6 (/opt/ros/galactic/share/ament_cmake/cmake)
[5.741s] -- Found PythonInterp: /usr/bin/python3 (found suitable version "3.8.10", minimum required is "3") 
[5.742s] -- Using PYTHON_EXECUTABLE: /usr/bin/python3
[6.536s] -- Found rclcpp: 9.2.2 (/opt/ros/galactic/share/rclcpp/cmake)
[6.969s] -- Using all available rosidl_typesupport_c: rosidl_typesupport_fastrtps_c;rosidl_typesupport_introspection_c
[7.049s] -- Found rosidl_adapter: 2.2.3 (/opt/ros/galactic/share/rosidl_adapter/cmake)
[8.253s] -- Found OpenSSL: /usr/lib/aarch64-linux-gnu/libcrypto.so (found version "1.1.1f")  
[8.530s] -- Found FastRTPS: /opt/ros/galactic/include  
[9.361s] -- Using all available rosidl_typesupport_cpp: rosidl_typesupport_fastrtps_cpp;rosidl_typesupport_introspection_cpp
[9.913s] -- Found rmw_implementation_cmake: 3.3.1 (/opt/ros/galactic/share/rmw_implementation_cmake/cmake)
[9.943s] -- Found rmw_cyclonedds_cpp: 0.22.6 (/opt/ros/galactic/share/rmw_cyclonedds_cpp/cmake)
[10.071s] -- Using RMW implementation 'rmw_cyclonedds_cpp' as default
[10.077s] -- Looking for pthread.h
[11.186s] -- Looking for pthread.h - found
[11.188s] -- Performing Test CMAKE_HAVE_LIBC_PTHREAD
[11.802s] -- Performing Test CMAKE_HAVE_LIBC_PTHREAD - Failed
[11.803s] -- Looking for pthread_create in pthreads
[12.782s] -- Looking for pthread_create in pthreads - not found
[12.783s] -- Looking for pthread_create in pthread
[13.519s] -- Looking for pthread_create in pthread - found
[13.528s] -- Found Threads: TRUE  
[14.805s] -- Found rclpy: 1.9.3 (/opt/ros/galactic/share/rclpy/cmake)
[14.828s] -- Found geometry_msgs: 2.2.4 (/opt/ros/galactic/share/geometry_msgs/cmake)
[15.051s] -- Found nav_msgs: 2.2.4 (/opt/ros/galactic/share/nav_msgs/cmake)
[15.615s] -- Found ackermann_msgs: 2.0.2 (/opt/ros/galactic/share/ackermann_msgs/cmake)
[15.843s] -- Found sensor_msgs: 2.2.4 (/opt/ros/galactic/share/sensor_msgs/cmake)
[16.261s] -- Found visualization_msgs: 2.2.4 (/opt/ros/galactic/share/visualization_msgs/cmake)
[16.740s] -- Found tf2_ros: 0.17.5 (/opt/ros/galactic/share/tf2_ros/cmake)
[21.682s] -- Found ament_lint_auto: 0.10.7 (/opt/ros/galactic/share/ament_lint_auto/cmake)
[22.603s] -- Added test 'copyright' to check source files copyright and LICENSE
[22.630s] -- Added test 'cppcheck' to perform static code analysis on C / C++ code
[22.634s] -- Configured cppcheck include dirs: /home/nvidia/f1tenth_ws/src/pure_pursuit/include
[22.635s] -- Configured cppcheck exclude dirs and/or files: 
[22.662s] -- Added test 'cpplint' to check C / C++ code against the Google style
[22.663s] -- Configured cpplint exclude dirs and/or files: 
[22.672s] -- Added test 'flake8' to check Python code syntax and style conventions
[22.699s] -- Added test 'lint_cmake' to check CMake code style
[22.709s] -- Added test 'pep257' to check Python code against some of the style conventions in PEP 257
[22.736s] -- Added test 'uncrustify' to check C / C++ code style
[22.736s] -- Configured uncrustify additional arguments: 
[22.743s] -- Added test 'xmllint' to check XML markup files
[22.794s] -- Configuring done
[22.937s] -- Generating done
[22.954s] -- Build files have been written to: /home/nvidia/f1tenth_ws/build/pure_pursuit
[23.016s] Invoked command in '/home/nvidia/f1tenth_ws/build/pure_pursuit' returned '0': CMAKE_PREFIX_PATH=${CMAKE_PREFIX_PATH}:/home/nvidia/f1tenth_ws/install/f1tenth_stack:/home/nvidia/f1tenth_ws/install/joy_teleop:/home/nvidia/f1tenth_ws/install/particle_filter:/home/nvidia/f1tenth_ws/install/mouse_teleop:/home/nvidia/f1tenth_ws/install/key_teleop:/home/nvidia/f1tenth_ws/install/f1tenth_gym_ros:/opt/ros/galactic /usr/bin/cmake /home/nvidia/f1tenth_ws/src/pure_pursuit -DCMAKE_INSTALL_PREFIX=/home/nvidia/f1tenth_ws/install/pure_pursuit
[23.029s] Invoking command in '/home/nvidia/f1tenth_ws/build/pure_pursuit': CMAKE_PREFIX_PATH=${CMAKE_PREFIX_PATH}:/home/nvidia/f1tenth_ws/install/f1tenth_stack:/home/nvidia/f1tenth_ws/install/joy_teleop:/home/nvidia/f1tenth_ws/install/particle_filter:/home/nvidia/f1tenth_ws/install/mouse_teleop:/home/nvidia/f1tenth_ws/install/key_teleop:/home/nvidia/f1tenth_ws/install/f1tenth_gym_ros:/opt/ros/galactic /usr/bin/cmake --build /home/nvidia/f1tenth_ws/build/pure_pursuit -- -j6 -l6
[23.361s] -- Found ament_cmake: 1.1.6 (/opt/ros/galactic/share/ament_cmake/cmake)
[23.573s] -- Using PYTHON_EXECUTABLE: /usr/bin/python3
[24.196s] -- Found rclcpp: 9.2.2 (/opt/ros/galactic/share/rclcpp/cmake)
[24.459s] -- Using all available rosidl_typesupport_c: rosidl_typesupport_fastrtps_c;rosidl_typesupport_introspection_c
[24.480s] -- Found rosidl_adapter: 2.2.3 (/opt/ros/galactic/share/rosidl_adapter/cmake)
[25.417s] -- Using all available rosidl_typesupport_cpp: rosidl_typesupport_fastrtps_cpp;rosidl_typesupport_introspection_cpp
[25.787s] -- Found rmw_implementation_cmake: 3.3.1 (/opt/ros/galactic/share/rmw_implementation_cmake/cmake)
[25.799s] -- Found rmw_cyclonedds_cpp: 0.22.6 (/opt/ros/galactic/share/rmw_cyclonedds_cpp/cmake)
[25.907s] -- Using RMW implementation 'rmw_cyclonedds_cpp' as default
[26.710s] -- Found rclpy: 1.9.3 (/opt/ros/galactic/share/rclpy/cmake)
[26.712s] -- Found geometry_msgs: 2.2.4 (/opt/ros/galactic/share/geometry_msgs/cmake)
[27.005s] -- Found nav_msgs: 2.2.4 (/opt/ros/galactic/share/nav_msgs/cmake)
[27.445s] -- Found ackermann_msgs: 2.0.2 (/opt/ros/galactic/share/ackermann_msgs/cmake)
[27.637s] -- Found sensor_msgs: 2.2.4 (/opt/ros/galactic/share/sensor_msgs/cmake)
[27.991s] -- Found visualization_msgs: 2.2.4 (/opt/ros/galactic/share/visualization_msgs/cmake)
[28.423s] -- Found tf2_ros: 0.17.5 (/opt/ros/galactic/share/tf2_ros/cmake)
[30.673s] -- Found ament_lint_auto: 0.10.7 (/opt/ros/galactic/share/ament_lint_auto/cmake)
[31.238s] -- Added test 'copyright' to check source files copyright and LICENSE
[31.265s] -- Added test 'cppcheck' to perform static code analysis on C / C++ code
[31.270s] -- Configured cppcheck include dirs: /home/nvidia/f1tenth_ws/src/pure_pursuit/include
[31.271s] -- Configured cppcheck exclude dirs and/or files: 
[31.311s] -- Added test 'cpplint' to check C / C++ code against the Google style
[31.312s] -- Configured cpplint exclude dirs and/or files: 
[31.315s] -- Added test 'flake8' to check Python code syntax and style conventions
[31.326s] -- Added test 'lint_cmake' to check CMake code style
[31.331s] -- Added test 'pep257' to check Python code against some of the style conventions in PEP 257
[31.354s] -- Added test 'uncrustify' to check C / C++ code style
[31.355s] -- Configured uncrustify additional arguments: 
[31.359s] -- Added test 'xmllint' to check XML markup files
[31.397s] -- Configuring done
[31.535s] -- Generating done
[31.555s] -- Build files have been written to: /home/nvidia/f1tenth_ws/build/pure_pursuit
[31.888s] [35m[1mScanning dependencies of target ament_cmake_python_copy_pure_pursuit[0m
[32.174s] [  0%] Built target ament_cmake_python_copy_pure_pursuit
[32.319s] [35m[1mScanning dependencies of target pure_pursuit_node[0m
[33.158s] [ 50%] [32mBuilding CXX object CMakeFiles/pure_pursuit_node.dir/src/pure_pursuit_node.cpp.o[0m
[52.342s] [01m[K/home/nvidia/f1tenth_ws/src/pure_pursuit/src/pure_pursuit_node.cpp:[m[K In member function ‘[01m[Kvoid PurePursuit::scan_callback(sensor_msgs::msg::LaserScan_<std::allocator<void> >::ConstSharedPtr)[m[K’:
[52.343s] [01m[K/home/nvidia/f1tenth_ws/src/pure_pursuit/src/pure_pursuit_node.cpp:121:23:[m[K [01;35m[Kwarning: [m[Kcomparison of integer expressions of different signedness: ‘[01m[Kint[m[K’ and ‘[01m[Kstd::vector<float>::size_type[m[K’ {aka ‘[01m[Klong unsigned int[m[K’} [[01;35m[K-Wsign-compare[m[K]
[52.344s]   121 |         for (int i=0;[01;35m[Ki<ranges.size()[m[K;i++){
[52.344s]       |                      [01;35m[K~^~~~~~~~~~~~~~[m[K
[52.352s] [01m[K/home/nvidia/f1tenth_ws/src/pure_pursuit/src/pure_pursuit_node.cpp:[m[K In member function ‘[01m[Kvoid PurePursuit::publish_gap_follow(std::vector<float>)[m[K’:
[52.353s] [01m[K/home/nvidia/f1tenth_ws/src/pure_pursuit/src/pure_pursuit_node.cpp:157:23:[m[K [01;35m[Kwarning: [m[Kcomparison of integer expressions of different signedness: ‘[01m[Kint[m[K’ and ‘[01m[Kstd::vector<float>::size_type[m[K’ {aka ‘[01m[Klong unsigned int[m[K’} [[01;35m[K-Wsign-compare[m[K]
[52.353s]   157 |         for (int i=0;[01;35m[Ki<ranges.size()[m[K;i++){
[52.354s]       |                      [01;35m[K~^~~~~~~~~~~~~~[m[K
[52.364s] [01m[K/home/nvidia/f1tenth_ws/src/pure_pursuit/src/pure_pursuit_node.cpp:182:23:[m[K [01;35m[Kwarning: [m[Kcomparison of integer expressions of different signedness: ‘[01m[Kint[m[K’ and ‘[01m[Kstd::vector<float>::size_type[m[K’ {aka ‘[01m[Klong unsigned int[m[K’} [[01;35m[K-Wsign-compare[m[K]
[52.364s]   182 |         for (int i=0;[01;35m[Ki<ranges_processed.size()[m[K;i++){
[52.365s]       |                      [01;35m[K~^~~~~~~~~~~~~~~~~~~~~~~~[m[K
[52.404s] [01m[K/home/nvidia/f1tenth_ws/src/pure_pursuit/src/pure_pursuit_node.cpp:[m[K In member function ‘[01m[Kvoid PurePursuit::check_pure_pursuit()[m[K’:
[52.405s] [01m[K/home/nvidia/f1tenth_ws/src/pure_pursuit/src/pure_pursuit_node.cpp:229:23:[m[K [01;35m[Kwarning: [m[Kcomparison of integer expressions of different signedness: ‘[01m[Kint[m[K’ and ‘[01m[Kstd::vector<std::vector<double, std::allocator<double> > >::size_type[m[K’ {aka ‘[01m[Klong unsigned int[m[K’} [[01;35m[K-Wsign-compare[m[K]
[52.405s]   229 |         for(int i=0; [01;35m[Ki<waypoints.size()[m[K; ++i)
[52.406s]       |                      [01;35m[K~^~~~~~~~~~~~~~~~~[m[K
[52.545s] [01m[K/home/nvidia/f1tenth_ws/src/pure_pursuit/src/pure_pursuit_node.cpp:[m[K In member function ‘[01m[Kvoid PurePursuit::visualize_path_points()[m[K’:
[52.545s] [01m[K/home/nvidia/f1tenth_ws/src/pure_pursuit/src/pure_pursuit_node.cpp:310:23:[m[K [01;35m[Kwarning: [m[Kcomparison of integer expressions of different signedness: ‘[01m[Kint[m[K’ and ‘[01m[Kstd::vector<std::vector<double, std::allocator<double> > >::size_type[m[K’ {aka ‘[01m[Klong unsigned int[m[K’} [[01;35m[K-Wsign-compare[m[K]
[52.546s]   310 |         for(int i=0; [01;35m[Ki<waypoints.size()[m[K; ++i)
[52.546s]       |                      [01;35m[K~^~~~~~~~~~~~~~~~~[m[K
[108.947s] [100%] [32m[1mLinking CXX executable pure_pursuit_node[0m
[112.850s] [100%] Built target pure_pursuit_node
[112.934s] [35m[1mScanning dependencies of target ament_cmake_python_copy_pure_pursuit_setup[0m
[113.144s] [100%] Built target ament_cmake_python_copy_pure_pursuit_setup
[113.264s] [35m[1mScanning dependencies of target ament_cmake_python_build_pure_pursuit_egg[0m
[115.858s] /home/nvidia/.local/lib/python3.8/site-packages/setuptools/dist.py:771: UserWarning: Usage of dash-separated 'script-dir' will not be supported in future versions. Please use the underscore name 'script_dir' instead
[115.859s]   warnings.warn(
[115.861s] /home/nvidia/.local/lib/python3.8/site-packages/setuptools/dist.py:771: UserWarning: Usage of dash-separated 'install-scripts' will not be supported in future versions. Please use the underscore name 'install_scripts' instead
[115.862s]   warnings.warn(
[116.358s] running egg_info
[116.377s] creating pure_pursuit.egg-info
[116.560s] writing pure_pursuit.egg-info/PKG-INFO
[116.561s] writing dependency_links to pure_pursuit.egg-info/dependency_links.txt
[116.562s] writing top-level names to pure_pursuit.egg-info/top_level.txt
[116.574s] writing manifest file 'pure_pursuit.egg-info/SOURCES.txt'
[117.169s] reading manifest file 'pure_pursuit.egg-info/SOURCES.txt'
[117.178s] writing manifest file 'pure_pursuit.egg-info/SOURCES.txt'
[117.513s] [100%] Built target ament_cmake_python_build_pure_pursuit_egg
[117.639s] Invoked command in '/home/nvidia/f1tenth_ws/build/pure_pursuit' returned '0': CMAKE_PREFIX_PATH=${CMAKE_PREFIX_PATH}:/home/nvidia/f1tenth_ws/install/f1tenth_stack:/home/nvidia/f1tenth_ws/install/joy_teleop:/home/nvidia/f1tenth_ws/install/particle_filter:/home/nvidia/f1tenth_ws/install/mouse_teleop:/home/nvidia/f1tenth_ws/install/key_teleop:/home/nvidia/f1tenth_ws/install/f1tenth_gym_ros:/opt/ros/galactic /usr/bin/cmake --build /home/nvidia/f1tenth_ws/build/pure_pursuit -- -j6 -l6
[118.210s] Invoking command in '/home/nvidia/f1tenth_ws/build/pure_pursuit': CMAKE_PREFIX_PATH=${CMAKE_PREFIX_PATH}:/home/nvidia/f1tenth_ws/install/f1tenth_stack:/home/nvidia/f1tenth_ws/install/joy_teleop:/home/nvidia/f1tenth_ws/install/particle_filter:/home/nvidia/f1tenth_ws/install/mouse_teleop:/home/nvidia/f1tenth_ws/install/key_teleop:/home/nvidia/f1tenth_ws/install/f1tenth_gym_ros:/opt/ros/galactic /usr/bin/cmake --install /home/nvidia/f1tenth_ws/build/pure_pursuit
[118.327s] -- Install configuration: ""
[118.344s] -- Installing: /home/nvidia/f1tenth_ws/install/pure_pursuit/lib/pure_pursuit/pure_pursuit_node
[118.506s] -- Set runtime path of "/home/nvidia/f1tenth_ws/install/pure_pursuit/lib/pure_pursuit/pure_pursuit_node" to ""
[118.507s] -- Installing: /home/nvidia/f1tenth_ws/install/pure_pursuit/share/pure_pursuit/environment/pythonpath.sh
[118.509s] -- Installing: /home/nvidia/f1tenth_ws/install/pure_pursuit/share/pure_pursuit/environment/pythonpath.dsv
[118.511s] -- Installing: /home/nvidia/f1tenth_ws/install/pure_pursuit/lib/python3.8/site-packages//pure_pursuit.egg-info
[118.512s] -- Installing: /home/nvidia/f1tenth_ws/install/pure_pursuit/lib/python3.8/site-packages//pure_pursuit.egg-info/PKG-INFO
[118.518s] -- Installing: /home/nvidia/f1tenth_ws/install/pure_pursuit/lib/python3.8/site-packages//pure_pursuit.egg-info/SOURCES.txt
[118.519s] -- Installing: /home/nvidia/f1tenth_ws/install/pure_pursuit/lib/python3.8/site-packages//pure_pursuit.egg-info/top_level.txt
[118.520s] -- Installing: /home/nvidia/f1tenth_ws/install/pure_pursuit/lib/python3.8/site-packages//pure_pursuit.egg-info/dependency_links.txt
[118.525s] -- Installing: /home/nvidia/f1tenth_ws/install/pure_pursuit/lib/python3.8/site-packages/pure_pursuit
[118.526s] -- Installing: /home/nvidia/f1tenth_ws/install/pure_pursuit/lib/python3.8/site-packages/pure_pursuit/__init__.py
[118.881s] Listing '/home/nvidia/f1tenth_ws/install/pure_pursuit/lib/python3.8/site-packages/pure_pursuit'...
[118.881s] Compiling '/home/nvidia/f1tenth_ws/install/pure_pursuit/lib/python3.8/site-packages/pure_pursuit/__init__.py'...
[118.905s] -- Installing: /home/nvidia/f1tenth_ws/install/pure_pursuit/lib/pure_pursuit/pure_pursuit_node.py
[118.906s] -- Installing: /home/nvidia/f1tenth_ws/install/pure_pursuit/lib/pure_pursuit/clickpoint_logger.py
[118.908s] -- Installing: /home/nvidia/f1tenth_ws/install/pure_pursuit/lib/pure_pursuit/waypoint_logger.py
[118.910s] -- Installing: /home/nvidia/f1tenth_ws/install/pure_pursuit/share/ament_index/resource_index/package_run_dependencies/pure_pursuit
[118.913s] -- Installing: /home/nvidia/f1tenth_ws/install/pure_pursuit/share/ament_index/resource_index/parent_prefix_path/pure_pursuit
[118.916s] -- Installing: /home/nvidia/f1tenth_ws/install/pure_pursuit/share/pure_pursuit/environment/ament_prefix_path.sh
[118.918s] -- Installing: /home/nvidia/f1tenth_ws/install/pure_pursuit/share/pure_pursuit/environment/ament_prefix_path.dsv
[118.918s] -- Installing: /home/nvidia/f1tenth_ws/install/pure_pursuit/share/pure_pursuit/environment/path.sh
[118.919s] -- Installing: /home/nvidia/f1tenth_ws/install/pure_pursuit/share/pure_pursuit/environment/path.dsv
[118.920s] -- Installing: /home/nvidia/f1tenth_ws/install/pure_pursuit/share/pure_pursuit/local_setup.bash
[118.921s] -- Installing: /home/nvidia/f1tenth_ws/install/pure_pursuit/share/pure_pursuit/local_setup.sh
[118.923s] -- Installing: /home/nvidia/f1tenth_ws/install/pure_pursuit/share/pure_pursuit/local_setup.zsh
[118.924s] -- Installing: /home/nvidia/f1tenth_ws/install/pure_pursuit/share/pure_pursuit/local_setup.dsv
[118.925s] -- Installing: /home/nvidia/f1tenth_ws/install/pure_pursuit/share/pure_pursuit/package.dsv
[118.927s] -- Installing: /home/nvidia/f1tenth_ws/install/pure_pursuit/share/ament_index/resource_index/packages/pure_pursuit
[118.929s] -- Installing: /home/nvidia/f1tenth_ws/install/pure_pursuit/share/pure_pursuit/cmake/pure_pursuitConfig.cmake
[118.931s] -- Installing: /home/nvidia/f1tenth_ws/install/pure_pursuit/share/pure_pursuit/cmake/pure_pursuitConfig-version.cmake
[118.931s] -- Installing: /home/nvidia/f1tenth_ws/install/pure_pursuit/share/pure_pursuit/package.xml
[118.951s] Invoked command in '/home/nvidia/f1tenth_ws/build/pure_pursuit' returned '0': CMAKE_PREFIX_PATH=${CMAKE_PREFIX_PATH}:/home/nvidia/f1tenth_ws/install/f1tenth_stack:/home/nvidia/f1tenth_ws/install/joy_teleop:/home/nvidia/f1tenth_ws/install/particle_filter:/home/nvidia/f1tenth_ws/install/mouse_teleop:/home/nvidia/f1tenth_ws/install/key_teleop:/home/nvidia/f1tenth_ws/install/f1tenth_gym_ros:/opt/ros/galactic /usr/bin/cmake --install /home/nvidia/f1tenth_ws/build/pure_pursuit
