[0.077s] Invoking command in '/home/nvidia/f1tenth_ws/build/pure_pursuit': /usr/bin/cmake /home/nvidia/f1tenth_ws/src/pure_pursuit -DCMAKE_INSTALL_PREFIX=/home/nvidia/f1tenth_ws/install/pure_pursuit
[0.612s] -- The C compiler identification is GNU 9.4.0
[1.069s] -- The CXX compiler identification is GNU 9.4.0
[1.102s] -- Check for working C compiler: /usr/bin/cc
[1.542s] -- Check for working C compiler: /usr/bin/cc -- works
[1.548s] -- Detecting C compiler ABI info
[1.972s] -- Detecting C compiler ABI info - done
[2.052s] -- Detecting C compile features
[2.054s] -- Detecting C compile features - done
[2.071s] -- Check for working CXX compiler: /usr/bin/c++
[2.560s] -- Check for working CXX compiler: /usr/bin/c++ -- works
[2.567s] -- Detecting CXX compiler ABI info
[3.041s] -- Detecting CXX compiler ABI info - done
[3.117s] -- Detecting CXX compile features
[3.122s] -- Detecting CXX compile features - done
[3.179s] CMake Error at CMakeLists.txt:28 (find_package):
[3.180s]   By not providing "Findament_cmake.cmake" in CMAKE_MODULE_PATH this project
[3.180s]   has asked CMake to find a package configuration file provided by
[3.181s]   "ament_cmake", but CMake did not find one.
[3.181s] 
[3.182s]   Could not find a package configuration file provided by "ament_cmake" with
[3.182s]   any of the following names:
[3.183s] 
[3.183s]     ament_cmakeConfig.cmake
[3.184s]     ament_cmake-config.cmake
[3.184s] 
[3.184s]   Add the installation prefix of "ament_cmake" to CMAKE_PREFIX_PATH or set
[3.185s]   "ament_cmake_DIR" to a directory containing one of the above files.  If
[3.185s]   "ament_cmake" provides a separate development package or SDK, be sure it
[3.186s]   has been installed.
[3.186s] 
[3.186s] 
[3.187s] -- Configuring incomplete, errors occurred!
[3.187s] See also "/home/nvidia/f1tenth_ws/build/pure_pursuit/CMakeFiles/CMakeOutput.log".
[3.199s] Invoked command in '/home/nvidia/f1tenth_ws/build/pure_pursuit' returned '1': /usr/bin/cmake /home/nvidia/f1tenth_ws/src/pure_pursuit -DCMAKE_INSTALL_PREFIX=/home/nvidia/f1tenth_ws/install/pure_pursuit
