running egg_info
creating ../../../build/f1tenth_stack/f1tenth_stack.egg-info
writing ../../../build/f1tenth_stack/f1tenth_stack.egg-info/PKG-INFO
writing dependency_links to ../../../build/f1tenth_stack/f1tenth_stack.egg-info/dependency_links.txt
writing entry points to ../../../build/f1tenth_stack/f1tenth_stack.egg-info/entry_points.txt
writing requirements to ../../../build/f1tenth_stack/f1tenth_stack.egg-info/requires.txt
writing top-level names to ../../../build/f1tenth_stack/f1tenth_stack.egg-info/top_level.txt
writing manifest file '../../../build/f1tenth_stack/f1tenth_stack.egg-info/SOURCES.txt'
reading manifest file '../../../build/f1tenth_stack/f1tenth_stack.egg-info/SOURCES.txt'
writing manifest file '../../../build/f1tenth_stack/f1tenth_stack.egg-info/SOURCES.txt'
running build
running build_py
creating /home/nvidia/f1tenth_ws/build/f1tenth_stack/build
creating /home/nvidia/f1tenth_ws/build/f1tenth_stack/build/lib
creating /home/nvidia/f1tenth_ws/build/f1tenth_stack/build/lib/f1tenth_stack
copying f1tenth_stack/throttle_interpolator.py -> /home/nvidia/f1tenth_ws/build/f1tenth_stack/build/lib/f1tenth_stack
copying f1tenth_stack/tf_publisher.py -> /home/nvidia/f1tenth_ws/build/f1tenth_stack/build/lib/f1tenth_stack
copying f1tenth_stack/__init__.py -> /home/nvidia/f1tenth_ws/build/f1tenth_stack/build/lib/f1tenth_stack
running install
running install_lib
byte-compiling /home/nvidia/f1tenth_ws/install/f1tenth_stack/lib/python3.8/site-packages/f1tenth_stack/throttle_interpolator.py to throttle_interpolator.cpython-38.pyc
byte-compiling /home/nvidia/f1tenth_ws/install/f1tenth_stack/lib/python3.8/site-packages/f1tenth_stack/__init__.py to __init__.cpython-38.pyc
running install_data
copying config/vesc.yaml -> /home/nvidia/f1tenth_ws/install/f1tenth_stack/share/f1tenth_stack/config
running install_egg_info
removing '/home/nvidia/f1tenth_ws/install/f1tenth_stack/lib/python3.8/site-packages/f1tenth_stack-0.0.1-py3.8.egg-info' (and everything under it)
Copying ../../../build/f1tenth_stack/f1tenth_stack.egg-info to /home/nvidia/f1tenth_ws/install/f1tenth_stack/lib/python3.8/site-packages/f1tenth_stack-0.0.1-py3.8.egg-info
running install_scripts
Installing tf_publisher script to /home/nvidia/f1tenth_ws/install/f1tenth_stack/lib/f1tenth_stack
Installing throttle_interpolator script to /home/nvidia/f1tenth_ws/install/f1tenth_stack/lib/f1tenth_stack
writing list of installed files to '/home/nvidia/f1tenth_ws/build/f1tenth_stack/install.log'
