[0.181s] Invoking command in '/home/nvidia/f1tenth_ws/build/pure_pursuit': CMAKE_PREFIX_PATH=${CMAKE_PREFIX_PATH}:/home/nvidia/f1tenth_ws/install/f1tenth_stack:/home/nvidia/f1tenth_ws/install/joy_teleop:/home/nvidia/f1tenth_ws/install/particle_filter:/home/nvidia/f1tenth_ws/install/mouse_teleop:/home/nvidia/f1tenth_ws/install/key_teleop:/home/nvidia/f1tenth_ws/install/f1tenth_gym_ros:/opt/ros/galactic /usr/bin/cmake /home/nvidia/f1tenth_ws/src/pure_pursuit -DCMAKE_INSTALL_PREFIX=/home/nvidia/f1tenth_ws/install/pure_pursuit
[1.232s] -- The C compiler identification is GNU 9.4.0
[1.900s] -- The CXX compiler identification is GNU 9.4.0
[1.941s] -- Check for working C compiler: /usr/bin/cc
[2.884s] -- Check for working C compiler: /usr/bin/cc -- works
[2.897s] -- Detecting C compiler ABI info
[3.941s] -- Detecting C compiler ABI info - done
[4.008s] -- Detecting C compile features
[4.010s] -- Detecting C compile features - done
[4.025s] -- Check for working CXX compiler: /usr/bin/c++
[5.036s] -- Check for working CXX compiler: /usr/bin/c++ -- works
[5.049s] -- Detecting CXX compiler ABI info
[6.070s] -- Detecting CXX compiler ABI info - done
[6.165s] -- Detecting CXX compile features
[6.168s] -- Detecting CXX compile features - done
[6.197s] -- Found ament_cmake: 1.1.6 (/opt/ros/galactic/share/ament_cmake/cmake)
[6.562s] -- Found PythonInterp: /usr/bin/python3 (found suitable version "3.8.10", minimum required is "3") 
[6.563s] -- Using PYTHON_EXECUTABLE: /usr/bin/python3
[7.700s] -- Found rclcpp: 9.2.2 (/opt/ros/galactic/share/rclcpp/cmake)
[8.283s] -- Using all available rosidl_typesupport_c: rosidl_typesupport_fastrtps_c;rosidl_typesupport_introspection_c
[8.376s] -- Found rosidl_adapter: 2.2.3 (/opt/ros/galactic/share/rosidl_adapter/cmake)
[9.658s] -- Found OpenSSL: /usr/lib/aarch64-linux-gnu/libcrypto.so (found version "1.1.1f")  
[9.989s] -- Found FastRTPS: /opt/ros/galactic/include  
[10.687s] -- Using all available rosidl_typesupport_cpp: rosidl_typesupport_fastrtps_cpp;rosidl_typesupport_introspection_cpp
[11.287s] -- Found rmw_implementation_cmake: 3.3.1 (/opt/ros/galactic/share/rmw_implementation_cmake/cmake)
[11.320s] -- Found rmw_cyclonedds_cpp: 0.22.6 (/opt/ros/galactic/share/rmw_cyclonedds_cpp/cmake)
[11.465s] -- Using RMW implementation 'rmw_cyclonedds_cpp' as default
[11.471s] -- Looking for pthread.h
[12.312s] -- Looking for pthread.h - found
[12.317s] -- Performing Test CMAKE_HAVE_LIBC_PTHREAD
[13.237s] -- Performing Test CMAKE_HAVE_LIBC_PTHREAD - Failed
[13.245s] -- Looking for pthread_create in pthreads
[14.211s] -- Looking for pthread_create in pthreads - not found
[14.212s] -- Looking for pthread_create in pthread
[15.233s] -- Looking for pthread_create in pthread - found
[15.242s] -- Found Threads: TRUE  
[16.566s] -- Found rclpy: 1.9.3 (/opt/ros/galactic/share/rclpy/cmake)
[16.585s] -- Found geometry_msgs: 2.2.4 (/opt/ros/galactic/share/geometry_msgs/cmake)
[16.784s] -- Found nav_msgs: 2.2.4 (/opt/ros/galactic/share/nav_msgs/cmake)
[17.209s] -- Found ackermann_msgs: 2.0.2 (/opt/ros/galactic/share/ackermann_msgs/cmake)
[17.430s] -- Found sensor_msgs: 2.2.4 (/opt/ros/galactic/share/sensor_msgs/cmake)
[17.820s] -- Found visualization_msgs: 2.2.4 (/opt/ros/galactic/share/visualization_msgs/cmake)
[18.489s] -- Found tf2_ros: 0.17.5 (/opt/ros/galactic/share/tf2_ros/cmake)
[23.718s] -- Found ament_lint_auto: 0.10.7 (/opt/ros/galactic/share/ament_lint_auto/cmake)
[24.735s] -- Added test 'copyright' to check source files copyright and LICENSE
[24.797s] -- Added test 'cppcheck' to perform static code analysis on C / C++ code
[24.801s] -- Configured cppcheck include dirs: /home/nvidia/f1tenth_ws/src/pure_pursuit/include
[24.802s] -- Configured cppcheck exclude dirs and/or files: 
[24.846s] -- Added test 'cpplint' to check C / C++ code against the Google style
[24.846s] -- Configured cpplint exclude dirs and/or files: 
[24.869s] -- Added test 'flake8' to check Python code syntax and style conventions
[24.880s] -- Added test 'lint_cmake' to check CMake code style
[24.885s] -- Added test 'pep257' to check Python code against some of the style conventions in PEP 257
[24.924s] -- Added test 'uncrustify' to check C / C++ code style
[24.926s] -- Configured uncrustify additional arguments: 
[24.931s] -- Added test 'xmllint' to check XML markup files
[24.974s] -- Configuring done
[25.097s] -- Generating done
[25.113s] -- Build files have been written to: /home/nvidia/f1tenth_ws/build/pure_pursuit
[25.170s] Invoked command in '/home/nvidia/f1tenth_ws/build/pure_pursuit' returned '0': CMAKE_PREFIX_PATH=${CMAKE_PREFIX_PATH}:/home/nvidia/f1tenth_ws/install/f1tenth_stack:/home/nvidia/f1tenth_ws/install/joy_teleop:/home/nvidia/f1tenth_ws/install/particle_filter:/home/nvidia/f1tenth_ws/install/mouse_teleop:/home/nvidia/f1tenth_ws/install/key_teleop:/home/nvidia/f1tenth_ws/install/f1tenth_gym_ros:/opt/ros/galactic /usr/bin/cmake /home/nvidia/f1tenth_ws/src/pure_pursuit -DCMAKE_INSTALL_PREFIX=/home/nvidia/f1tenth_ws/install/pure_pursuit
[25.183s] Invoking command in '/home/nvidia/f1tenth_ws/build/pure_pursuit': CMAKE_PREFIX_PATH=${CMAKE_PREFIX_PATH}:/home/nvidia/f1tenth_ws/install/f1tenth_stack:/home/nvidia/f1tenth_ws/install/joy_teleop:/home/nvidia/f1tenth_ws/install/particle_filter:/home/nvidia/f1tenth_ws/install/mouse_teleop:/home/nvidia/f1tenth_ws/install/key_teleop:/home/nvidia/f1tenth_ws/install/f1tenth_gym_ros:/opt/ros/galactic /usr/bin/cmake --build /home/nvidia/f1tenth_ws/build/pure_pursuit -- -j6 -l6
[25.456s] -- Found ament_cmake: 1.1.6 (/opt/ros/galactic/share/ament_cmake/cmake)
[25.625s] -- Using PYTHON_EXECUTABLE: /usr/bin/python3
[26.052s] -- Found rclcpp: 9.2.2 (/opt/ros/galactic/share/rclcpp/cmake)
[26.306s] -- Using all available rosidl_typesupport_c: rosidl_typesupport_fastrtps_c;rosidl_typesupport_introspection_c
[26.328s] -- Found rosidl_adapter: 2.2.3 (/opt/ros/galactic/share/rosidl_adapter/cmake)
[27.430s] -- Using all available rosidl_typesupport_cpp: rosidl_typesupport_fastrtps_cpp;rosidl_typesupport_introspection_cpp
[27.913s] -- Found rmw_implementation_cmake: 3.3.1 (/opt/ros/galactic/share/rmw_implementation_cmake/cmake)
[27.926s] -- Found rmw_cyclonedds_cpp: 0.22.6 (/opt/ros/galactic/share/rmw_cyclonedds_cpp/cmake)
[28.152s] -- Using RMW implementation 'rmw_cyclonedds_cpp' as default
[28.976s] -- Found rclpy: 1.9.3 (/opt/ros/galactic/share/rclpy/cmake)
[28.976s] -- Found geometry_msgs: 2.2.4 (/opt/ros/galactic/share/geometry_msgs/cmake)
[29.146s] -- Found nav_msgs: 2.2.4 (/opt/ros/galactic/share/nav_msgs/cmake)
[29.684s] -- Found ackermann_msgs: 2.0.2 (/opt/ros/galactic/share/ackermann_msgs/cmake)
[29.964s] -- Found sensor_msgs: 2.2.4 (/opt/ros/galactic/share/sensor_msgs/cmake)
[30.441s] -- Found visualization_msgs: 2.2.4 (/opt/ros/galactic/share/visualization_msgs/cmake)
[30.811s] -- Found tf2_ros: 0.17.5 (/opt/ros/galactic/share/tf2_ros/cmake)
[33.025s] -- Found ament_lint_auto: 0.10.7 (/opt/ros/galactic/share/ament_lint_auto/cmake)
[33.617s] -- Added test 'copyright' to check source files copyright and LICENSE
[33.634s] -- Added test 'cppcheck' to perform static code analysis on C / C++ code
[33.637s] -- Configured cppcheck include dirs: /home/nvidia/f1tenth_ws/src/pure_pursuit/include
[33.637s] -- Configured cppcheck exclude dirs and/or files: 
[33.659s] -- Added test 'cpplint' to check C / C++ code against the Google style
[33.659s] -- Configured cpplint exclude dirs and/or files: 
[33.662s] -- Added test 'flake8' to check Python code syntax and style conventions
[33.669s] -- Added test 'lint_cmake' to check CMake code style
[33.672s] -- Added test 'pep257' to check Python code against some of the style conventions in PEP 257
[33.688s] -- Added test 'uncrustify' to check C / C++ code style
[33.689s] -- Configured uncrustify additional arguments: 
[33.692s] -- Added test 'xmllint' to check XML markup files
[33.728s] -- Configuring done
[33.845s] -- Generating done
[33.861s] -- Build files have been written to: /home/nvidia/f1tenth_ws/build/pure_pursuit
[34.100s] [35m[1mScanning dependencies of target ament_cmake_python_copy_pure_pursuit[0m
[34.317s] [  0%] Built target ament_cmake_python_copy_pure_pursuit
[34.463s] [35m[1mScanning dependencies of target pure_pursuit_node[0m
[35.226s] [ 50%] [32mBuilding CXX object CMakeFiles/pure_pursuit_node.dir/src/pure_pursuit_node.cpp.o[0m
[54.794s] [01m[K/home/nvidia/f1tenth_ws/src/pure_pursuit/src/pure_pursuit_node.cpp:[m[K In member function ‘[01m[Kvoid PurePursuit::scan_callback(sensor_msgs::msg::LaserScan_<std::allocator<void> >::ConstSharedPtr)[m[K’:
[54.794s] [01m[K/home/nvidia/f1tenth_ws/src/pure_pursuit/src/pure_pursuit_node.cpp:118:23:[m[K [01;35m[Kwarning: [m[Kcomparison of integer expressions of different signedness: ‘[01m[Kint[m[K’ and ‘[01m[Kstd::vector<float>::size_type[m[K’ {aka ‘[01m[Klong unsigned int[m[K’} [[01;35m[K-Wsign-compare[m[K]
[54.795s]   118 |       for (int i=0;[01;35m[Ki<ranges.size()[m[K;i++){
[54.796s]       |                    [01;35m[K~^~~~~~~~~~~~~~[m[K
[54.796s] 
[54.802s] [01m[K/home/nvidia/f1tenth_ws/src/pure_pursuit/src/pure_pursuit_node.cpp:[m[K In member function ‘[01m[Kvoid PurePursuit::publish_gap_follow(std::vector<float>)[m[K’:
[54.803s] [01m[K/home/nvidia/f1tenth_ws/src/pure_pursuit/src/pure_pursuit_node.cpp:152:23:[m[K [01;35m[Kwarning: [m[Kcomparison of integer expressions of different signedness: ‘[01m[Kint[m[K’ and ‘[01m[Kstd::vector<float>::size_type[m[K’ {aka ‘[01m[Klong unsigned int[m[K’} [[01;35m[K-Wsign-compare[m[K]
[54.804s]   152 |       for (int i=0;[01;35m[Ki<ranges.size()[m[K;i++){
[54.804s]       |                    [01;35m[K~^~~~~~~~~~~~~~[m[K
[54.805s] 
[54.815s] [01m[K/home/nvidia/f1tenth_ws/src/pure_pursuit/src/pure_pursuit_node.cpp:176:23:[m[K [01;35m[Kwarning: [m[Kcomparison of integer expressions of different signedness: ‘[01m[Kint[m[K’ and ‘[01m[Kstd::vector<float>::size_type[m[K’ {aka ‘[01m[Klong unsigned int[m[K’} [[01;35m[K-Wsign-compare[m[K]
[54.816s]   176 |       for (int i=0;[01;35m[Ki<ranges_processed.size()[m[K;i++){
[54.816s]       |                    [01;35m[K~^~~~~~~~~~~~~~~~~~~~~~~~[m[K
[54.817s] 
[54.867s] [01m[K/home/nvidia/f1tenth_ws/src/pure_pursuit/src/pure_pursuit_node.cpp:[m[K In member function ‘[01m[Kvoid PurePursuit::check_pure_pursuit()[m[K’:
[54.868s] [01m[K/home/nvidia/f1tenth_ws/src/pure_pursuit/src/pure_pursuit_node.cpp:223:23:[m[K [01;35m[Kwarning: [m[Kcomparison of integer expressions of different signedness: ‘[01m[Kint[m[K’ and ‘[01m[Kstd::vector<std::vector<double, std::allocator<double> > >::size_type[m[K’ {aka ‘[01m[Klong unsigned int[m[K’} [[01;35m[K-Wsign-compare[m[K]
[54.869s]   223 |       for(int i=0; [01;35m[Ki<waypoints.size()[m[K; ++i)
[54.869s]       |                    [01;35m[K~^~~~~~~~~~~~~~~~~[m[K
[54.870s] 
[54.991s] [01m[K/home/nvidia/f1tenth_ws/src/pure_pursuit/src/pure_pursuit_node.cpp:[m[K In member function ‘[01m[Kvoid PurePursuit::visualize_path_points()[m[K’:
[54.991s] [01m[K/home/nvidia/f1tenth_ws/src/pure_pursuit/src/pure_pursuit_node.cpp:304:23:[m[K [01;35m[Kwarning: [m[Kcomparison of integer expressions of different signedness: ‘[01m[Kint[m[K’ and ‘[01m[Kstd::vector<std::vector<double, std::allocator<double> > >::size_type[m[K’ {aka ‘[01m[Klong unsigned int[m[K’} [[01;35m[K-Wsign-compare[m[K]
[54.992s]   304 |       for(int i=0; [01;35m[Ki<waypoints.size()[m[K; ++i)
[54.992s]       |                    [01;35m[K~^~~~~~~~~~~~~~~~~[m[K
[54.993s] 
[112.362s] [100%] [32m[1mLinking CXX executable pure_pursuit_node[0m
[116.351s] [100%] Built target pure_pursuit_node
[116.520s] [35m[1mScanning dependencies of target ament_cmake_python_copy_pure_pursuit_setup[0m
[116.711s] [100%] Built target ament_cmake_python_copy_pure_pursuit_setup
[116.805s] [35m[1mScanning dependencies of target ament_cmake_python_build_pure_pursuit_egg[0m
[119.333s] /home/nvidia/.local/lib/python3.8/site-packages/setuptools/dist.py:771: UserWarning: Usage of dash-separated 'script-dir' will not be supported in future versions. Please use the underscore name 'script_dir' instead
[119.336s]   warnings.warn(
[119.338s] /home/nvidia/.local/lib/python3.8/site-packages/setuptools/dist.py:771: UserWarning: Usage of dash-separated 'install-scripts' will not be supported in future versions. Please use the underscore name 'install_scripts' instead
[119.338s]   warnings.warn(
[120.012s] running egg_info
[120.044s] creating pure_pursuit.egg-info
[120.210s] writing pure_pursuit.egg-info/PKG-INFO
[120.212s] writing dependency_links to pure_pursuit.egg-info/dependency_links.txt
[120.213s] writing top-level names to pure_pursuit.egg-info/top_level.txt
[120.223s] writing manifest file 'pure_pursuit.egg-info/SOURCES.txt'
[120.640s] reading manifest file 'pure_pursuit.egg-info/SOURCES.txt'
[120.643s] writing manifest file 'pure_pursuit.egg-info/SOURCES.txt'
[120.971s] [100%] Built target ament_cmake_python_build_pure_pursuit_egg
[121.132s] Invoked command in '/home/nvidia/f1tenth_ws/build/pure_pursuit' returned '0': CMAKE_PREFIX_PATH=${CMAKE_PREFIX_PATH}:/home/nvidia/f1tenth_ws/install/f1tenth_stack:/home/nvidia/f1tenth_ws/install/joy_teleop:/home/nvidia/f1tenth_ws/install/particle_filter:/home/nvidia/f1tenth_ws/install/mouse_teleop:/home/nvidia/f1tenth_ws/install/key_teleop:/home/nvidia/f1tenth_ws/install/f1tenth_gym_ros:/opt/ros/galactic /usr/bin/cmake --build /home/nvidia/f1tenth_ws/build/pure_pursuit -- -j6 -l6
[121.871s] Invoking command in '/home/nvidia/f1tenth_ws/build/pure_pursuit': CMAKE_PREFIX_PATH=${CMAKE_PREFIX_PATH}:/home/nvidia/f1tenth_ws/install/f1tenth_stack:/home/nvidia/f1tenth_ws/install/joy_teleop:/home/nvidia/f1tenth_ws/install/particle_filter:/home/nvidia/f1tenth_ws/install/mouse_teleop:/home/nvidia/f1tenth_ws/install/key_teleop:/home/nvidia/f1tenth_ws/install/f1tenth_gym_ros:/opt/ros/galactic /usr/bin/cmake --install /home/nvidia/f1tenth_ws/build/pure_pursuit
[122.008s] -- Install configuration: ""
[122.010s] -- Installing: /home/nvidia/f1tenth_ws/install/pure_pursuit/lib/pure_pursuit/pure_pursuit_node
[122.094s] -- Set runtime path of "/home/nvidia/f1tenth_ws/install/pure_pursuit/lib/pure_pursuit/pure_pursuit_node" to ""
[122.095s] -- Installing: /home/nvidia/f1tenth_ws/install/pure_pursuit/share/pure_pursuit/environment/pythonpath.sh
[122.097s] -- Installing: /home/nvidia/f1tenth_ws/install/pure_pursuit/share/pure_pursuit/environment/pythonpath.dsv
[122.098s] -- Installing: /home/nvidia/f1tenth_ws/install/pure_pursuit/lib/python3.8/site-packages//pure_pursuit.egg-info
[122.102s] -- Installing: /home/nvidia/f1tenth_ws/install/pure_pursuit/lib/python3.8/site-packages//pure_pursuit.egg-info/PKG-INFO
[122.104s] -- Installing: /home/nvidia/f1tenth_ws/install/pure_pursuit/lib/python3.8/site-packages//pure_pursuit.egg-info/SOURCES.txt
[122.105s] -- Installing: /home/nvidia/f1tenth_ws/install/pure_pursuit/lib/python3.8/site-packages//pure_pursuit.egg-info/top_level.txt
[122.106s] -- Installing: /home/nvidia/f1tenth_ws/install/pure_pursuit/lib/python3.8/site-packages//pure_pursuit.egg-info/dependency_links.txt
[122.108s] -- Installing: /home/nvidia/f1tenth_ws/install/pure_pursuit/lib/python3.8/site-packages/pure_pursuit
[122.109s] -- Installing: /home/nvidia/f1tenth_ws/install/pure_pursuit/lib/python3.8/site-packages/pure_pursuit/__init__.py
[122.398s] Listing '/home/nvidia/f1tenth_ws/install/pure_pursuit/lib/python3.8/site-packages/pure_pursuit'...
[122.399s] Compiling '/home/nvidia/f1tenth_ws/install/pure_pursuit/lib/python3.8/site-packages/pure_pursuit/__init__.py'...
[122.424s] -- Installing: /home/nvidia/f1tenth_ws/install/pure_pursuit/lib/pure_pursuit/pure_pursuit_node.py
[122.427s] -- Installing: /home/nvidia/f1tenth_ws/install/pure_pursuit/lib/pure_pursuit/clickpoint_logger.py
[122.428s] -- Installing: /home/nvidia/f1tenth_ws/install/pure_pursuit/lib/pure_pursuit/waypoint_logger.py
[122.430s] -- Installing: /home/nvidia/f1tenth_ws/install/pure_pursuit/share/ament_index/resource_index/package_run_dependencies/pure_pursuit
[122.432s] -- Installing: /home/nvidia/f1tenth_ws/install/pure_pursuit/share/ament_index/resource_index/parent_prefix_path/pure_pursuit
[122.433s] -- Installing: /home/nvidia/f1tenth_ws/install/pure_pursuit/share/pure_pursuit/environment/ament_prefix_path.sh
[122.438s] -- Installing: /home/nvidia/f1tenth_ws/install/pure_pursuit/share/pure_pursuit/environment/ament_prefix_path.dsv
[122.442s] -- Installing: /home/nvidia/f1tenth_ws/install/pure_pursuit/share/pure_pursuit/environment/path.sh
[122.444s] -- Installing: /home/nvidia/f1tenth_ws/install/pure_pursuit/share/pure_pursuit/environment/path.dsv
[122.446s] -- Installing: /home/nvidia/f1tenth_ws/install/pure_pursuit/share/pure_pursuit/local_setup.bash
[122.448s] -- Installing: /home/nvidia/f1tenth_ws/install/pure_pursuit/share/pure_pursuit/local_setup.sh
[122.450s] -- Installing: /home/nvidia/f1tenth_ws/install/pure_pursuit/share/pure_pursuit/local_setup.zsh
[122.452s] -- Installing: /home/nvidia/f1tenth_ws/install/pure_pursuit/share/pure_pursuit/local_setup.dsv
[122.454s] -- Installing: /home/nvidia/f1tenth_ws/install/pure_pursuit/share/pure_pursuit/package.dsv
[122.456s] -- Installing: /home/nvidia/f1tenth_ws/install/pure_pursuit/share/ament_index/resource_index/packages/pure_pursuit
[122.458s] -- Installing: /home/nvidia/f1tenth_ws/install/pure_pursuit/share/pure_pursuit/cmake/pure_pursuitConfig.cmake
[122.459s] -- Installing: /home/nvidia/f1tenth_ws/install/pure_pursuit/share/pure_pursuit/cmake/pure_pursuitConfig-version.cmake
[122.461s] -- Installing: /home/nvidia/f1tenth_ws/install/pure_pursuit/share/pure_pursuit/package.xml
[122.485s] Invoked command in '/home/nvidia/f1tenth_ws/build/pure_pursuit' returned '0': CMAKE_PREFIX_PATH=${CMAKE_PREFIX_PATH}:/home/nvidia/f1tenth_ws/install/f1tenth_stack:/home/nvidia/f1tenth_ws/install/joy_teleop:/home/nvidia/f1tenth_ws/install/particle_filter:/home/nvidia/f1tenth_ws/install/mouse_teleop:/home/nvidia/f1tenth_ws/install/key_teleop:/home/nvidia/f1tenth_ws/install/f1tenth_gym_ros:/opt/ros/galactic /usr/bin/cmake --install /home/nvidia/f1tenth_ws/build/pure_pursuit
