[0.264s] Invoking command in '/home/nvidia/f1tenth_ws/build/pure_pursuit': CMAKE_PREFIX_PATH=${CMAKE_PREFIX_PATH}:/home/nvidia/f1tenth_ws/install/f1tenth_stack:/home/nvidia/f1tenth_ws/install/joy_teleop:/home/nvidia/f1tenth_ws/install/particle_filter:/home/nvidia/f1tenth_ws/install/mouse_teleop:/home/nvidia/f1tenth_ws/install/key_teleop:/home/nvidia/f1tenth_ws/install/f1tenth_gym_ros:/opt/ros/galactic /usr/bin/cmake /home/nvidia/f1tenth_ws/src/pure_pursuit -DCMAKE_INSTALL_PREFIX=/home/nvidia/f1tenth_ws/install/pure_pursuit
[1.154s] -- The C compiler identification is GNU 9.4.0
[1.794s] -- The CXX compiler identification is GNU 9.4.0
[1.837s] -- Check for working C compiler: /usr/bin/cc
[2.487s] -- Check for working C compiler: /usr/bin/cc -- works
[2.495s] -- Detecting C compiler ABI info
[3.388s] -- Detecting C compiler ABI info - done
[3.524s] -- Detecting C compile features
[3.527s] -- Detecting C compile features - done
[3.544s] -- Check for working CXX compiler: /usr/bin/c++
[4.405s] -- Check for working CXX compiler: /usr/bin/c++ -- works
[4.429s] -- Detecting CXX compiler ABI info
[5.750s] -- Detecting CXX compiler ABI info - done
[5.827s] -- Detecting CXX compile features
[5.842s] -- Detecting CXX compile features - done
[5.874s] -- Found ament_cmake: 1.1.6 (/opt/ros/galactic/share/ament_cmake/cmake)
[6.184s] -- Found PythonInterp: /usr/bin/python3 (found suitable version "3.8.10", minimum required is "3") 
[6.185s] -- Using PYTHON_EXECUTABLE: /usr/bin/python3
[7.336s] -- Found rclcpp: 9.2.2 (/opt/ros/galactic/share/rclcpp/cmake)
[7.846s] -- Using all available rosidl_typesupport_c: rosidl_typesupport_fastrtps_c;rosidl_typesupport_introspection_c
[7.928s] -- Found rosidl_adapter: 2.2.3 (/opt/ros/galactic/share/rosidl_adapter/cmake)
[9.309s] -- Found OpenSSL: /usr/lib/aarch64-linux-gnu/libcrypto.so (found version "1.1.1f")  
[9.673s] -- Found FastRTPS: /opt/ros/galactic/include  
[10.720s] -- Using all available rosidl_typesupport_cpp: rosidl_typesupport_fastrtps_cpp;rosidl_typesupport_introspection_cpp
[11.466s] -- Found rmw_implementation_cmake: 3.3.1 (/opt/ros/galactic/share/rmw_implementation_cmake/cmake)
[11.501s] -- Found rmw_cyclonedds_cpp: 0.22.6 (/opt/ros/galactic/share/rmw_cyclonedds_cpp/cmake)
[11.637s] -- Using RMW implementation 'rmw_cyclonedds_cpp' as default
[11.645s] -- Looking for pthread.h
[12.538s] -- Looking for pthread.h - found
[12.546s] -- Performing Test CMAKE_HAVE_LIBC_PTHREAD
[13.371s] -- Performing Test CMAKE_HAVE_LIBC_PTHREAD - Failed
[13.371s] -- Looking for pthread_create in pthreads
[14.234s] -- Looking for pthread_create in pthreads - not found
[14.237s] -- Looking for pthread_create in pthread
[15.113s] -- Looking for pthread_create in pthread - found
[15.120s] -- Found Threads: TRUE  
[16.283s] -- Found rclpy: 1.9.3 (/opt/ros/galactic/share/rclpy/cmake)
[16.309s] -- Found geometry_msgs: 2.2.4 (/opt/ros/galactic/share/geometry_msgs/cmake)
[16.533s] -- Found nav_msgs: 2.2.4 (/opt/ros/galactic/share/nav_msgs/cmake)
[17.075s] -- Found ackermann_msgs: 2.0.2 (/opt/ros/galactic/share/ackermann_msgs/cmake)
[17.395s] -- Found sensor_msgs: 2.2.4 (/opt/ros/galactic/share/sensor_msgs/cmake)
[17.771s] -- Found visualization_msgs: 2.2.4 (/opt/ros/galactic/share/visualization_msgs/cmake)
[18.337s] -- Found tf2_ros: 0.17.5 (/opt/ros/galactic/share/tf2_ros/cmake)
[23.627s] -- Found ament_lint_auto: 0.10.7 (/opt/ros/galactic/share/ament_lint_auto/cmake)
[24.422s] -- Added test 'copyright' to check source files copyright and LICENSE
[24.447s] -- Added test 'cppcheck' to perform static code analysis on C / C++ code
[24.451s] -- Configured cppcheck include dirs: /home/nvidia/f1tenth_ws/src/pure_pursuit/include
[24.451s] -- Configured cppcheck exclude dirs and/or files: 
[24.473s] -- Added test 'cpplint' to check C / C++ code against the Google style
[24.473s] -- Configured cpplint exclude dirs and/or files: 
[24.480s] -- Added test 'flake8' to check Python code syntax and style conventions
[24.488s] -- Added test 'lint_cmake' to check CMake code style
[24.495s] -- Added test 'pep257' to check Python code against some of the style conventions in PEP 257
[24.516s] -- Added test 'uncrustify' to check C / C++ code style
[24.517s] -- Configured uncrustify additional arguments: 
[24.524s] -- Added test 'xmllint' to check XML markup files
[24.563s] -- Configuring done
[24.676s] -- Generating done
[24.690s] -- Build files have been written to: /home/nvidia/f1tenth_ws/build/pure_pursuit
[24.749s] Invoked command in '/home/nvidia/f1tenth_ws/build/pure_pursuit' returned '0': CMAKE_PREFIX_PATH=${CMAKE_PREFIX_PATH}:/home/nvidia/f1tenth_ws/install/f1tenth_stack:/home/nvidia/f1tenth_ws/install/joy_teleop:/home/nvidia/f1tenth_ws/install/particle_filter:/home/nvidia/f1tenth_ws/install/mouse_teleop:/home/nvidia/f1tenth_ws/install/key_teleop:/home/nvidia/f1tenth_ws/install/f1tenth_gym_ros:/opt/ros/galactic /usr/bin/cmake /home/nvidia/f1tenth_ws/src/pure_pursuit -DCMAKE_INSTALL_PREFIX=/home/nvidia/f1tenth_ws/install/pure_pursuit
[24.767s] Invoking command in '/home/nvidia/f1tenth_ws/build/pure_pursuit': CMAKE_PREFIX_PATH=${CMAKE_PREFIX_PATH}:/home/nvidia/f1tenth_ws/install/f1tenth_stack:/home/nvidia/f1tenth_ws/install/joy_teleop:/home/nvidia/f1tenth_ws/install/particle_filter:/home/nvidia/f1tenth_ws/install/mouse_teleop:/home/nvidia/f1tenth_ws/install/key_teleop:/home/nvidia/f1tenth_ws/install/f1tenth_gym_ros:/opt/ros/galactic /usr/bin/cmake --build /home/nvidia/f1tenth_ws/build/pure_pursuit -- -j6 -l6
[25.213s] -- Found ament_cmake: 1.1.6 (/opt/ros/galactic/share/ament_cmake/cmake)
[25.380s] -- Using PYTHON_EXECUTABLE: /usr/bin/python3
[25.863s] -- Found rclcpp: 9.2.2 (/opt/ros/galactic/share/rclcpp/cmake)
[26.083s] -- Using all available rosidl_typesupport_c: rosidl_typesupport_fastrtps_c;rosidl_typesupport_introspection_c
[26.103s] -- Found rosidl_adapter: 2.2.3 (/opt/ros/galactic/share/rosidl_adapter/cmake)
[26.997s] -- Using all available rosidl_typesupport_cpp: rosidl_typesupport_fastrtps_cpp;rosidl_typesupport_introspection_cpp
[27.401s] -- Found rmw_implementation_cmake: 3.3.1 (/opt/ros/galactic/share/rmw_implementation_cmake/cmake)
[27.412s] -- Found rmw_cyclonedds_cpp: 0.22.6 (/opt/ros/galactic/share/rmw_cyclonedds_cpp/cmake)
[27.527s] -- Using RMW implementation 'rmw_cyclonedds_cpp' as default
[28.441s] -- Found rclpy: 1.9.3 (/opt/ros/galactic/share/rclpy/cmake)
[28.442s] -- Found geometry_msgs: 2.2.4 (/opt/ros/galactic/share/geometry_msgs/cmake)
[28.611s] -- Found nav_msgs: 2.2.4 (/opt/ros/galactic/share/nav_msgs/cmake)
[28.937s] -- Found ackermann_msgs: 2.0.2 (/opt/ros/galactic/share/ackermann_msgs/cmake)
[29.106s] -- Found sensor_msgs: 2.2.4 (/opt/ros/galactic/share/sensor_msgs/cmake)
[29.447s] -- Found visualization_msgs: 2.2.4 (/opt/ros/galactic/share/visualization_msgs/cmake)
[29.803s] -- Found tf2_ros: 0.17.5 (/opt/ros/galactic/share/tf2_ros/cmake)
[32.374s] -- Found ament_lint_auto: 0.10.7 (/opt/ros/galactic/share/ament_lint_auto/cmake)
[32.947s] -- Added test 'copyright' to check source files copyright and LICENSE
[32.975s] -- Added test 'cppcheck' to perform static code analysis on C / C++ code
[32.981s] -- Configured cppcheck include dirs: /home/nvidia/f1tenth_ws/src/pure_pursuit/include
[32.982s] -- Configured cppcheck exclude dirs and/or files: 
[33.005s] -- Added test 'cpplint' to check C / C++ code against the Google style
[33.006s] -- Configured cpplint exclude dirs and/or files: 
[33.012s] -- Added test 'flake8' to check Python code syntax and style conventions
[33.023s] -- Added test 'lint_cmake' to check CMake code style
[33.038s] -- Added test 'pep257' to check Python code against some of the style conventions in PEP 257
[33.074s] -- Added test 'uncrustify' to check C / C++ code style
[33.075s] -- Configured uncrustify additional arguments: 
[33.090s] -- Added test 'xmllint' to check XML markup files
[33.121s] -- Configuring done
[33.244s] -- Generating done
[33.262s] -- Build files have been written to: /home/nvidia/f1tenth_ws/build/pure_pursuit
[33.493s] [35m[1mScanning dependencies of target ament_cmake_python_copy_pure_pursuit[0m
[33.743s] [  0%] Built target ament_cmake_python_copy_pure_pursuit
[33.876s] [35m[1mScanning dependencies of target pure_pursuit_node[0m
[34.545s] [ 50%] [32mBuilding CXX object CMakeFiles/pure_pursuit_node.dir/src/pure_pursuit_node.cpp.o[0m
[55.115s] [01m[K/home/nvidia/f1tenth_ws/src/pure_pursuit/src/pure_pursuit_node.cpp:[m[K In member function ‘[01m[Kvoid PurePursuit::scan_callback(sensor_msgs::msg::LaserScan_<std::allocator<void> >::ConstSharedPtr)[m[K’:
[55.116s] [01m[K/home/nvidia/f1tenth_ws/src/pure_pursuit/src/pure_pursuit_node.cpp:110:15:[m[K [01;35m[Kwarning: [m[Kunused variable ‘[01m[Kangle_min[m[K’ [[01;35m[K-Wunused-variable[m[K]
[55.117s]   110 |         float [01;35m[Kangle_min[m[K = scan_msg->angle_min;
[55.118s]       |               [01;35m[K^~~~~~~~~[m[K
[55.119s] [01m[K/home/nvidia/f1tenth_ws/src/pure_pursuit/src/pure_pursuit_node.cpp:115:13:[m[K [01;35m[Kwarning: [m[Kunused variable ‘[01m[Kidx_min[m[K’ [[01;35m[K-Wunused-variable[m[K]
[55.119s]   115 |         int [01;35m[Kidx_min[m[K = (int) ((angle_max-fov)/angle_increment);
[55.119s]       |             [01;35m[K^~~~~~~[m[K
[55.121s] [01m[K/home/nvidia/f1tenth_ws/src/pure_pursuit/src/pure_pursuit_node.cpp:116:13:[m[K [01;35m[Kwarning: [m[Kunused variable ‘[01m[Kidx_max[m[K’ [[01;35m[K-Wunused-variable[m[K]
[55.121s]   116 |         int [01;35m[Kidx_max[m[K = (int) ((angle_max+fov)/angle_increment);
[55.122s]       |             [01;35m[K^~~~~~~[m[K
[55.127s] [01m[K/home/nvidia/f1tenth_ws/src/pure_pursuit/src/pure_pursuit_node.cpp:[m[K In member function ‘[01m[Kvoid PurePursuit::publish_gap_follow(std::vector<float>)[m[K’:
[55.128s] [01m[K/home/nvidia/f1tenth_ws/src/pure_pursuit/src/pure_pursuit_node.cpp:160:23:[m[K [01;35m[Kwarning: [m[Kcomparison of integer expressions of different signedness: ‘[01m[Kint[m[K’ and ‘[01m[Kstd::vector<float>::size_type[m[K’ {aka ‘[01m[Klong unsigned int[m[K’} [[01;35m[K-Wsign-compare[m[K]
[55.129s]   160 |         for (int i=0;[01;35m[Ki<ranges.size()[m[K;i++){
[55.130s]       |                      [01;35m[K~^~~~~~~~~~~~~~[m[K
[55.142s] [01m[K/home/nvidia/f1tenth_ws/src/pure_pursuit/src/pure_pursuit_node.cpp:185:23:[m[K [01;35m[Kwarning: [m[Kcomparison of integer expressions of different signedness: ‘[01m[Kint[m[K’ and ‘[01m[Kstd::vector<float>::size_type[m[K’ {aka ‘[01m[Klong unsigned int[m[K’} [[01;35m[K-Wsign-compare[m[K]
[55.143s]   185 |         for (int i=0;[01;35m[Ki<ranges_processed.size()[m[K;i++){
[55.143s]       |                      [01;35m[K~^~~~~~~~~~~~~~~~~~~~~~~~[m[K
[55.145s] [01m[K/home/nvidia/f1tenth_ws/src/pure_pursuit/src/pure_pursuit_node.cpp:224:28:[m[K [01;31m[Kerror: [m[Kexpected ‘[01m[K;[m[K’ before ‘[01m[K}[m[K’ token
[55.147s]   224 |          velocity = vel_max
[55.148s]       |                            [01;31m[K^[m[K
[55.148s]       |                            [32m[K;[m[K
[55.148s]   225 |         [32m[K}[m[K
[55.149s]       |         [32m[K~[m[K                   
[55.204s] [01m[K/home/nvidia/f1tenth_ws/src/pure_pursuit/src/pure_pursuit_node.cpp:207:15:[m[K [01;35m[Kwarning: [m[Kunused variable ‘[01m[Kangle_min[m[K’ [[01;35m[K-Wunused-variable[m[K]
[55.205s]   207 |         float [01;35m[Kangle_min[m[K = -2.3499;
[55.205s]       |               [01;35m[K^~~~~~~~~[m[K
[55.206s] [01m[K/home/nvidia/f1tenth_ws/src/pure_pursuit/src/pure_pursuit_node.cpp:[m[K In member function ‘[01m[Kvoid PurePursuit::check_pure_pursuit()[m[K’:
[55.206s] [01m[K/home/nvidia/f1tenth_ws/src/pure_pursuit/src/pure_pursuit_node.cpp:244:23:[m[K [01;35m[Kwarning: [m[Kcomparison of integer expressions of different signedness: ‘[01m[Kint[m[K’ and ‘[01m[Kstd::vector<std::vector<double, std::allocator<double> > >::size_type[m[K’ {aka ‘[01m[Klong unsigned int[m[K’} [[01;35m[K-Wsign-compare[m[K]
[55.207s]   244 |         for(int i=0; [01;35m[Ki<waypoints.size()[m[K; ++i)
[55.208s]       |                      [01;35m[K~^~~~~~~~~~~~~~~~~[m[K
[55.329s] [01m[K/home/nvidia/f1tenth_ws/src/pure_pursuit/src/pure_pursuit_node.cpp:[m[K In member function ‘[01m[Kvoid PurePursuit::visualize_path_points()[m[K’:
[55.330s] [01m[K/home/nvidia/f1tenth_ws/src/pure_pursuit/src/pure_pursuit_node.cpp:325:23:[m[K [01;35m[Kwarning: [m[Kcomparison of integer expressions of different signedness: ‘[01m[Kint[m[K’ and ‘[01m[Kstd::vector<std::vector<double, std::allocator<double> > >::size_type[m[K’ {aka ‘[01m[Klong unsigned int[m[K’} [[01;35m[K-Wsign-compare[m[K]
[55.330s]   325 |         for(int i=0; [01;35m[Ki<waypoints.size()[m[K; ++i)
[55.331s]       |                      [01;35m[K~^~~~~~~~~~~~~~~~~[m[K
[76.496s] make[2]: *** [CMakeFiles/pure_pursuit_node.dir/build.make:63: CMakeFiles/pure_pursuit_node.dir/src/pure_pursuit_node.cpp.o] Error 1
[76.498s] make[1]: *** [CMakeFiles/Makefile2:164: CMakeFiles/pure_pursuit_node.dir/all] Error 2
[76.523s] make: *** [Makefile:141: all] Error 2
[76.534s] Invoked command in '/home/nvidia/f1tenth_ws/build/pure_pursuit' returned '2': CMAKE_PREFIX_PATH=${CMAKE_PREFIX_PATH}:/home/nvidia/f1tenth_ws/install/f1tenth_stack:/home/nvidia/f1tenth_ws/install/joy_teleop:/home/nvidia/f1tenth_ws/install/particle_filter:/home/nvidia/f1tenth_ws/install/mouse_teleop:/home/nvidia/f1tenth_ws/install/key_teleop:/home/nvidia/f1tenth_ws/install/f1tenth_gym_ros:/opt/ros/galactic /usr/bin/cmake --build /home/nvidia/f1tenth_ws/build/pure_pursuit -- -j6 -l6
