make: Warning: File 'Makefile' has modification time 15894552 s in the future
make[1]: Warning: File 'CMakeFiles/Makefile2' has modification time 15894552 s in the future
make[2]: Warning: File 'vendor/gflags/CMakeFiles/gflags_nothreads_static.dir/progress.make' has modification time 15894552 s in the future
make[2]: warning:  Clock skew detected.  Your build may be incomplete.
make[2]: Warning: File 'vendor/gflags/CMakeFiles/gflags_nothreads_static.dir/progress.make' has modification time 15894552 s in the future
make[2]: warning:  Clock skew detected.  Your build may be incomplete.
[ 33%] Built target gflags_nothreads_static
make[2]: Warning: File 'vendor/gflags/CMakeFiles/gflags_static.dir/progress.make' has modification time 15894552 s in the future
make[2]: warning:  Clock skew detected.  Your build may be incomplete.
make[2]: Warning: File 'vendor/gflags/CMakeFiles/gflags_static.dir/progress.make' has modification time 15894552 s in the future
make[2]: warning:  Clock skew detected.  Your build may be incomplete.
[ 66%] Built target gflags_static
make[2]: Warning: File 'CMakeFiles/range_lib.dir/progress.make' has modification time 15894551 s in the future
make[2]: warning:  Clock skew detected.  Your build may be incomplete.
make[2]: Warning: File 'CMakeFiles/range_lib.dir/progress.make' has modification time 15894551 s in the future
make[2]: warning:  Clock skew detected.  Your build may be incomplete.
[100%] Built target range_lib
make[1]: warning:  Clock skew detected.  Your build may be incomplete.
make: warning:  Clock skew detected.  Your build may be incomplete.
-- Install configuration: "Release"
-- Up-to-date: /home/nvidia/f1tenth_ws/install/range_lib/lib/libgflags.a
-- Up-to-date: /home/nvidia/f1tenth_ws/install/range_lib/lib/libgflags_nothreads.a
-- Up-to-date: /home/nvidia/f1tenth_ws/install/range_lib/include/gflags/gflags.h
-- Up-to-date: /home/nvidia/f1tenth_ws/install/range_lib/include/gflags/gflags_declare.h
-- Up-to-date: /home/nvidia/f1tenth_ws/install/range_lib/include/gflags/gflags_completions.h
-- Up-to-date: /home/nvidia/f1tenth_ws/install/range_lib/include/gflags/gflags_gflags.h
-- Up-to-date: /home/nvidia/f1tenth_ws/install/range_lib/lib/cmake/gflags/gflags-config.cmake
-- Up-to-date: /home/nvidia/f1tenth_ws/install/range_lib/lib/cmake/gflags/gflags-config-version.cmake
-- Up-to-date: /home/nvidia/f1tenth_ws/install/range_lib/lib/cmake/gflags/gflags-targets.cmake
-- Up-to-date: /home/nvidia/f1tenth_ws/install/range_lib/bin/gflags_completions.sh
-- Up-to-date: /home/nvidia/f1tenth_ws/install/range_lib/lib/pkgconfig/gflags.pc
-- Up-to-date: /home/nvidia/.cmake/packages/gflags/2028594a0ebd649dfc76e879e5d10b3f
