[0.188s] Invoking command in '/home/nvidia/f1tenth_ws/build/range_lib': /usr/bin/cmake --build /home/nvidia/f1tenth_ws/build/range_lib -- -j6 -l6
[0.360s] make: Warning: File 'Makefile' has modification time 15894552 s in the future
[0.586s] make[1]: Warning: File 'CMakeFiles/Makefile2' has modification time 15894552 s in the future
[0.597s] make[2]: Warning: File 'vendor/gflags/CMakeFiles/gflags_nothreads_static.dir/progress.make' has modification time 15894552 s in the future
[0.674s] make[2]: warning:  Clock skew detected.  Your build may be incomplete.
[0.686s] make[2]: Warning: File 'vendor/gflags/CMakeFiles/gflags_nothreads_static.dir/progress.make' has modification time 15894552 s in the future
[0.687s] make[2]: warning:  Clock skew detected.  Your build may be incomplete.
[0.778s] [ 33%] Built target gflags_nothreads_static
[0.801s] make[2]: Warning: File 'vendor/gflags/CMakeFiles/gflags_static.dir/progress.make' has modification time 15894552 s in the future
[0.876s] make[2]: warning:  Clock skew detected.  Your build may be incomplete.
[0.889s] make[2]: Warning: File 'vendor/gflags/CMakeFiles/gflags_static.dir/progress.make' has modification time 15894552 s in the future
[0.891s] make[2]: warning:  Clock skew detected.  Your build may be incomplete.
[0.989s] [ 66%] Built target gflags_static
[1.021s] make[2]: Warning: File 'CMakeFiles/range_lib.dir/progress.make' has modification time 15894551 s in the future
[1.177s] make[2]: warning:  Clock skew detected.  Your build may be incomplete.
[1.178s] make[2]: Warning: File 'CMakeFiles/range_lib.dir/progress.make' has modification time 15894551 s in the future
[1.197s] make[2]: warning:  Clock skew detected.  Your build may be incomplete.
[1.322s] [100%] Built target range_lib
[1.327s] make[1]: warning:  Clock skew detected.  Your build may be incomplete.
[1.461s] make: warning:  Clock skew detected.  Your build may be incomplete.
[1.479s] Invoked command in '/home/nvidia/f1tenth_ws/build/range_lib' returned '0': /usr/bin/cmake --build /home/nvidia/f1tenth_ws/build/range_lib -- -j6 -l6
[1.818s] Invoking command in '/home/nvidia/f1tenth_ws/build/range_lib': /usr/bin/cmake --install /home/nvidia/f1tenth_ws/build/range_lib
[1.955s] -- Install configuration: "Release"
[1.955s] -- Up-to-date: /home/nvidia/f1tenth_ws/install/range_lib/lib/libgflags.a
[1.956s] -- Up-to-date: /home/nvidia/f1tenth_ws/install/range_lib/lib/libgflags_nothreads.a
[1.956s] -- Up-to-date: /home/nvidia/f1tenth_ws/install/range_lib/include/gflags/gflags.h
[1.957s] -- Up-to-date: /home/nvidia/f1tenth_ws/install/range_lib/include/gflags/gflags_declare.h
[1.957s] -- Up-to-date: /home/nvidia/f1tenth_ws/install/range_lib/include/gflags/gflags_completions.h
[1.958s] -- Up-to-date: /home/nvidia/f1tenth_ws/install/range_lib/include/gflags/gflags_gflags.h
[1.958s] -- Up-to-date: /home/nvidia/f1tenth_ws/install/range_lib/lib/cmake/gflags/gflags-config.cmake
[1.959s] -- Up-to-date: /home/nvidia/f1tenth_ws/install/range_lib/lib/cmake/gflags/gflags-config-version.cmake
[1.960s] -- Up-to-date: /home/nvidia/f1tenth_ws/install/range_lib/lib/cmake/gflags/gflags-targets.cmake
[1.961s] -- Up-to-date: /home/nvidia/f1tenth_ws/install/range_lib/bin/gflags_completions.sh
[1.961s] -- Up-to-date: /home/nvidia/f1tenth_ws/install/range_lib/lib/pkgconfig/gflags.pc
[1.962s] -- Up-to-date: /home/nvidia/.cmake/packages/gflags/2028594a0ebd649dfc76e879e5d10b3f
[2.043s] Invoked command in '/home/nvidia/f1tenth_ws/build/range_lib' returned '0': /usr/bin/cmake --install /home/nvidia/f1tenth_ws/build/range_lib
