[0.285s] Invoking command in '/home/nvidia/f1tenth_ws/build/pure_pursuit': CMAKE_PREFIX_PATH=${CMAKE_PREFIX_PATH}:/home/nvidia/f1tenth_ws/install/f1tenth_stack:/home/nvidia/f1tenth_ws/install/joy_teleop:/home/nvidia/f1tenth_ws/install/particle_filter:/home/nvidia/f1tenth_ws/install/mouse_teleop:/home/nvidia/f1tenth_ws/install/key_teleop:/opt/ros/galactic /usr/bin/cmake /home/nvidia/f1tenth_ws/src/pure_pursuit -DCMAKE_INSTALL_PREFIX=/home/nvidia/f1tenth_ws/install/pure_pursuit
[1.835s] -- The C compiler identification is GNU 9.4.0
[3.064s] -- The CXX compiler identification is GNU 9.4.0
[3.116s] -- Check for working C compiler: /usr/bin/cc
[4.223s] -- Check for working C compiler: /usr/bin/cc -- works
[4.245s] -- Detecting C compiler ABI info
[5.309s] -- Detecting C compiler ABI info - done
[5.514s] -- Detecting C compile features
[5.517s] -- Detecting C compile features - done
[5.545s] -- Check for working CXX compiler: /usr/bin/c++
[6.379s] -- Check for working CXX compiler: /usr/bin/c++ -- works
[6.387s] -- Detecting CXX compiler ABI info
[7.468s] -- Detecting CXX compiler ABI info - done
[7.622s] -- Detecting CXX compile features
[7.627s] -- Detecting CXX compile features - done
[7.666s] -- Found ament_cmake: 1.1.6 (/opt/ros/galactic/share/ament_cmake/cmake)
[8.111s] -- Found PythonInterp: /usr/bin/python3 (found suitable version "3.8.10", minimum required is "3") 
[8.112s] -- Using PYTHON_EXECUTABLE: /usr/bin/python3
[9.468s] -- Found rclcpp: 9.2.2 (/opt/ros/galactic/share/rclcpp/cmake)
[10.391s] -- Using all available rosidl_typesupport_c: rosidl_typesupport_fastrtps_c;rosidl_typesupport_introspection_c
[10.499s] -- Found rosidl_adapter: 2.2.3 (/opt/ros/galactic/share/rosidl_adapter/cmake)
[12.139s] -- Found OpenSSL: /usr/lib/aarch64-linux-gnu/libcrypto.so (found version "1.1.1f")  
[12.449s] -- Found FastRTPS: /opt/ros/galactic/include  
[13.146s] -- Using all available rosidl_typesupport_cpp: rosidl_typesupport_fastrtps_cpp;rosidl_typesupport_introspection_cpp
[13.959s] -- Found rmw_implementation_cmake: 3.3.1 (/opt/ros/galactic/share/rmw_implementation_cmake/cmake)
[13.998s] -- Found rmw_cyclonedds_cpp: 0.22.6 (/opt/ros/galactic/share/rmw_cyclonedds_cpp/cmake)
[14.155s] -- Using RMW implementation 'rmw_cyclonedds_cpp' as default
[14.164s] -- Looking for pthread.h
[15.202s] -- Looking for pthread.h - found
[15.208s] -- Performing Test CMAKE_HAVE_LIBC_PTHREAD
[16.328s] -- Performing Test CMAKE_HAVE_LIBC_PTHREAD - Failed
[16.331s] -- Looking for pthread_create in pthreads
[17.185s] -- Looking for pthread_create in pthreads - not found
[17.197s] -- Looking for pthread_create in pthread
[18.432s] -- Looking for pthread_create in pthread - found
[18.447s] -- Found Threads: TRUE  
[19.728s] -- Found rclpy: 1.9.3 (/opt/ros/galactic/share/rclpy/cmake)
[19.769s] -- Found geometry_msgs: 2.2.4 (/opt/ros/galactic/share/geometry_msgs/cmake)
[20.251s] -- Found nav_msgs: 2.2.4 (/opt/ros/galactic/share/nav_msgs/cmake)
[20.812s] -- Found ackermann_msgs: 2.0.2 (/opt/ros/galactic/share/ackermann_msgs/cmake)
[21.071s] -- Found sensor_msgs: 2.2.4 (/opt/ros/galactic/share/sensor_msgs/cmake)
[21.847s] -- Found visualization_msgs: 2.2.4 (/opt/ros/galactic/share/visualization_msgs/cmake)
[22.537s] -- Found tf2_ros: 0.17.5 (/opt/ros/galactic/share/tf2_ros/cmake)
[31.209s] -- Found ament_lint_auto: 0.10.7 (/opt/ros/galactic/share/ament_lint_auto/cmake)
[32.267s] -- Added test 'copyright' to check source files copyright and LICENSE
[32.292s] -- Added test 'cppcheck' to perform static code analysis on C / C++ code
[32.293s] -- Configured cppcheck include dirs: /home/nvidia/f1tenth_ws/src/pure_pursuit/include
[32.294s] -- Configured cppcheck exclude dirs and/or files: 
[32.310s] -- Added test 'cpplint' to check C / C++ code against the Google style
[32.311s] -- Configured cpplint exclude dirs and/or files: 
[32.317s] -- Added test 'flake8' to check Python code syntax and style conventions
[32.326s] -- Added test 'lint_cmake' to check CMake code style
[32.332s] -- Added test 'pep257' to check Python code against some of the style conventions in PEP 257
[32.354s] -- Added test 'uncrustify' to check C / C++ code style
[32.355s] -- Configured uncrustify additional arguments: 
[32.362s] -- Added test 'xmllint' to check XML markup files
[32.404s] -- Configuring done
[32.533s] -- Generating done
[32.551s] -- Build files have been written to: /home/nvidia/f1tenth_ws/build/pure_pursuit
[32.622s] Invoked command in '/home/nvidia/f1tenth_ws/build/pure_pursuit' returned '0': CMAKE_PREFIX_PATH=${CMAKE_PREFIX_PATH}:/home/nvidia/f1tenth_ws/install/f1tenth_stack:/home/nvidia/f1tenth_ws/install/joy_teleop:/home/nvidia/f1tenth_ws/install/particle_filter:/home/nvidia/f1tenth_ws/install/mouse_teleop:/home/nvidia/f1tenth_ws/install/key_teleop:/opt/ros/galactic /usr/bin/cmake /home/nvidia/f1tenth_ws/src/pure_pursuit -DCMAKE_INSTALL_PREFIX=/home/nvidia/f1tenth_ws/install/pure_pursuit
[32.642s] Invoking command in '/home/nvidia/f1tenth_ws/build/pure_pursuit': CMAKE_PREFIX_PATH=${CMAKE_PREFIX_PATH}:/home/nvidia/f1tenth_ws/install/f1tenth_stack:/home/nvidia/f1tenth_ws/install/joy_teleop:/home/nvidia/f1tenth_ws/install/particle_filter:/home/nvidia/f1tenth_ws/install/mouse_teleop:/home/nvidia/f1tenth_ws/install/key_teleop:/opt/ros/galactic /usr/bin/cmake --build /home/nvidia/f1tenth_ws/build/pure_pursuit -- -j6 -l6
[33.057s] -- Found ament_cmake: 1.1.6 (/opt/ros/galactic/share/ament_cmake/cmake)
[33.367s] -- Using PYTHON_EXECUTABLE: /usr/bin/python3
[34.301s] -- Found rclcpp: 9.2.2 (/opt/ros/galactic/share/rclcpp/cmake)
[34.693s] -- Using all available rosidl_typesupport_c: rosidl_typesupport_fastrtps_c;rosidl_typesupport_introspection_c
[34.717s] -- Found rosidl_adapter: 2.2.3 (/opt/ros/galactic/share/rosidl_adapter/cmake)
[35.870s] -- Using all available rosidl_typesupport_cpp: rosidl_typesupport_fastrtps_cpp;rosidl_typesupport_introspection_cpp
[36.382s] -- Found rmw_implementation_cmake: 3.3.1 (/opt/ros/galactic/share/rmw_implementation_cmake/cmake)
[36.442s] -- Found rmw_cyclonedds_cpp: 0.22.6 (/opt/ros/galactic/share/rmw_cyclonedds_cpp/cmake)
[36.573s] -- Using RMW implementation 'rmw_cyclonedds_cpp' as default
[37.844s] -- Found rclpy: 1.9.3 (/opt/ros/galactic/share/rclpy/cmake)
[37.846s] -- Found geometry_msgs: 2.2.4 (/opt/ros/galactic/share/geometry_msgs/cmake)
[38.172s] -- Found nav_msgs: 2.2.4 (/opt/ros/galactic/share/nav_msgs/cmake)
[38.778s] -- Found ackermann_msgs: 2.0.2 (/opt/ros/galactic/share/ackermann_msgs/cmake)
[39.049s] -- Found sensor_msgs: 2.2.4 (/opt/ros/galactic/share/sensor_msgs/cmake)
[39.610s] -- Found visualization_msgs: 2.2.4 (/opt/ros/galactic/share/visualization_msgs/cmake)
[40.171s] -- Found tf2_ros: 0.17.5 (/opt/ros/galactic/share/tf2_ros/cmake)
[43.004s] -- Found ament_lint_auto: 0.10.7 (/opt/ros/galactic/share/ament_lint_auto/cmake)
[43.865s] -- Added test 'copyright' to check source files copyright and LICENSE
[43.885s] -- Added test 'cppcheck' to perform static code analysis on C / C++ code
[43.889s] -- Configured cppcheck include dirs: /home/nvidia/f1tenth_ws/src/pure_pursuit/include
[43.890s] -- Configured cppcheck exclude dirs and/or files: 
[43.911s] -- Added test 'cpplint' to check C / C++ code against the Google style
[43.913s] -- Configured cpplint exclude dirs and/or files: 
[43.919s] -- Added test 'flake8' to check Python code syntax and style conventions
[43.929s] -- Added test 'lint_cmake' to check CMake code style
[43.934s] -- Added test 'pep257' to check Python code against some of the style conventions in PEP 257
[43.956s] -- Added test 'uncrustify' to check C / C++ code style
[43.957s] -- Configured uncrustify additional arguments: 
[43.959s] -- Added test 'xmllint' to check XML markup files
[43.994s] -- Configuring done
[44.118s] -- Generating done
[44.133s] -- Build files have been written to: /home/nvidia/f1tenth_ws/build/pure_pursuit
[44.359s] [35m[1mScanning dependencies of target ament_cmake_python_copy_pure_pursuit[0m
[44.594s] [  0%] Built target ament_cmake_python_copy_pure_pursuit
[44.789s] [35m[1mScanning dependencies of target pure_pursuit_node[0m
[46.407s] [ 50%] [32mBuilding CXX object CMakeFiles/pure_pursuit_node.dir/src/pure_pursuit_node.cpp.o[0m
[75.465s] [01m[K/home/nvidia/f1tenth_ws/src/pure_pursuit/src/pure_pursuit_node.cpp:[m[K In member function ‘[01m[Kvoid PurePursuit::pose_callback(nav_msgs::msg::Odometry_<std::allocator<void> >::ConstSharedPtr)[m[K’:
[75.467s] [01m[K/home/nvidia/f1tenth_ws/src/pure_pursuit/src/pure_pursuit_node.cpp:104:23:[m[K [01;35m[Kwarning: [m[Kcomparison of integer expressions of different signedness: ‘[01m[Kint[m[K’ and ‘[01m[Kstd::vector<std::vector<double, std::allocator<double> > >::size_type[m[K’ {aka ‘[01m[Klong unsigned int[m[K’} [[01;35m[K-Wsign-compare[m[K]
[75.468s]   104 |         for(int i=0; [01;35m[Ki<waypoints.size()[m[K; ++i)
[75.468s]       |                      [01;35m[K~^~~~~~~~~~~~~~~~~[m[K
[75.639s] [01m[K/home/nvidia/f1tenth_ws/src/pure_pursuit/src/pure_pursuit_node.cpp:[m[K In member function ‘[01m[Kvoid PurePursuit::visualize_path_points()[m[K’:
[75.640s] [01m[K/home/nvidia/f1tenth_ws/src/pure_pursuit/src/pure_pursuit_node.cpp:168:23:[m[K [01;35m[Kwarning: [m[Kcomparison of integer expressions of different signedness: ‘[01m[Kint[m[K’ and ‘[01m[Kstd::vector<std::vector<double, std::allocator<double> > >::size_type[m[K’ {aka ‘[01m[Klong unsigned int[m[K’} [[01;35m[K-Wsign-compare[m[K]
[75.640s]   168 |         for(int i=0; [01;35m[Ki<waypoints.size()[m[K; ++i)
[75.641s]       |                      [01;35m[K~^~~~~~~~~~~~~~~~~[m[K
[134.393s] [100%] [32m[1mLinking CXX executable pure_pursuit_node[0m
[138.627s] [100%] Built target pure_pursuit_node
[138.720s] [35m[1mScanning dependencies of target ament_cmake_python_copy_pure_pursuit_setup[0m
[138.954s] [100%] Built target ament_cmake_python_copy_pure_pursuit_setup
[139.063s] [35m[1mScanning dependencies of target ament_cmake_python_build_pure_pursuit_egg[0m
[143.072s] /home/nvidia/.local/lib/python3.8/site-packages/setuptools/dist.py:771: UserWarning: Usage of dash-separated 'script-dir' will not be supported in future versions. Please use the underscore name 'script_dir' instead
[143.075s]   warnings.warn(
[143.080s] /home/nvidia/.local/lib/python3.8/site-packages/setuptools/dist.py:771: UserWarning: Usage of dash-separated 'install-scripts' will not be supported in future versions. Please use the underscore name 'install_scripts' instead
[143.081s]   warnings.warn(
[144.014s] running egg_info
[144.030s] creating pure_pursuit.egg-info
[144.229s] writing pure_pursuit.egg-info/PKG-INFO
[144.231s] writing dependency_links to pure_pursuit.egg-info/dependency_links.txt
[144.235s] writing top-level names to pure_pursuit.egg-info/top_level.txt
[144.255s] writing manifest file 'pure_pursuit.egg-info/SOURCES.txt'
[144.977s] reading manifest file 'pure_pursuit.egg-info/SOURCES.txt'
[144.981s] writing manifest file 'pure_pursuit.egg-info/SOURCES.txt'
[145.316s] [100%] Built target ament_cmake_python_build_pure_pursuit_egg
[145.458s] Invoked command in '/home/nvidia/f1tenth_ws/build/pure_pursuit' returned '0': CMAKE_PREFIX_PATH=${CMAKE_PREFIX_PATH}:/home/nvidia/f1tenth_ws/install/f1tenth_stack:/home/nvidia/f1tenth_ws/install/joy_teleop:/home/nvidia/f1tenth_ws/install/particle_filter:/home/nvidia/f1tenth_ws/install/mouse_teleop:/home/nvidia/f1tenth_ws/install/key_teleop:/opt/ros/galactic /usr/bin/cmake --build /home/nvidia/f1tenth_ws/build/pure_pursuit -- -j6 -l6
[146.220s] Invoking command in '/home/nvidia/f1tenth_ws/build/pure_pursuit': CMAKE_PREFIX_PATH=${CMAKE_PREFIX_PATH}:/home/nvidia/f1tenth_ws/install/f1tenth_stack:/home/nvidia/f1tenth_ws/install/joy_teleop:/home/nvidia/f1tenth_ws/install/particle_filter:/home/nvidia/f1tenth_ws/install/mouse_teleop:/home/nvidia/f1tenth_ws/install/key_teleop:/opt/ros/galactic /usr/bin/cmake --install /home/nvidia/f1tenth_ws/build/pure_pursuit
[146.466s] -- Install configuration: ""
[146.471s] -- Installing: /home/nvidia/f1tenth_ws/install/pure_pursuit/lib/pure_pursuit/pure_pursuit_node
[146.583s] -- Set runtime path of "/home/nvidia/f1tenth_ws/install/pure_pursuit/lib/pure_pursuit/pure_pursuit_node" to ""
[146.593s] -- Installing: /home/nvidia/f1tenth_ws/install/pure_pursuit/share/pure_pursuit/environment/pythonpath.sh
[146.594s] -- Installing: /home/nvidia/f1tenth_ws/install/pure_pursuit/share/pure_pursuit/environment/pythonpath.dsv
[146.604s] -- Installing: /home/nvidia/f1tenth_ws/install/pure_pursuit/lib/python3.8/site-packages//pure_pursuit.egg-info
[146.614s] -- Installing: /home/nvidia/f1tenth_ws/install/pure_pursuit/lib/python3.8/site-packages//pure_pursuit.egg-info/PKG-INFO
[146.615s] -- Installing: /home/nvidia/f1tenth_ws/install/pure_pursuit/lib/python3.8/site-packages//pure_pursuit.egg-info/SOURCES.txt
[146.616s] -- Installing: /home/nvidia/f1tenth_ws/install/pure_pursuit/lib/python3.8/site-packages//pure_pursuit.egg-info/top_level.txt
[146.618s] -- Installing: /home/nvidia/f1tenth_ws/install/pure_pursuit/lib/python3.8/site-packages//pure_pursuit.egg-info/dependency_links.txt
[146.620s] -- Installing: /home/nvidia/f1tenth_ws/install/pure_pursuit/lib/python3.8/site-packages/pure_pursuit
[146.626s] -- Installing: /home/nvidia/f1tenth_ws/install/pure_pursuit/lib/python3.8/site-packages/pure_pursuit/__init__.py
[147.186s] Listing '/home/nvidia/f1tenth_ws/install/pure_pursuit/lib/python3.8/site-packages/pure_pursuit'...
[147.186s] Compiling '/home/nvidia/f1tenth_ws/install/pure_pursuit/lib/python3.8/site-packages/pure_pursuit/__init__.py'...
[147.218s] -- Installing: /home/nvidia/f1tenth_ws/install/pure_pursuit/lib/pure_pursuit/pure_pursuit_node.py
[147.219s] -- Installing: /home/nvidia/f1tenth_ws/install/pure_pursuit/lib/pure_pursuit/clickpoint_logger.py
[147.231s] -- Installing: /home/nvidia/f1tenth_ws/install/pure_pursuit/lib/pure_pursuit/waypoint_logger.py
[147.245s] -- Installing: /home/nvidia/f1tenth_ws/install/pure_pursuit/share/ament_index/resource_index/package_run_dependencies/pure_pursuit
[147.260s] -- Installing: /home/nvidia/f1tenth_ws/install/pure_pursuit/share/ament_index/resource_index/parent_prefix_path/pure_pursuit
[147.262s] -- Installing: /home/nvidia/f1tenth_ws/install/pure_pursuit/share/pure_pursuit/environment/ament_prefix_path.sh
[147.269s] -- Installing: /home/nvidia/f1tenth_ws/install/pure_pursuit/share/pure_pursuit/environment/ament_prefix_path.dsv
[147.275s] -- Installing: /home/nvidia/f1tenth_ws/install/pure_pursuit/share/pure_pursuit/environment/path.sh
[147.288s] -- Installing: /home/nvidia/f1tenth_ws/install/pure_pursuit/share/pure_pursuit/environment/path.dsv
[147.290s] -- Installing: /home/nvidia/f1tenth_ws/install/pure_pursuit/share/pure_pursuit/local_setup.bash
[147.293s] -- Installing: /home/nvidia/f1tenth_ws/install/pure_pursuit/share/pure_pursuit/local_setup.sh
[147.295s] -- Installing: /home/nvidia/f1tenth_ws/install/pure_pursuit/share/pure_pursuit/local_setup.zsh
[147.296s] -- Installing: /home/nvidia/f1tenth_ws/install/pure_pursuit/share/pure_pursuit/local_setup.dsv
[147.301s] -- Installing: /home/nvidia/f1tenth_ws/install/pure_pursuit/share/pure_pursuit/package.dsv
[147.307s] -- Installing: /home/nvidia/f1tenth_ws/install/pure_pursuit/share/ament_index/resource_index/packages/pure_pursuit
[147.310s] -- Installing: /home/nvidia/f1tenth_ws/install/pure_pursuit/share/pure_pursuit/cmake/pure_pursuitConfig.cmake
[147.311s] -- Installing: /home/nvidia/f1tenth_ws/install/pure_pursuit/share/pure_pursuit/cmake/pure_pursuitConfig-version.cmake
[147.312s] -- Installing: /home/nvidia/f1tenth_ws/install/pure_pursuit/share/pure_pursuit/package.xml
[147.333s] Invoked command in '/home/nvidia/f1tenth_ws/build/pure_pursuit' returned '0': CMAKE_PREFIX_PATH=${CMAKE_PREFIX_PATH}:/home/nvidia/f1tenth_ws/install/f1tenth_stack:/home/nvidia/f1tenth_ws/install/joy_teleop:/home/nvidia/f1tenth_ws/install/particle_filter:/home/nvidia/f1tenth_ws/install/mouse_teleop:/home/nvidia/f1tenth_ws/install/key_teleop:/opt/ros/galactic /usr/bin/cmake --install /home/nvidia/f1tenth_ws/build/pure_pursuit
