[0.192s] Invoking command in '/home/nvidia/f1tenth_ws/build/range_lib': /usr/bin/cmake --build /home/nvidia/f1tenth_ws/build/range_lib -- -j6 -l6
[0.735s] -- Configuring done
[0.825s] -- Generating done
[0.835s] -- Build files have been written to: /home/nvidia/f1tenth_ws/build/range_lib
[0.931s] make[2]: Warning: File 'vendor/gflags/CMakeFiles/gflags_nothreads_static.dir/flags.make' has modification time 15464065 s in the future
[1.003s] make[2]: warning:  Clock skew detected.  Your build may be incomplete.
[1.029s] make[2]: Warning: File 'vendor/gflags/CMakeFiles/gflags_nothreads_static.dir/flags.make' has modification time 15464065 s in the future
[1.031s] make[2]: warning:  Clock skew detected.  Your build may be incomplete.
[1.114s] [ 33%] Built target gflags_nothreads_static
[1.128s] make[2]: Warning: File 'vendor/gflags/CMakeFiles/gflags_static.dir/flags.make' has modification time 15464065 s in the future
[1.247s] make[2]: warning:  Clock skew detected.  Your build may be incomplete.
[1.247s] make[2]: Warning: File 'vendor/gflags/CMakeFiles/gflags_static.dir/flags.make' has modification time 15464065 s in the future
[1.248s] make[2]: warning:  Clock skew detected.  Your build may be incomplete.
[1.322s] [ 66%] Built target gflags_static
[1.352s] make[2]: Warning: File 'CMakeFiles/range_lib.dir/flags.make' has modification time 15464065 s in the future
[1.482s] make[2]: warning:  Clock skew detected.  Your build may be incomplete.
[1.510s] make[2]: Warning: File 'CMakeFiles/range_lib.dir/flags.make' has modification time 15464065 s in the future
[1.546s] make[2]: warning:  Clock skew detected.  Your build may be incomplete.
[1.611s] [100%] Built target range_lib
[1.941s] Invoked command in '/home/nvidia/f1tenth_ws/build/range_lib' returned '0': /usr/bin/cmake --build /home/nvidia/f1tenth_ws/build/range_lib -- -j6 -l6
[2.161s] Invoking command in '/home/nvidia/f1tenth_ws/build/range_lib': /usr/bin/cmake --install /home/nvidia/f1tenth_ws/build/range_lib
[2.216s] -- Install configuration: "Release"
[2.218s] -- Up-to-date: /home/nvidia/f1tenth_ws/install/range_lib/lib/libgflags.a
[2.219s] -- Up-to-date: /home/nvidia/f1tenth_ws/install/range_lib/lib/libgflags_nothreads.a
[2.220s] -- Up-to-date: /home/nvidia/f1tenth_ws/install/range_lib/include/gflags/gflags.h
[2.220s] -- Up-to-date: /home/nvidia/f1tenth_ws/install/range_lib/include/gflags/gflags_declare.h
[2.221s] -- Up-to-date: /home/nvidia/f1tenth_ws/install/range_lib/include/gflags/gflags_completions.h
[2.222s] -- Up-to-date: /home/nvidia/f1tenth_ws/install/range_lib/include/gflags/gflags_gflags.h
[2.222s] -- Up-to-date: /home/nvidia/f1tenth_ws/install/range_lib/lib/cmake/gflags/gflags-config.cmake
[2.223s] -- Up-to-date: /home/nvidia/f1tenth_ws/install/range_lib/lib/cmake/gflags/gflags-config-version.cmake
[2.225s] -- Up-to-date: /home/nvidia/f1tenth_ws/install/range_lib/lib/cmake/gflags/gflags-targets.cmake
[2.226s] -- Up-to-date: /home/nvidia/f1tenth_ws/install/range_lib/bin/gflags_completions.sh
[2.227s] -- Up-to-date: /home/nvidia/f1tenth_ws/install/range_lib/lib/pkgconfig/gflags.pc
[2.228s] -- Installing: /home/nvidia/.cmake/packages/gflags/2028594a0ebd649dfc76e879e5d10b3f
[2.248s] Invoked command in '/home/nvidia/f1tenth_ws/build/range_lib' returned '0': /usr/bin/cmake --install /home/nvidia/f1tenth_ws/build/range_lib
