[0.196s] Invoking command in '/home/nvidia/f1tenth_ws/build/pure_pursuit': CMAKE_PREFIX_PATH=${CMAKE_PREFIX_PATH}:/home/nvidia/f1tenth_ws/install/f1tenth_stack:/home/nvidia/f1tenth_ws/install/joy_teleop:/home/nvidia/f1tenth_ws/install/particle_filter:/home/nvidia/f1tenth_ws/install/mouse_teleop:/home/nvidia/f1tenth_ws/install/key_teleop:/home/nvidia/f1tenth_ws/install/f1tenth_gym_ros:/opt/ros/galactic /usr/bin/cmake --build /home/nvidia/f1tenth_ws/build/pure_pursuit -- -j6 -l6
[0.622s] -- Found ament_cmake: 1.1.6 (/opt/ros/galactic/share/ament_cmake/cmake)
[0.921s] -- Using PYTHON_EXECUTABLE: /usr/bin/python3
[1.782s] -- Found rclcpp: 9.2.2 (/opt/ros/galactic/share/rclcpp/cmake)
[2.230s] -- Using all available rosidl_typesupport_c: rosidl_typesupport_fastrtps_c;rosidl_typesupport_introspection_c
[2.262s] -- Found rosidl_adapter: 2.2.3 (/opt/ros/galactic/share/rosidl_adapter/cmake)
[3.590s] -- Using all available rosidl_typesupport_cpp: rosidl_typesupport_fastrtps_cpp;rosidl_typesupport_introspection_cpp
[4.072s] -- Found rmw_implementation_cmake: 3.3.1 (/opt/ros/galactic/share/rmw_implementation_cmake/cmake)
[4.102s] -- Found rmw_cyclonedds_cpp: 0.22.6 (/opt/ros/galactic/share/rmw_cyclonedds_cpp/cmake)
[4.304s] -- Using RMW implementation 'rmw_cyclonedds_cpp' as default
[5.793s] -- Found rclpy: 1.9.3 (/opt/ros/galactic/share/rclpy/cmake)
[5.799s] -- Found geometry_msgs: 2.2.4 (/opt/ros/galactic/share/geometry_msgs/cmake)
[6.090s] -- Found nav_msgs: 2.2.4 (/opt/ros/galactic/share/nav_msgs/cmake)
[6.464s] -- Found ackermann_msgs: 2.0.2 (/opt/ros/galactic/share/ackermann_msgs/cmake)
[6.643s] -- Found sensor_msgs: 2.2.4 (/opt/ros/galactic/share/sensor_msgs/cmake)
[7.180s] -- Found visualization_msgs: 2.2.4 (/opt/ros/galactic/share/visualization_msgs/cmake)
[7.721s] -- Found tf2_ros: 0.17.5 (/opt/ros/galactic/share/tf2_ros/cmake)
[10.692s] -- Found ament_lint_auto: 0.10.7 (/opt/ros/galactic/share/ament_lint_auto/cmake)
[11.597s] -- Added test 'copyright' to check source files copyright and LICENSE
[11.640s] -- Added test 'cppcheck' to perform static code analysis on C / C++ code
[11.649s] -- Configured cppcheck include dirs: /home/nvidia/f1tenth_ws/src/pure_pursuit/include
[11.650s] -- Configured cppcheck exclude dirs and/or files: 
[11.689s] -- Added test 'cpplint' to check C / C++ code against the Google style
[11.689s] -- Configured cpplint exclude dirs and/or files: 
[11.694s] -- Added test 'flake8' to check Python code syntax and style conventions
[11.700s] -- Added test 'lint_cmake' to check CMake code style
[11.705s] -- Added test 'pep257' to check Python code against some of the style conventions in PEP 257
[11.749s] -- Added test 'uncrustify' to check C / C++ code style
[11.750s] -- Configured uncrustify additional arguments: 
[11.754s] -- Added test 'xmllint' to check XML markup files
[11.786s] -- Configuring done
[11.956s] -- Generating done
[11.986s] -- Build files have been written to: /home/nvidia/f1tenth_ws/build/pure_pursuit
[12.243s] make[2]: Warning: File 'CMakeFiles/ament_cmake_python_copy_pure_pursuit.dir/build.make' has modification time 769 s in the future
[12.374s] make[2]: warning:  Clock skew detected.  Your build may be incomplete.
[12.383s] make[2]: Warning: File 'CMakeFiles/ament_cmake_python_copy_pure_pursuit.dir/build.make' has modification time 769 s in the future
[12.511s] make[2]: warning:  Clock skew detected.  Your build may be incomplete.
[12.645s] [  0%] Built target ament_cmake_python_copy_pure_pursuit
[12.677s] make[2]: Warning: File 'CMakeFiles/pure_pursuit_node.dir/flags.make' has modification time 769 s in the future
[12.844s] make[2]: warning:  Clock skew detected.  Your build may be incomplete.
[12.906s] make[2]: Warning: File 'CMakeFiles/pure_pursuit_node.dir/flags.make' has modification time 768 s in the future
[13.014s] make[2]: warning:  Clock skew detected.  Your build may be incomplete.
[13.150s] [100%] Built target pure_pursuit_node
[13.189s] make[2]: Warning: File 'CMakeFiles/ament_cmake_python_copy_pure_pursuit_setup.dir/build.make' has modification time 768 s in the future
[13.351s] make[2]: warning:  Clock skew detected.  Your build may be incomplete.
[13.375s] make[2]: Warning: File 'CMakeFiles/ament_cmake_python_copy_pure_pursuit_setup.dir/build.make' has modification time 768 s in the future
[13.507s] make[2]: warning:  Clock skew detected.  Your build may be incomplete.
[13.627s] [100%] Built target ament_cmake_python_copy_pure_pursuit_setup
[13.647s] make[2]: Warning: File 'CMakeFiles/ament_cmake_python_build_pure_pursuit_egg.dir/build.make' has modification time 767 s in the future
[13.842s] make[2]: warning:  Clock skew detected.  Your build may be incomplete.
[13.866s] make[2]: Warning: File 'CMakeFiles/ament_cmake_python_build_pure_pursuit_egg.dir/build.make' has modification time 767 s in the future
[17.332s] /home/nvidia/.local/lib/python3.8/site-packages/setuptools/dist.py:771: UserWarning: Usage of dash-separated 'script-dir' will not be supported in future versions. Please use the underscore name 'script_dir' instead
[17.333s]   warnings.warn(
[17.335s] /home/nvidia/.local/lib/python3.8/site-packages/setuptools/dist.py:771: UserWarning: Usage of dash-separated 'install-scripts' will not be supported in future versions. Please use the underscore name 'install_scripts' instead
[17.336s]   warnings.warn(
[18.274s] running egg_info
[18.457s] writing pure_pursuit.egg-info/PKG-INFO
[18.459s] writing dependency_links to pure_pursuit.egg-info/dependency_links.txt
[18.461s] writing top-level names to pure_pursuit.egg-info/top_level.txt
[19.090s] reading manifest file 'pure_pursuit.egg-info/SOURCES.txt'
[19.101s] writing manifest file 'pure_pursuit.egg-info/SOURCES.txt'
[19.483s] make[2]: warning:  Clock skew detected.  Your build may be incomplete.
[19.576s] [100%] Built target ament_cmake_python_build_pure_pursuit_egg
[19.709s] Invoked command in '/home/nvidia/f1tenth_ws/build/pure_pursuit' returned '0': CMAKE_PREFIX_PATH=${CMAKE_PREFIX_PATH}:/home/nvidia/f1tenth_ws/install/f1tenth_stack:/home/nvidia/f1tenth_ws/install/joy_teleop:/home/nvidia/f1tenth_ws/install/particle_filter:/home/nvidia/f1tenth_ws/install/mouse_teleop:/home/nvidia/f1tenth_ws/install/key_teleop:/home/nvidia/f1tenth_ws/install/f1tenth_gym_ros:/opt/ros/galactic /usr/bin/cmake --build /home/nvidia/f1tenth_ws/build/pure_pursuit -- -j6 -l6
[20.348s] Invoking command in '/home/nvidia/f1tenth_ws/build/pure_pursuit': CMAKE_PREFIX_PATH=${CMAKE_PREFIX_PATH}:/home/nvidia/f1tenth_ws/install/f1tenth_stack:/home/nvidia/f1tenth_ws/install/joy_teleop:/home/nvidia/f1tenth_ws/install/particle_filter:/home/nvidia/f1tenth_ws/install/mouse_teleop:/home/nvidia/f1tenth_ws/install/key_teleop:/home/nvidia/f1tenth_ws/install/f1tenth_gym_ros:/opt/ros/galactic /usr/bin/cmake --install /home/nvidia/f1tenth_ws/build/pure_pursuit
[20.502s] -- Install configuration: ""
[20.504s] -- Up-to-date: /home/nvidia/f1tenth_ws/install/pure_pursuit/lib/pure_pursuit/pure_pursuit_node
[20.508s] -- Up-to-date: /home/nvidia/f1tenth_ws/install/pure_pursuit/share/pure_pursuit/environment/pythonpath.sh
[20.509s] -- Installing: /home/nvidia/f1tenth_ws/install/pure_pursuit/share/pure_pursuit/environment/pythonpath.dsv
[20.510s] -- Up-to-date: /home/nvidia/f1tenth_ws/install/pure_pursuit/lib/python3.8/site-packages//pure_pursuit.egg-info
[20.511s] -- Installing: /home/nvidia/f1tenth_ws/install/pure_pursuit/lib/python3.8/site-packages//pure_pursuit.egg-info/PKG-INFO
[20.512s] -- Installing: /home/nvidia/f1tenth_ws/install/pure_pursuit/lib/python3.8/site-packages//pure_pursuit.egg-info/SOURCES.txt
[20.513s] -- Installing: /home/nvidia/f1tenth_ws/install/pure_pursuit/lib/python3.8/site-packages//pure_pursuit.egg-info/top_level.txt
[20.514s] -- Installing: /home/nvidia/f1tenth_ws/install/pure_pursuit/lib/python3.8/site-packages//pure_pursuit.egg-info/dependency_links.txt
[20.515s] -- Up-to-date: /home/nvidia/f1tenth_ws/install/pure_pursuit/lib/python3.8/site-packages/pure_pursuit
[20.516s] -- Up-to-date: /home/nvidia/f1tenth_ws/install/pure_pursuit/lib/python3.8/site-packages/pure_pursuit/__init__.py
[20.781s] Listing '/home/nvidia/f1tenth_ws/install/pure_pursuit/lib/python3.8/site-packages/pure_pursuit'...
[20.804s] -- Up-to-date: /home/nvidia/f1tenth_ws/install/pure_pursuit/lib/pure_pursuit/pure_pursuit_node.py
[20.810s] -- Up-to-date: /home/nvidia/f1tenth_ws/install/pure_pursuit/lib/pure_pursuit/clickpoint_logger.py
[20.811s] -- Up-to-date: /home/nvidia/f1tenth_ws/install/pure_pursuit/lib/pure_pursuit/waypoint_logger.py
[20.812s] -- Up-to-date: /home/nvidia/f1tenth_ws/install/pure_pursuit/share/ament_index/resource_index/package_run_dependencies/pure_pursuit
[20.815s] -- Up-to-date: /home/nvidia/f1tenth_ws/install/pure_pursuit/share/ament_index/resource_index/parent_prefix_path/pure_pursuit
[20.817s] -- Up-to-date: /home/nvidia/f1tenth_ws/install/pure_pursuit/share/pure_pursuit/environment/ament_prefix_path.sh
[20.818s] -- Installing: /home/nvidia/f1tenth_ws/install/pure_pursuit/share/pure_pursuit/environment/ament_prefix_path.dsv
[20.819s] -- Up-to-date: /home/nvidia/f1tenth_ws/install/pure_pursuit/share/pure_pursuit/environment/path.sh
[20.820s] -- Installing: /home/nvidia/f1tenth_ws/install/pure_pursuit/share/pure_pursuit/environment/path.dsv
[20.820s] -- Up-to-date: /home/nvidia/f1tenth_ws/install/pure_pursuit/share/pure_pursuit/local_setup.bash
[20.821s] -- Up-to-date: /home/nvidia/f1tenth_ws/install/pure_pursuit/share/pure_pursuit/local_setup.sh
[20.821s] -- Up-to-date: /home/nvidia/f1tenth_ws/install/pure_pursuit/share/pure_pursuit/local_setup.zsh
[20.821s] -- Installing: /home/nvidia/f1tenth_ws/install/pure_pursuit/share/pure_pursuit/local_setup.dsv
[20.822s] -- Installing: /home/nvidia/f1tenth_ws/install/pure_pursuit/share/pure_pursuit/package.dsv
[20.861s] -- Up-to-date: /home/nvidia/f1tenth_ws/install/pure_pursuit/share/ament_index/resource_index/packages/pure_pursuit
[20.861s] -- Up-to-date: /home/nvidia/f1tenth_ws/install/pure_pursuit/share/pure_pursuit/cmake/pure_pursuitConfig.cmake
[20.862s] -- Up-to-date: /home/nvidia/f1tenth_ws/install/pure_pursuit/share/pure_pursuit/cmake/pure_pursuitConfig-version.cmake
[20.862s] -- Up-to-date: /home/nvidia/f1tenth_ws/install/pure_pursuit/share/pure_pursuit/package.xml
[20.863s] Invoked command in '/home/nvidia/f1tenth_ws/build/pure_pursuit' returned '0': CMAKE_PREFIX_PATH=${CMAKE_PREFIX_PATH}:/home/nvidia/f1tenth_ws/install/f1tenth_stack:/home/nvidia/f1tenth_ws/install/joy_teleop:/home/nvidia/f1tenth_ws/install/particle_filter:/home/nvidia/f1tenth_ws/install/mouse_teleop:/home/nvidia/f1tenth_ws/install/key_teleop:/home/nvidia/f1tenth_ws/install/f1tenth_gym_ros:/opt/ros/galactic /usr/bin/cmake --install /home/nvidia/f1tenth_ws/build/pure_pursuit
