[0.171s] Invoking command in '/home/nvidia/f1tenth_ws/build/pure_pursuit': CMAKE_PREFIX_PATH=${CMAKE_PREFIX_PATH}:/home/nvidia/f1tenth_ws/install/f1tenth_stack:/home/nvidia/f1tenth_ws/install/joy_teleop:/home/nvidia/f1tenth_ws/install/particle_filter:/home/nvidia/f1tenth_ws/install/mouse_teleop:/home/nvidia/f1tenth_ws/install/key_teleop:/opt/ros/galactic /usr/bin/cmake --build /home/nvidia/f1tenth_ws/build/pure_pursuit -- -j6 -l6
[0.302s] make: Warning: File 'Makefile' has modification time 15463714 s in the future
[0.505s] make[1]: Warning: File 'CMakeFiles/Makefile2' has modification time 15463713 s in the future
[0.530s] make[2]: Warning: File 'CMakeFiles/ament_cmake_python_copy_pure_pursuit.dir/progress.make' has modification time 15463713 s in the future
[0.643s] make[2]: warning:  Clock skew detected.  Your build may be incomplete.
[0.673s] make[2]: Warning: File 'CMakeFiles/ament_cmake_python_copy_pure_pursuit.dir/progress.make' has modification time 15463713 s in the future
[0.748s] make[2]: warning:  Clock skew detected.  Your build may be incomplete.
[0.869s] [  0%] Built target ament_cmake_python_copy_pure_pursuit
[0.911s] make[2]: Warning: File 'CMakeFiles/pure_pursuit_node.dir/flags.make' has modification time 15463713 s in the future
[1.055s] make[2]: warning:  Clock skew detected.  Your build may be incomplete.
[1.095s] make[2]: Warning: File 'CMakeFiles/pure_pursuit_node.dir/flags.make' has modification time 15463713 s in the future
[1.159s] make[2]: warning:  Clock skew detected.  Your build may be incomplete.
[1.222s] [100%] Built target pure_pursuit_node
[1.242s] make[2]: Warning: File 'CMakeFiles/ament_cmake_python_copy_pure_pursuit_setup.dir/progress.make' has modification time 15463713 s in the future
[1.394s] make[2]: warning:  Clock skew detected.  Your build may be incomplete.
[1.404s] make[2]: Warning: File 'CMakeFiles/ament_cmake_python_copy_pure_pursuit_setup.dir/progress.make' has modification time 15463712 s in the future
[1.488s] make[2]: warning:  Clock skew detected.  Your build may be incomplete.
[1.566s] [100%] Built target ament_cmake_python_copy_pure_pursuit_setup
[1.603s] make[2]: Warning: File 'CMakeFiles/ament_cmake_python_build_pure_pursuit_egg.dir/progress.make' has modification time 15463712 s in the future
[1.708s] make[2]: warning:  Clock skew detected.  Your build may be incomplete.
[1.736s] make[2]: Warning: File 'CMakeFiles/ament_cmake_python_build_pure_pursuit_egg.dir/progress.make' has modification time 15463712 s in the future
[4.203s] /home/nvidia/.local/lib/python3.8/site-packages/setuptools/dist.py:771: UserWarning: Usage of dash-separated 'script-dir' will not be supported in future versions. Please use the underscore name 'script_dir' instead
[4.204s]   warnings.warn(
[4.209s] /home/nvidia/.local/lib/python3.8/site-packages/setuptools/dist.py:771: UserWarning: Usage of dash-separated 'install-scripts' will not be supported in future versions. Please use the underscore name 'install_scripts' instead
[4.210s]   warnings.warn(
[4.773s] running egg_info
[4.925s] writing pure_pursuit.egg-info/PKG-INFO
[4.926s] writing dependency_links to pure_pursuit.egg-info/dependency_links.txt
[4.928s] writing top-level names to pure_pursuit.egg-info/top_level.txt
[5.325s] reading manifest file 'pure_pursuit.egg-info/SOURCES.txt'
[5.328s] writing manifest file 'pure_pursuit.egg-info/SOURCES.txt'
[5.534s] make[2]: warning:  Clock skew detected.  Your build may be incomplete.
[5.657s] [100%] Built target ament_cmake_python_build_pure_pursuit_egg
[5.674s] make[1]: warning:  Clock skew detected.  Your build may be incomplete.
[5.821s] make: warning:  Clock skew detected.  Your build may be incomplete.
[5.834s] Invoked command in '/home/nvidia/f1tenth_ws/build/pure_pursuit' returned '0': CMAKE_PREFIX_PATH=${CMAKE_PREFIX_PATH}:/home/nvidia/f1tenth_ws/install/f1tenth_stack:/home/nvidia/f1tenth_ws/install/joy_teleop:/home/nvidia/f1tenth_ws/install/particle_filter:/home/nvidia/f1tenth_ws/install/mouse_teleop:/home/nvidia/f1tenth_ws/install/key_teleop:/opt/ros/galactic /usr/bin/cmake --build /home/nvidia/f1tenth_ws/build/pure_pursuit -- -j6 -l6
[6.310s] Invoking command in '/home/nvidia/f1tenth_ws/build/pure_pursuit': CMAKE_PREFIX_PATH=${CMAKE_PREFIX_PATH}:/home/nvidia/f1tenth_ws/install/f1tenth_stack:/home/nvidia/f1tenth_ws/install/joy_teleop:/home/nvidia/f1tenth_ws/install/particle_filter:/home/nvidia/f1tenth_ws/install/mouse_teleop:/home/nvidia/f1tenth_ws/install/key_teleop:/opt/ros/galactic /usr/bin/cmake --install /home/nvidia/f1tenth_ws/build/pure_pursuit
[6.407s] -- Install configuration: ""
[6.412s] -- Up-to-date: /home/nvidia/f1tenth_ws/install/pure_pursuit/lib/pure_pursuit/pure_pursuit_node
[6.415s] -- Up-to-date: /home/nvidia/f1tenth_ws/install/pure_pursuit/share/pure_pursuit/environment/pythonpath.sh
[6.418s] -- Up-to-date: /home/nvidia/f1tenth_ws/install/pure_pursuit/share/pure_pursuit/environment/pythonpath.dsv
[6.420s] -- Up-to-date: /home/nvidia/f1tenth_ws/install/pure_pursuit/lib/python3.8/site-packages//pure_pursuit.egg-info
[6.421s] -- Installing: /home/nvidia/f1tenth_ws/install/pure_pursuit/lib/python3.8/site-packages//pure_pursuit.egg-info/PKG-INFO
[6.425s] -- Installing: /home/nvidia/f1tenth_ws/install/pure_pursuit/lib/python3.8/site-packages//pure_pursuit.egg-info/SOURCES.txt
[6.427s] -- Installing: /home/nvidia/f1tenth_ws/install/pure_pursuit/lib/python3.8/site-packages//pure_pursuit.egg-info/top_level.txt
[6.431s] -- Installing: /home/nvidia/f1tenth_ws/install/pure_pursuit/lib/python3.8/site-packages//pure_pursuit.egg-info/dependency_links.txt
[6.433s] -- Up-to-date: /home/nvidia/f1tenth_ws/install/pure_pursuit/lib/python3.8/site-packages/pure_pursuit
[6.435s] -- Up-to-date: /home/nvidia/f1tenth_ws/install/pure_pursuit/lib/python3.8/site-packages/pure_pursuit/__init__.py
[6.737s] Listing '/home/nvidia/f1tenth_ws/install/pure_pursuit/lib/python3.8/site-packages/pure_pursuit'...
[6.762s] -- Up-to-date: /home/nvidia/f1tenth_ws/install/pure_pursuit/lib/pure_pursuit/pure_pursuit_node.py
[6.763s] -- Up-to-date: /home/nvidia/f1tenth_ws/install/pure_pursuit/lib/pure_pursuit/clickpoint_logger.py
[6.763s] -- Up-to-date: /home/nvidia/f1tenth_ws/install/pure_pursuit/lib/pure_pursuit/waypoint_logger.py
[6.764s] -- Up-to-date: /home/nvidia/f1tenth_ws/install/pure_pursuit/share/ament_index/resource_index/package_run_dependencies/pure_pursuit
[6.765s] -- Up-to-date: /home/nvidia/f1tenth_ws/install/pure_pursuit/share/ament_index/resource_index/parent_prefix_path/pure_pursuit
[6.766s] -- Up-to-date: /home/nvidia/f1tenth_ws/install/pure_pursuit/share/pure_pursuit/environment/ament_prefix_path.sh
[6.767s] -- Up-to-date: /home/nvidia/f1tenth_ws/install/pure_pursuit/share/pure_pursuit/environment/ament_prefix_path.dsv
[6.768s] -- Up-to-date: /home/nvidia/f1tenth_ws/install/pure_pursuit/share/pure_pursuit/environment/path.sh
[6.768s] -- Up-to-date: /home/nvidia/f1tenth_ws/install/pure_pursuit/share/pure_pursuit/environment/path.dsv
[6.769s] -- Up-to-date: /home/nvidia/f1tenth_ws/install/pure_pursuit/share/pure_pursuit/local_setup.bash
[6.769s] -- Up-to-date: /home/nvidia/f1tenth_ws/install/pure_pursuit/share/pure_pursuit/local_setup.sh
[6.770s] -- Up-to-date: /home/nvidia/f1tenth_ws/install/pure_pursuit/share/pure_pursuit/local_setup.zsh
[6.771s] -- Up-to-date: /home/nvidia/f1tenth_ws/install/pure_pursuit/share/pure_pursuit/local_setup.dsv
[6.771s] -- Installing: /home/nvidia/f1tenth_ws/install/pure_pursuit/share/pure_pursuit/package.dsv
[6.772s] -- Up-to-date: /home/nvidia/f1tenth_ws/install/pure_pursuit/share/ament_index/resource_index/packages/pure_pursuit
[6.773s] -- Up-to-date: /home/nvidia/f1tenth_ws/install/pure_pursuit/share/pure_pursuit/cmake/pure_pursuitConfig.cmake
[6.773s] -- Up-to-date: /home/nvidia/f1tenth_ws/install/pure_pursuit/share/pure_pursuit/cmake/pure_pursuitConfig-version.cmake
[6.774s] -- Up-to-date: /home/nvidia/f1tenth_ws/install/pure_pursuit/share/pure_pursuit/package.xml
[6.801s] Invoked command in '/home/nvidia/f1tenth_ws/build/pure_pursuit' returned '0': CMAKE_PREFIX_PATH=${CMAKE_PREFIX_PATH}:/home/nvidia/f1tenth_ws/install/f1tenth_stack:/home/nvidia/f1tenth_ws/install/joy_teleop:/home/nvidia/f1tenth_ws/install/particle_filter:/home/nvidia/f1tenth_ws/install/mouse_teleop:/home/nvidia/f1tenth_ws/install/key_teleop:/opt/ros/galactic /usr/bin/cmake --install /home/nvidia/f1tenth_ws/build/pure_pursuit
