[0.253s] Invoking command in '/home/nvidia/f1tenth_ws/build/pure_pursuit': CMAKE_PREFIX_PATH=${CMAKE_PREFIX_PATH}:/home/nvidia/f1tenth_ws/install/f1tenth_stack:/home/nvidia/f1tenth_ws/install/joy_teleop:/home/nvidia/f1tenth_ws/install/particle_filter:/home/nvidia/f1tenth_ws/install/mouse_teleop:/home/nvidia/f1tenth_ws/install/key_teleop:/home/nvidia/f1tenth_ws/install/f1tenth_gym_ros:/opt/ros/galactic /usr/bin/cmake /home/nvidia/f1tenth_ws/src/pure_pursuit -DCMAKE_INSTALL_PREFIX=/home/nvidia/f1tenth_ws/install/pure_pursuit
[1.235s] -- The C compiler identification is GNU 9.4.0
[1.712s] -- The CXX compiler identification is GNU 9.4.0
[1.749s] -- Check for working C compiler: /usr/bin/cc
[2.594s] -- Check for working C compiler: /usr/bin/cc -- works
[2.603s] -- Detecting C compiler ABI info
[3.349s] -- Detecting C compiler ABI info - done
[3.436s] -- Detecting C compile features
[3.438s] -- Detecting C compile features - done
[3.456s] -- Check for working CXX compiler: /usr/bin/c++
[4.290s] -- Check for working CXX compiler: /usr/bin/c++ -- works
[4.308s] -- Detecting CXX compiler ABI info
[5.374s] -- Detecting CXX compiler ABI info - done
[5.483s] -- Detecting CXX compile features
[5.489s] -- Detecting CXX compile features - done
[5.519s] -- Found ament_cmake: 1.1.6 (/opt/ros/galactic/share/ament_cmake/cmake)
[5.779s] -- Found PythonInterp: /usr/bin/python3 (found suitable version "3.8.10", minimum required is "3") 
[5.780s] -- Using PYTHON_EXECUTABLE: /usr/bin/python3
[6.471s] -- Found rclcpp: 9.2.2 (/opt/ros/galactic/share/rclcpp/cmake)
[6.996s] -- Using all available rosidl_typesupport_c: rosidl_typesupport_fastrtps_c;rosidl_typesupport_introspection_c
[7.082s] -- Found rosidl_adapter: 2.2.3 (/opt/ros/galactic/share/rosidl_adapter/cmake)
[8.367s] -- Found OpenSSL: /usr/lib/aarch64-linux-gnu/libcrypto.so (found version "1.1.1f")  
[8.679s] -- Found FastRTPS: /opt/ros/galactic/include  
[9.493s] -- Using all available rosidl_typesupport_cpp: rosidl_typesupport_fastrtps_cpp;rosidl_typesupport_introspection_cpp
[10.182s] -- Found rmw_implementation_cmake: 3.3.1 (/opt/ros/galactic/share/rmw_implementation_cmake/cmake)
[10.219s] -- Found rmw_cyclonedds_cpp: 0.22.6 (/opt/ros/galactic/share/rmw_cyclonedds_cpp/cmake)
[10.386s] -- Using RMW implementation 'rmw_cyclonedds_cpp' as default
[10.391s] -- Looking for pthread.h
[11.271s] -- Looking for pthread.h - found
[11.275s] -- Performing Test CMAKE_HAVE_LIBC_PTHREAD
[12.168s] -- Performing Test CMAKE_HAVE_LIBC_PTHREAD - Failed
[12.172s] -- Looking for pthread_create in pthreads
[12.823s] -- Looking for pthread_create in pthreads - not found
[12.828s] -- Looking for pthread_create in pthread
[13.607s] -- Looking for pthread_create in pthread - found
[13.616s] -- Found Threads: TRUE  
[14.867s] -- Found rclpy: 1.9.3 (/opt/ros/galactic/share/rclpy/cmake)
[14.890s] -- Found geometry_msgs: 2.2.4 (/opt/ros/galactic/share/geometry_msgs/cmake)
[15.139s] -- Found nav_msgs: 2.2.4 (/opt/ros/galactic/share/nav_msgs/cmake)
[15.504s] -- Found ackermann_msgs: 2.0.2 (/opt/ros/galactic/share/ackermann_msgs/cmake)
[15.691s] -- Found sensor_msgs: 2.2.4 (/opt/ros/galactic/share/sensor_msgs/cmake)
[16.031s] -- Found visualization_msgs: 2.2.4 (/opt/ros/galactic/share/visualization_msgs/cmake)
[16.530s] -- Found tf2_ros: 0.17.5 (/opt/ros/galactic/share/tf2_ros/cmake)
[21.333s] -- Found ament_lint_auto: 0.10.7 (/opt/ros/galactic/share/ament_lint_auto/cmake)
[22.124s] -- Added test 'copyright' to check source files copyright and LICENSE
[22.150s] -- Added test 'cppcheck' to perform static code analysis on C / C++ code
[22.151s] -- Configured cppcheck include dirs: /home/nvidia/f1tenth_ws/src/pure_pursuit/include
[22.152s] -- Configured cppcheck exclude dirs and/or files: 
[22.174s] -- Added test 'cpplint' to check C / C++ code against the Google style
[22.174s] -- Configured cpplint exclude dirs and/or files: 
[22.180s] -- Added test 'flake8' to check Python code syntax and style conventions
[22.190s] -- Added test 'lint_cmake' to check CMake code style
[22.197s] -- Added test 'pep257' to check Python code against some of the style conventions in PEP 257
[22.232s] -- Added test 'uncrustify' to check C / C++ code style
[22.232s] -- Configured uncrustify additional arguments: 
[22.248s] -- Added test 'xmllint' to check XML markup files
[22.291s] -- Configuring done
[22.501s] -- Generating done
[22.530s] -- Build files have been written to: /home/nvidia/f1tenth_ws/build/pure_pursuit
[22.649s] Invoked command in '/home/nvidia/f1tenth_ws/build/pure_pursuit' returned '0': CMAKE_PREFIX_PATH=${CMAKE_PREFIX_PATH}:/home/nvidia/f1tenth_ws/install/f1tenth_stack:/home/nvidia/f1tenth_ws/install/joy_teleop:/home/nvidia/f1tenth_ws/install/particle_filter:/home/nvidia/f1tenth_ws/install/mouse_teleop:/home/nvidia/f1tenth_ws/install/key_teleop:/home/nvidia/f1tenth_ws/install/f1tenth_gym_ros:/opt/ros/galactic /usr/bin/cmake /home/nvidia/f1tenth_ws/src/pure_pursuit -DCMAKE_INSTALL_PREFIX=/home/nvidia/f1tenth_ws/install/pure_pursuit
[22.660s] Invoking command in '/home/nvidia/f1tenth_ws/build/pure_pursuit': CMAKE_PREFIX_PATH=${CMAKE_PREFIX_PATH}:/home/nvidia/f1tenth_ws/install/f1tenth_stack:/home/nvidia/f1tenth_ws/install/joy_teleop:/home/nvidia/f1tenth_ws/install/particle_filter:/home/nvidia/f1tenth_ws/install/mouse_teleop:/home/nvidia/f1tenth_ws/install/key_teleop:/home/nvidia/f1tenth_ws/install/f1tenth_gym_ros:/opt/ros/galactic /usr/bin/cmake --build /home/nvidia/f1tenth_ws/build/pure_pursuit -- -j6 -l6
[23.036s] -- Found ament_cmake: 1.1.6 (/opt/ros/galactic/share/ament_cmake/cmake)
[23.194s] -- Using PYTHON_EXECUTABLE: /usr/bin/python3
[23.601s] -- Found rclcpp: 9.2.2 (/opt/ros/galactic/share/rclcpp/cmake)
[23.823s] -- Using all available rosidl_typesupport_c: rosidl_typesupport_fastrtps_c;rosidl_typesupport_introspection_c
[23.843s] -- Found rosidl_adapter: 2.2.3 (/opt/ros/galactic/share/rosidl_adapter/cmake)
[25.029s] -- Using all available rosidl_typesupport_cpp: rosidl_typesupport_fastrtps_cpp;rosidl_typesupport_introspection_cpp
[25.357s] -- Found rmw_implementation_cmake: 3.3.1 (/opt/ros/galactic/share/rmw_implementation_cmake/cmake)
[25.367s] -- Found rmw_cyclonedds_cpp: 0.22.6 (/opt/ros/galactic/share/rmw_cyclonedds_cpp/cmake)
[25.472s] -- Using RMW implementation 'rmw_cyclonedds_cpp' as default
[26.300s] -- Found rclpy: 1.9.3 (/opt/ros/galactic/share/rclpy/cmake)
[26.301s] -- Found geometry_msgs: 2.2.4 (/opt/ros/galactic/share/geometry_msgs/cmake)
[26.511s] -- Found nav_msgs: 2.2.4 (/opt/ros/galactic/share/nav_msgs/cmake)
[26.913s] -- Found ackermann_msgs: 2.0.2 (/opt/ros/galactic/share/ackermann_msgs/cmake)
[27.094s] -- Found sensor_msgs: 2.2.4 (/opt/ros/galactic/share/sensor_msgs/cmake)
[27.493s] -- Found visualization_msgs: 2.2.4 (/opt/ros/galactic/share/visualization_msgs/cmake)
[27.834s] -- Found tf2_ros: 0.17.5 (/opt/ros/galactic/share/tf2_ros/cmake)
[29.823s] -- Found ament_lint_auto: 0.10.7 (/opt/ros/galactic/share/ament_lint_auto/cmake)
[30.243s] -- Added test 'copyright' to check source files copyright and LICENSE
[30.264s] -- Added test 'cppcheck' to perform static code analysis on C / C++ code
[30.266s] -- Configured cppcheck include dirs: /home/nvidia/f1tenth_ws/src/pure_pursuit/include
[30.267s] -- Configured cppcheck exclude dirs and/or files: 
[30.286s] -- Added test 'cpplint' to check C / C++ code against the Google style
[30.287s] -- Configured cpplint exclude dirs and/or files: 
[30.290s] -- Added test 'flake8' to check Python code syntax and style conventions
[30.298s] -- Added test 'lint_cmake' to check CMake code style
[30.301s] -- Added test 'pep257' to check Python code against some of the style conventions in PEP 257
[30.318s] -- Added test 'uncrustify' to check C / C++ code style
[30.319s] -- Configured uncrustify additional arguments: 
[30.323s] -- Added test 'xmllint' to check XML markup files
[30.353s] -- Configuring done
[30.461s] -- Generating done
[30.476s] -- Build files have been written to: /home/nvidia/f1tenth_ws/build/pure_pursuit
[30.784s] [35m[1mScanning dependencies of target ament_cmake_python_copy_pure_pursuit[0m
[30.975s] [  0%] Built target ament_cmake_python_copy_pure_pursuit
[31.148s] [35m[1mScanning dependencies of target pure_pursuit_node[0m
[31.887s] [ 50%] [32mBuilding CXX object CMakeFiles/pure_pursuit_node.dir/src/pure_pursuit_node.cpp.o[0m
[49.246s] [01m[K/home/nvidia/f1tenth_ws/src/pure_pursuit/src/pure_pursuit_node.cpp:[m[K In member function ‘[01m[Kvoid PurePursuit::set_hyperparamets()[m[K’:
[49.247s] [01m[K/home/nvidia/f1tenth_ws/src/pure_pursuit/src/pure_pursuit_node.cpp:64:9:[m[K [01;31m[Kerror: [m[K‘[01m[Kscale[m[K’ was not declared in this scope; did you mean ‘[01m[Kscalb[m[K’?
[49.247s]    64 |         [01;31m[Kscale[m[K = scale_param.as_double();
[49.248s]       |         [01;31m[K^~~~~[m[K
[49.248s]       |         [32m[Kscalb[m[K
[49.413s] [01m[K/home/nvidia/f1tenth_ws/src/pure_pursuit/src/pure_pursuit_node.cpp:[m[K In member function ‘[01m[Kvoid PurePursuit::scan_callback(sensor_msgs::msg::LaserScan_<std::allocator<void> >::ConstSharedPtr)[m[K’:
[49.414s] [01m[K/home/nvidia/f1tenth_ws/src/pure_pursuit/src/pure_pursuit_node.cpp:121:23:[m[K [01;35m[Kwarning: [m[Kcomparison of integer expressions of different signedness: ‘[01m[Kint[m[K’ and ‘[01m[Kstd::vector<float>::size_type[m[K’ {aka ‘[01m[Klong unsigned int[m[K’} [[01;35m[K-Wsign-compare[m[K]
[49.415s]   121 |         for (int i=0;[01;35m[Ki<ranges.size()[m[K;i++){
[49.415s]       |                      [01;35m[K~^~~~~~~~~~~~~~[m[K
[49.437s] [01m[K/home/nvidia/f1tenth_ws/src/pure_pursuit/src/pure_pursuit_node.cpp:[m[K In member function ‘[01m[Kvoid PurePursuit::publish_gap_follow(std::vector<float>)[m[K’:
[49.440s] [01m[K/home/nvidia/f1tenth_ws/src/pure_pursuit/src/pure_pursuit_node.cpp:156:23:[m[K [01;35m[Kwarning: [m[Kcomparison of integer expressions of different signedness: ‘[01m[Kint[m[K’ and ‘[01m[Kstd::vector<float>::size_type[m[K’ {aka ‘[01m[Klong unsigned int[m[K’} [[01;35m[K-Wsign-compare[m[K]
[49.440s]   156 |         for (int i=0;[01;35m[Ki<ranges.size()[m[K;i++){
[49.441s]       |                      [01;35m[K~^~~~~~~~~~~~~~[m[K
[49.448s] [01m[K/home/nvidia/f1tenth_ws/src/pure_pursuit/src/pure_pursuit_node.cpp:180:23:[m[K [01;35m[Kwarning: [m[Kcomparison of integer expressions of different signedness: ‘[01m[Kint[m[K’ and ‘[01m[Kstd::vector<float>::size_type[m[K’ {aka ‘[01m[Klong unsigned int[m[K’} [[01;35m[K-Wsign-compare[m[K]
[49.449s]   180 |         for (int i=0;[01;35m[Ki<ranges_processed.size()[m[K;i++){
[49.449s]       |                      [01;35m[K~^~~~~~~~~~~~~~~~~~~~~~~~[m[K
[49.529s] [01m[K/home/nvidia/f1tenth_ws/src/pure_pursuit/src/pure_pursuit_node.cpp:[m[K In member function ‘[01m[Kvoid PurePursuit::check_pure_pursuit()[m[K’:
[49.529s] [01m[K/home/nvidia/f1tenth_ws/src/pure_pursuit/src/pure_pursuit_node.cpp:227:23:[m[K [01;35m[Kwarning: [m[Kcomparison of integer expressions of different signedness: ‘[01m[Kint[m[K’ and ‘[01m[Kstd::vector<std::vector<double, std::allocator<double> > >::size_type[m[K’ {aka ‘[01m[Klong unsigned int[m[K’} [[01;35m[K-Wsign-compare[m[K]
[49.530s]   227 |         for(int i=0; [01;35m[Ki<waypoints.size()[m[K; ++i)
[49.530s]       |                      [01;35m[K~^~~~~~~~~~~~~~~~~[m[K
[49.560s] [01m[K/home/nvidia/f1tenth_ws/src/pure_pursuit/src/pure_pursuit_node.cpp:244:20:[m[K [01;31m[Kerror: [m[K‘[01m[Kscale[m[K’ was not declared in this scope; did you mean ‘[01m[Kscalb[m[K’?
[49.560s]   244 |         velocity = [01;31m[Kscale[m[K*waypoints[min_idx][2];
[49.561s]       |                    [01;31m[K^~~~~[m[K
[49.561s]       |                    [32m[Kscalb[m[K
[49.726s] [01m[K/home/nvidia/f1tenth_ws/src/pure_pursuit/src/pure_pursuit_node.cpp:[m[K In member function ‘[01m[Kvoid PurePursuit::visualize_path_points()[m[K’:
[49.727s] [01m[K/home/nvidia/f1tenth_ws/src/pure_pursuit/src/pure_pursuit_node.cpp:308:23:[m[K [01;35m[Kwarning: [m[Kcomparison of integer expressions of different signedness: ‘[01m[Kint[m[K’ and ‘[01m[Kstd::vector<std::vector<double, std::allocator<double> > >::size_type[m[K’ {aka ‘[01m[Klong unsigned int[m[K’} [[01;35m[K-Wsign-compare[m[K]
[49.728s]   308 |         for(int i=0; [01;35m[Ki<waypoints.size()[m[K; ++i)
[49.728s]       |                      [01;35m[K~^~~~~~~~~~~~~~~~~[m[K
[69.614s] make[2]: *** [CMakeFiles/pure_pursuit_node.dir/build.make:63: CMakeFiles/pure_pursuit_node.dir/src/pure_pursuit_node.cpp.o] Error 1
[69.615s] make[1]: *** [CMakeFiles/Makefile2:164: CMakeFiles/pure_pursuit_node.dir/all] Error 2
[69.616s] make: *** [Makefile:141: all] Error 2
[69.641s] Invoked command in '/home/nvidia/f1tenth_ws/build/pure_pursuit' returned '2': CMAKE_PREFIX_PATH=${CMAKE_PREFIX_PATH}:/home/nvidia/f1tenth_ws/install/f1tenth_stack:/home/nvidia/f1tenth_ws/install/joy_teleop:/home/nvidia/f1tenth_ws/install/particle_filter:/home/nvidia/f1tenth_ws/install/mouse_teleop:/home/nvidia/f1tenth_ws/install/key_teleop:/home/nvidia/f1tenth_ws/install/f1tenth_gym_ros:/opt/ros/galactic /usr/bin/cmake --build /home/nvidia/f1tenth_ws/build/pure_pursuit -- -j6 -l6
