[0.412s] Invoking command in '/home/nvidia/f1tenth_ws/build/pure_pursuit': /usr/bin/cmake --build /home/nvidia/f1tenth_ws/build/pure_pursuit -- -j6 -l6
[0.511s] make: Warning: File 'Makefile' has modification time 15464473 s in the future
[0.705s] make[1]: Warning: File 'CMakeFiles/Makefile2' has modification time 15464472 s in the future
[0.715s] make[2]: Warning: File 'CMakeFiles/ament_cmake_python_copy_pure_pursuit.dir/progress.make' has modification time 15464472 s in the future
[0.719s] make[2]: Warning: File 'CMakeFiles/ament_cmake_python_copy_pure_pursuit_setup.dir/progress.make' has modification time 15464472 s in the future
[0.750s] make[2]: Warning: File 'CMakeFiles/pure_pursuit_node.dir/flags.make' has modification time 15464472 s in the future
[0.796s] make[2]: warning:  Clock skew detected.  Your build may be incomplete.
[0.799s] make[2]: warning:  Clock skew detected.  Your build may be incomplete.
[0.803s] make[2]: Warning: File 'CMakeFiles/ament_cmake_python_copy_pure_pursuit_setup.dir/progress.make' has modification time 15464472 s in the future
[0.809s] make[2]: Warning: File 'CMakeFiles/ament_cmake_python_copy_pure_pursuit.dir/progress.make' has modification time 15464472 s in the future
[0.897s] make[2]: warning:  Clock skew detected.  Your build may be incomplete.
[0.911s] make[2]: warning:  Clock skew detected.  Your build may be incomplete.
[0.929s] make[2]: warning:  Clock skew detected.  Your build may be incomplete.
[0.966s] [  0%] Built target ament_cmake_python_copy_pure_pursuit
[0.976s] make[2]: Warning: File 'CMakeFiles/pure_pursuit_node.dir/flags.make' has modification time 15464472 s in the future
[1.003s] [  0%] Built target ament_cmake_python_copy_pure_pursuit_setup
[1.019s] make[2]: Warning: File 'CMakeFiles/ament_cmake_python_build_pure_pursuit_egg.dir/progress.make' has modification time 15464472 s in the future
[1.046s] make[2]: warning:  Clock skew detected.  Your build may be incomplete.
[1.082s] make[2]: warning:  Clock skew detected.  Your build may be incomplete.
[1.093s] make[2]: Warning: File 'CMakeFiles/ament_cmake_python_build_pure_pursuit_egg.dir/progress.make' has modification time 15464472 s in the future
[1.103s] [100%] Built target pure_pursuit_node
[2.751s] /home/nvidia/.local/lib/python3.8/site-packages/setuptools/dist.py:771: UserWarning: Usage of dash-separated 'script-dir' will not be supported in future versions. Please use the underscore name 'script_dir' instead
[2.752s]   warnings.warn(
[2.755s] /home/nvidia/.local/lib/python3.8/site-packages/setuptools/dist.py:771: UserWarning: Usage of dash-separated 'install-scripts' will not be supported in future versions. Please use the underscore name 'install_scripts' instead
[2.756s]   warnings.warn(
[3.066s] running egg_info
[3.153s] writing pure_pursuit.egg-info/PKG-INFO
[3.154s] writing dependency_links to pure_pursuit.egg-info/dependency_links.txt
[3.154s] writing top-level names to pure_pursuit.egg-info/top_level.txt
[3.400s] reading manifest file 'pure_pursuit.egg-info/SOURCES.txt'
[3.408s] writing manifest file 'pure_pursuit.egg-info/SOURCES.txt'
[3.651s] make[2]: warning:  Clock skew detected.  Your build may be incomplete.
[3.729s] [100%] Built target ament_cmake_python_build_pure_pursuit_egg
[3.734s] make[1]: warning:  Clock skew detected.  Your build may be incomplete.
[3.794s] make: warning:  Clock skew detected.  Your build may be incomplete.
[3.840s] Invoked command in '/home/nvidia/f1tenth_ws/build/pure_pursuit' returned '0': /usr/bin/cmake --build /home/nvidia/f1tenth_ws/build/pure_pursuit -- -j6 -l6
[4.040s] Invoking command in '/home/nvidia/f1tenth_ws/build/pure_pursuit': /usr/bin/cmake --install /home/nvidia/f1tenth_ws/build/pure_pursuit
[4.136s] -- Install configuration: ""
[4.139s] -- Up-to-date: /home/nvidia/f1tenth_ws/install/pure_pursuit/lib/pure_pursuit/pure_pursuit_node
[4.145s] -- Up-to-date: /home/nvidia/f1tenth_ws/install/pure_pursuit/share/pure_pursuit/environment/pythonpath.sh
[4.147s] -- Up-to-date: /home/nvidia/f1tenth_ws/install/pure_pursuit/share/pure_pursuit/environment/pythonpath.dsv
[4.149s] -- Up-to-date: /home/nvidia/f1tenth_ws/install/pure_pursuit/lib/python3.8/site-packages//pure_pursuit.egg-info
[4.151s] -- Installing: /home/nvidia/f1tenth_ws/install/pure_pursuit/lib/python3.8/site-packages//pure_pursuit.egg-info/PKG-INFO
[4.154s] -- Installing: /home/nvidia/f1tenth_ws/install/pure_pursuit/lib/python3.8/site-packages//pure_pursuit.egg-info/SOURCES.txt
[4.158s] -- Installing: /home/nvidia/f1tenth_ws/install/pure_pursuit/lib/python3.8/site-packages//pure_pursuit.egg-info/top_level.txt
[4.160s] -- Installing: /home/nvidia/f1tenth_ws/install/pure_pursuit/lib/python3.8/site-packages//pure_pursuit.egg-info/dependency_links.txt
[4.164s] -- Up-to-date: /home/nvidia/f1tenth_ws/install/pure_pursuit/lib/python3.8/site-packages/pure_pursuit
[4.166s] -- Up-to-date: /home/nvidia/f1tenth_ws/install/pure_pursuit/lib/python3.8/site-packages/pure_pursuit/__init__.py
[4.406s] Listing '/home/nvidia/f1tenth_ws/install/pure_pursuit/lib/python3.8/site-packages/pure_pursuit'...
[4.419s] -- Up-to-date: /home/nvidia/f1tenth_ws/install/pure_pursuit/lib/pure_pursuit/pure_pursuit_node.py
[4.420s] -- Up-to-date: /home/nvidia/f1tenth_ws/install/pure_pursuit/lib/pure_pursuit/clickpoint_logger.py
[4.421s] -- Up-to-date: /home/nvidia/f1tenth_ws/install/pure_pursuit/lib/pure_pursuit/waypoint_logger.py
[4.423s] -- Up-to-date: /home/nvidia/f1tenth_ws/install/pure_pursuit/share/ament_index/resource_index/package_run_dependencies/pure_pursuit
[4.427s] -- Up-to-date: /home/nvidia/f1tenth_ws/install/pure_pursuit/share/ament_index/resource_index/parent_prefix_path/pure_pursuit
[4.432s] -- Up-to-date: /home/nvidia/f1tenth_ws/install/pure_pursuit/share/pure_pursuit/environment/ament_prefix_path.sh
[4.434s] -- Up-to-date: /home/nvidia/f1tenth_ws/install/pure_pursuit/share/pure_pursuit/environment/ament_prefix_path.dsv
[4.441s] -- Up-to-date: /home/nvidia/f1tenth_ws/install/pure_pursuit/share/pure_pursuit/environment/path.sh
[4.442s] -- Up-to-date: /home/nvidia/f1tenth_ws/install/pure_pursuit/share/pure_pursuit/environment/path.dsv
[4.442s] -- Up-to-date: /home/nvidia/f1tenth_ws/install/pure_pursuit/share/pure_pursuit/local_setup.bash
[4.443s] -- Up-to-date: /home/nvidia/f1tenth_ws/install/pure_pursuit/share/pure_pursuit/local_setup.sh
[4.443s] -- Up-to-date: /home/nvidia/f1tenth_ws/install/pure_pursuit/share/pure_pursuit/local_setup.zsh
[4.444s] -- Up-to-date: /home/nvidia/f1tenth_ws/install/pure_pursuit/share/pure_pursuit/local_setup.dsv
[4.445s] -- Installing: /home/nvidia/f1tenth_ws/install/pure_pursuit/share/pure_pursuit/package.dsv
[4.451s] -- Up-to-date: /home/nvidia/f1tenth_ws/install/pure_pursuit/share/ament_index/resource_index/packages/pure_pursuit
[4.455s] -- Up-to-date: /home/nvidia/f1tenth_ws/install/pure_pursuit/share/pure_pursuit/cmake/pure_pursuitConfig.cmake
[4.458s] -- Up-to-date: /home/nvidia/f1tenth_ws/install/pure_pursuit/share/pure_pursuit/cmake/pure_pursuitConfig-version.cmake
[4.469s] -- Up-to-date: /home/nvidia/f1tenth_ws/install/pure_pursuit/share/pure_pursuit/package.xml
[4.507s] Invoked command in '/home/nvidia/f1tenth_ws/build/pure_pursuit' returned '0': /usr/bin/cmake --install /home/nvidia/f1tenth_ws/build/pure_pursuit
