[2.938s] Invoking command in '/home/nvidia/f1tenth_ws/build/pure_pursuit': CMAKE_PREFIX_PATH=${CMAKE_PREFIX_PATH}:/home/nvidia/f1tenth_ws/install/f1tenth_stack:/home/nvidia/f1tenth_ws/install/joy_teleop:/home/nvidia/f1tenth_ws/install/particle_filter:/home/nvidia/f1tenth_ws/install/mouse_teleop:/home/nvidia/f1tenth_ws/install/key_teleop:/opt/ros/galactic /usr/bin/cmake --build /home/nvidia/f1tenth_ws/build/pure_pursuit -- -j6 -l6
[3.326s] -- Found ament_cmake: 1.1.6 (/opt/ros/galactic/share/ament_cmake/cmake)
[3.541s] -- Using PYTHON_EXECUTABLE: /usr/bin/python3
[4.119s] -- Found rclcpp: 9.2.2 (/opt/ros/galactic/share/rclcpp/cmake)
[4.419s] -- Using all available rosidl_typesupport_c: rosidl_typesupport_fastrtps_c;rosidl_typesupport_introspection_c
[4.450s] -- Found rosidl_adapter: 2.2.3 (/opt/ros/galactic/share/rosidl_adapter/cmake)
[6.251s] -- Using all available rosidl_typesupport_cpp: rosidl_typesupport_fastrtps_cpp;rosidl_typesupport_introspection_cpp
[6.860s] -- Found rmw_implementation_cmake: 3.3.1 (/opt/ros/galactic/share/rmw_implementation_cmake/cmake)
[6.891s] -- Found rmw_cyclonedds_cpp: 0.22.6 (/opt/ros/galactic/share/rmw_cyclonedds_cpp/cmake)
[7.127s] -- Using RMW implementation 'rmw_cyclonedds_cpp' as default
[8.909s] -- Found rclpy: 1.9.3 (/opt/ros/galactic/share/rclpy/cmake)
[8.911s] -- Found geometry_msgs: 2.2.4 (/opt/ros/galactic/share/geometry_msgs/cmake)
[9.346s] -- Found nav_msgs: 2.2.4 (/opt/ros/galactic/share/nav_msgs/cmake)
[10.055s] -- Found ackermann_msgs: 2.0.2 (/opt/ros/galactic/share/ackermann_msgs/cmake)
[10.409s] -- Found sensor_msgs: 2.2.4 (/opt/ros/galactic/share/sensor_msgs/cmake)
[11.428s] -- Found visualization_msgs: 2.2.4 (/opt/ros/galactic/share/visualization_msgs/cmake)
[12.183s] -- Found tf2_ros: 0.17.5 (/opt/ros/galactic/share/tf2_ros/cmake)
[15.364s] -- Found ament_lint_auto: 0.10.7 (/opt/ros/galactic/share/ament_lint_auto/cmake)
[15.969s] -- Added test 'copyright' to check source files copyright and LICENSE
[16.005s] -- Added test 'cppcheck' to perform static code analysis on C / C++ code
[16.008s] -- Configured cppcheck include dirs: /home/nvidia/f1tenth_ws/src/pure_pursuit/include
[16.008s] -- Configured cppcheck exclude dirs and/or files: 
[16.050s] -- Added test 'cpplint' to check C / C++ code against the Google style
[16.051s] -- Configured cpplint exclude dirs and/or files: 
[16.054s] -- Added test 'flake8' to check Python code syntax and style conventions
[16.068s] -- Added test 'lint_cmake' to check CMake code style
[16.072s] -- Added test 'pep257' to check Python code against some of the style conventions in PEP 257
[16.119s] -- Added test 'uncrustify' to check C / C++ code style
[16.119s] -- Configured uncrustify additional arguments: 
[16.130s] -- Added test 'xmllint' to check XML markup files
[16.192s] -- Configuring done
[16.402s] -- Generating done
[16.431s] -- Build files have been written to: /home/nvidia/f1tenth_ws/build/pure_pursuit
[16.847s] [  0%] Built target ament_cmake_python_copy_pure_pursuit
[17.343s] [100%] Built target pure_pursuit_node
[17.654s] [100%] Built target ament_cmake_python_copy_pure_pursuit_setup
[20.101s] /home/nvidia/.local/lib/python3.8/site-packages/setuptools/dist.py:771: UserWarning: Usage of dash-separated 'script-dir' will not be supported in future versions. Please use the underscore name 'script_dir' instead
[20.102s]   warnings.warn(
[20.104s] /home/nvidia/.local/lib/python3.8/site-packages/setuptools/dist.py:771: UserWarning: Usage of dash-separated 'install-scripts' will not be supported in future versions. Please use the underscore name 'install_scripts' instead
[20.104s]   warnings.warn(
[20.546s] running egg_info
[20.656s] writing pure_pursuit.egg-info/PKG-INFO
[20.658s] writing dependency_links to pure_pursuit.egg-info/dependency_links.txt
[20.662s] writing top-level names to pure_pursuit.egg-info/top_level.txt
[20.999s] reading manifest file 'pure_pursuit.egg-info/SOURCES.txt'
[21.003s] writing manifest file 'pure_pursuit.egg-info/SOURCES.txt'
[21.265s] [100%] Built target ament_cmake_python_build_pure_pursuit_egg
[21.371s] Invoked command in '/home/nvidia/f1tenth_ws/build/pure_pursuit' returned '0': CMAKE_PREFIX_PATH=${CMAKE_PREFIX_PATH}:/home/nvidia/f1tenth_ws/install/f1tenth_stack:/home/nvidia/f1tenth_ws/install/joy_teleop:/home/nvidia/f1tenth_ws/install/particle_filter:/home/nvidia/f1tenth_ws/install/mouse_teleop:/home/nvidia/f1tenth_ws/install/key_teleop:/opt/ros/galactic /usr/bin/cmake --build /home/nvidia/f1tenth_ws/build/pure_pursuit -- -j6 -l6
[21.724s] Invoking command in '/home/nvidia/f1tenth_ws/build/pure_pursuit': CMAKE_PREFIX_PATH=${CMAKE_PREFIX_PATH}:/home/nvidia/f1tenth_ws/install/f1tenth_stack:/home/nvidia/f1tenth_ws/install/joy_teleop:/home/nvidia/f1tenth_ws/install/particle_filter:/home/nvidia/f1tenth_ws/install/mouse_teleop:/home/nvidia/f1tenth_ws/install/key_teleop:/opt/ros/galactic /usr/bin/cmake --install /home/nvidia/f1tenth_ws/build/pure_pursuit
[21.843s] -- Install configuration: ""
[21.844s] -- Up-to-date: /home/nvidia/f1tenth_ws/install/pure_pursuit/lib/pure_pursuit/pure_pursuit_node
[21.855s] -- Up-to-date: /home/nvidia/f1tenth_ws/install/pure_pursuit/share/pure_pursuit/environment/pythonpath.sh
[21.855s] -- Installing: /home/nvidia/f1tenth_ws/install/pure_pursuit/share/pure_pursuit/environment/pythonpath.dsv
[21.856s] -- Up-to-date: /home/nvidia/f1tenth_ws/install/pure_pursuit/lib/python3.8/site-packages//pure_pursuit.egg-info
[21.857s] -- Installing: /home/nvidia/f1tenth_ws/install/pure_pursuit/lib/python3.8/site-packages//pure_pursuit.egg-info/PKG-INFO
[21.858s] -- Installing: /home/nvidia/f1tenth_ws/install/pure_pursuit/lib/python3.8/site-packages//pure_pursuit.egg-info/SOURCES.txt
[21.860s] -- Installing: /home/nvidia/f1tenth_ws/install/pure_pursuit/lib/python3.8/site-packages//pure_pursuit.egg-info/top_level.txt
[21.861s] -- Installing: /home/nvidia/f1tenth_ws/install/pure_pursuit/lib/python3.8/site-packages//pure_pursuit.egg-info/dependency_links.txt
[21.862s] -- Up-to-date: /home/nvidia/f1tenth_ws/install/pure_pursuit/lib/python3.8/site-packages/pure_pursuit
[21.862s] -- Up-to-date: /home/nvidia/f1tenth_ws/install/pure_pursuit/lib/python3.8/site-packages/pure_pursuit/__init__.py
[22.096s] Listing '/home/nvidia/f1tenth_ws/install/pure_pursuit/lib/python3.8/site-packages/pure_pursuit'...
[22.111s] -- Up-to-date: /home/nvidia/f1tenth_ws/install/pure_pursuit/lib/pure_pursuit/pure_pursuit_node.py
[22.112s] -- Up-to-date: /home/nvidia/f1tenth_ws/install/pure_pursuit/lib/pure_pursuit/clickpoint_logger.py
[22.113s] -- Up-to-date: /home/nvidia/f1tenth_ws/install/pure_pursuit/lib/pure_pursuit/waypoint_logger.py
[22.114s] -- Up-to-date: /home/nvidia/f1tenth_ws/install/pure_pursuit/share/ament_index/resource_index/package_run_dependencies/pure_pursuit
[22.115s] -- Up-to-date: /home/nvidia/f1tenth_ws/install/pure_pursuit/share/ament_index/resource_index/parent_prefix_path/pure_pursuit
[22.116s] -- Up-to-date: /home/nvidia/f1tenth_ws/install/pure_pursuit/share/pure_pursuit/environment/ament_prefix_path.sh
[22.116s] -- Installing: /home/nvidia/f1tenth_ws/install/pure_pursuit/share/pure_pursuit/environment/ament_prefix_path.dsv
[22.117s] -- Up-to-date: /home/nvidia/f1tenth_ws/install/pure_pursuit/share/pure_pursuit/environment/path.sh
[22.118s] -- Installing: /home/nvidia/f1tenth_ws/install/pure_pursuit/share/pure_pursuit/environment/path.dsv
[22.119s] -- Up-to-date: /home/nvidia/f1tenth_ws/install/pure_pursuit/share/pure_pursuit/local_setup.bash
[22.121s] -- Up-to-date: /home/nvidia/f1tenth_ws/install/pure_pursuit/share/pure_pursuit/local_setup.sh
[22.122s] -- Up-to-date: /home/nvidia/f1tenth_ws/install/pure_pursuit/share/pure_pursuit/local_setup.zsh
[22.122s] -- Installing: /home/nvidia/f1tenth_ws/install/pure_pursuit/share/pure_pursuit/local_setup.dsv
[22.123s] -- Installing: /home/nvidia/f1tenth_ws/install/pure_pursuit/share/pure_pursuit/package.dsv
[22.123s] -- Up-to-date: /home/nvidia/f1tenth_ws/install/pure_pursuit/share/ament_index/resource_index/packages/pure_pursuit
[22.125s] -- Up-to-date: /home/nvidia/f1tenth_ws/install/pure_pursuit/share/pure_pursuit/cmake/pure_pursuitConfig.cmake
[22.126s] -- Up-to-date: /home/nvidia/f1tenth_ws/install/pure_pursuit/share/pure_pursuit/cmake/pure_pursuitConfig-version.cmake
[22.127s] -- Up-to-date: /home/nvidia/f1tenth_ws/install/pure_pursuit/share/pure_pursuit/package.xml
[22.157s] Invoked command in '/home/nvidia/f1tenth_ws/build/pure_pursuit' returned '0': CMAKE_PREFIX_PATH=${CMAKE_PREFIX_PATH}:/home/nvidia/f1tenth_ws/install/f1tenth_stack:/home/nvidia/f1tenth_ws/install/joy_teleop:/home/nvidia/f1tenth_ws/install/particle_filter:/home/nvidia/f1tenth_ws/install/mouse_teleop:/home/nvidia/f1tenth_ws/install/key_teleop:/opt/ros/galactic /usr/bin/cmake --install /home/nvidia/f1tenth_ws/build/pure_pursuit
