[0.146s] Invoking command in '/home/nvidia/f1tenth_ws/build/pure_pursuit': CMAKE_PREFIX_PATH=${CMAKE_PREFIX_PATH}:/home/nvidia/f1tenth_ws/install/f1tenth_stack:/home/nvidia/f1tenth_ws/install/joy_teleop:/home/nvidia/f1tenth_ws/install/particle_filter:/home/nvidia/f1tenth_ws/install/mouse_teleop:/home/nvidia/f1tenth_ws/install/key_teleop:/home/nvidia/f1tenth_ws/install/f1tenth_gym_ros:/opt/ros/galactic /usr/bin/cmake /home/nvidia/f1tenth_ws/src/pure_pursuit -DCMAKE_INSTALL_PREFIX=/home/nvidia/f1tenth_ws/install/pure_pursuit
[0.913s] -- The C compiler identification is GNU 9.4.0
[1.469s] -- The CXX compiler identification is GNU 9.4.0
[1.520s] -- Check for working C compiler: /usr/bin/cc
[2.356s] -- Check for working C compiler: /usr/bin/cc -- works
[2.380s] -- Detecting C compiler ABI info
[3.463s] -- Detecting C compiler ABI info - done
[3.558s] -- Detecting C compile features
[3.559s] -- Detecting C compile features - done
[3.577s] -- Check for working CXX compiler: /usr/bin/c++
[4.684s] -- Check for working CXX compiler: /usr/bin/c++ -- works
[4.692s] -- Detecting CXX compiler ABI info
[5.587s] -- Detecting CXX compiler ABI info - done
[5.728s] -- Detecting CXX compile features
[5.730s] -- Detecting CXX compile features - done
[5.802s] -- Found ament_cmake: 1.1.6 (/opt/ros/galactic/share/ament_cmake/cmake)
[6.182s] -- Found PythonInterp: /usr/bin/python3 (found suitable version "3.8.10", minimum required is "3") 
[6.183s] -- Using PYTHON_EXECUTABLE: /usr/bin/python3
[7.363s] -- Found rclcpp: 9.2.2 (/opt/ros/galactic/share/rclcpp/cmake)
[7.859s] -- Using all available rosidl_typesupport_c: rosidl_typesupport_fastrtps_c;rosidl_typesupport_introspection_c
[7.938s] -- Found rosidl_adapter: 2.2.3 (/opt/ros/galactic/share/rosidl_adapter/cmake)
[9.217s] -- Found OpenSSL: /usr/lib/aarch64-linux-gnu/libcrypto.so (found version "1.1.1f")  
[9.534s] -- Found FastRTPS: /opt/ros/galactic/include  
[10.266s] -- Using all available rosidl_typesupport_cpp: rosidl_typesupport_fastrtps_cpp;rosidl_typesupport_introspection_cpp
[11.076s] -- Found rmw_implementation_cmake: 3.3.1 (/opt/ros/galactic/share/rmw_implementation_cmake/cmake)
[11.112s] -- Found rmw_cyclonedds_cpp: 0.22.6 (/opt/ros/galactic/share/rmw_cyclonedds_cpp/cmake)
[11.320s] -- Using RMW implementation 'rmw_cyclonedds_cpp' as default
[11.336s] -- Looking for pthread.h
[12.363s] -- Looking for pthread.h - found
[12.364s] -- Performing Test CMAKE_HAVE_LIBC_PTHREAD
[13.332s] -- Performing Test CMAKE_HAVE_LIBC_PTHREAD - Failed
[13.334s] -- Looking for pthread_create in pthreads
[14.241s] -- Looking for pthread_create in pthreads - not found
[14.244s] -- Looking for pthread_create in pthread
[15.315s] -- Looking for pthread_create in pthread - found
[15.325s] -- Found Threads: TRUE  
[16.504s] -- Found rclpy: 1.9.3 (/opt/ros/galactic/share/rclpy/cmake)
[16.526s] -- Found geometry_msgs: 2.2.4 (/opt/ros/galactic/share/geometry_msgs/cmake)
[16.776s] -- Found nav_msgs: 2.2.4 (/opt/ros/galactic/share/nav_msgs/cmake)
[17.314s] -- Found ackermann_msgs: 2.0.2 (/opt/ros/galactic/share/ackermann_msgs/cmake)
[17.539s] -- Found sensor_msgs: 2.2.4 (/opt/ros/galactic/share/sensor_msgs/cmake)
[17.987s] -- Found visualization_msgs: 2.2.4 (/opt/ros/galactic/share/visualization_msgs/cmake)
[18.517s] -- Found tf2_ros: 0.17.5 (/opt/ros/galactic/share/tf2_ros/cmake)
[24.290s] -- Found ament_lint_auto: 0.10.7 (/opt/ros/galactic/share/ament_lint_auto/cmake)
[25.322s] -- Added test 'copyright' to check source files copyright and LICENSE
[25.349s] -- Added test 'cppcheck' to perform static code analysis on C / C++ code
[25.352s] -- Configured cppcheck include dirs: /home/nvidia/f1tenth_ws/src/pure_pursuit/include
[25.353s] -- Configured cppcheck exclude dirs and/or files: 
[25.374s] -- Added test 'cpplint' to check C / C++ code against the Google style
[25.374s] -- Configured cpplint exclude dirs and/or files: 
[25.380s] -- Added test 'flake8' to check Python code syntax and style conventions
[25.390s] -- Added test 'lint_cmake' to check CMake code style
[25.397s] -- Added test 'pep257' to check Python code against some of the style conventions in PEP 257
[25.418s] -- Added test 'uncrustify' to check C / C++ code style
[25.418s] -- Configured uncrustify additional arguments: 
[25.424s] -- Added test 'xmllint' to check XML markup files
[25.463s] -- Configuring done
[25.569s] -- Generating done
[25.583s] -- Build files have been written to: /home/nvidia/f1tenth_ws/build/pure_pursuit
[25.639s] Invoked command in '/home/nvidia/f1tenth_ws/build/pure_pursuit' returned '0': CMAKE_PREFIX_PATH=${CMAKE_PREFIX_PATH}:/home/nvidia/f1tenth_ws/install/f1tenth_stack:/home/nvidia/f1tenth_ws/install/joy_teleop:/home/nvidia/f1tenth_ws/install/particle_filter:/home/nvidia/f1tenth_ws/install/mouse_teleop:/home/nvidia/f1tenth_ws/install/key_teleop:/home/nvidia/f1tenth_ws/install/f1tenth_gym_ros:/opt/ros/galactic /usr/bin/cmake /home/nvidia/f1tenth_ws/src/pure_pursuit -DCMAKE_INSTALL_PREFIX=/home/nvidia/f1tenth_ws/install/pure_pursuit
[25.667s] Invoking command in '/home/nvidia/f1tenth_ws/build/pure_pursuit': CMAKE_PREFIX_PATH=${CMAKE_PREFIX_PATH}:/home/nvidia/f1tenth_ws/install/f1tenth_stack:/home/nvidia/f1tenth_ws/install/joy_teleop:/home/nvidia/f1tenth_ws/install/particle_filter:/home/nvidia/f1tenth_ws/install/mouse_teleop:/home/nvidia/f1tenth_ws/install/key_teleop:/home/nvidia/f1tenth_ws/install/f1tenth_gym_ros:/opt/ros/galactic /usr/bin/cmake --build /home/nvidia/f1tenth_ws/build/pure_pursuit -- -j6 -l6
[26.085s] -- Found ament_cmake: 1.1.6 (/opt/ros/galactic/share/ament_cmake/cmake)
[26.266s] -- Using PYTHON_EXECUTABLE: /usr/bin/python3
[27.002s] -- Found rclcpp: 9.2.2 (/opt/ros/galactic/share/rclcpp/cmake)
[27.272s] -- Using all available rosidl_typesupport_c: rosidl_typesupport_fastrtps_c;rosidl_typesupport_introspection_c
[27.295s] -- Found rosidl_adapter: 2.2.3 (/opt/ros/galactic/share/rosidl_adapter/cmake)
[28.340s] -- Using all available rosidl_typesupport_cpp: rosidl_typesupport_fastrtps_cpp;rosidl_typesupport_introspection_cpp
[28.849s] -- Found rmw_implementation_cmake: 3.3.1 (/opt/ros/galactic/share/rmw_implementation_cmake/cmake)
[28.861s] -- Found rmw_cyclonedds_cpp: 0.22.6 (/opt/ros/galactic/share/rmw_cyclonedds_cpp/cmake)
[28.976s] -- Using RMW implementation 'rmw_cyclonedds_cpp' as default
[29.850s] -- Found rclpy: 1.9.3 (/opt/ros/galactic/share/rclpy/cmake)
[29.852s] -- Found geometry_msgs: 2.2.4 (/opt/ros/galactic/share/geometry_msgs/cmake)
[30.026s] -- Found nav_msgs: 2.2.4 (/opt/ros/galactic/share/nav_msgs/cmake)
[30.467s] -- Found ackermann_msgs: 2.0.2 (/opt/ros/galactic/share/ackermann_msgs/cmake)
[30.662s] -- Found sensor_msgs: 2.2.4 (/opt/ros/galactic/share/sensor_msgs/cmake)
[31.068s] -- Found visualization_msgs: 2.2.4 (/opt/ros/galactic/share/visualization_msgs/cmake)
[31.498s] -- Found tf2_ros: 0.17.5 (/opt/ros/galactic/share/tf2_ros/cmake)
[34.078s] -- Found ament_lint_auto: 0.10.7 (/opt/ros/galactic/share/ament_lint_auto/cmake)
[34.656s] -- Added test 'copyright' to check source files copyright and LICENSE
[34.699s] -- Added test 'cppcheck' to perform static code analysis on C / C++ code
[34.710s] -- Configured cppcheck include dirs: /home/nvidia/f1tenth_ws/src/pure_pursuit/include
[34.711s] -- Configured cppcheck exclude dirs and/or files: 
[34.748s] -- Added test 'cpplint' to check C / C++ code against the Google style
[34.750s] -- Configured cpplint exclude dirs and/or files: 
[34.764s] -- Added test 'flake8' to check Python code syntax and style conventions
[34.771s] -- Added test 'lint_cmake' to check CMake code style
[34.775s] -- Added test 'pep257' to check Python code against some of the style conventions in PEP 257
[34.814s] -- Added test 'uncrustify' to check C / C++ code style
[34.815s] -- Configured uncrustify additional arguments: 
[34.823s] -- Added test 'xmllint' to check XML markup files
[34.889s] -- Configuring done
[35.050s] -- Generating done
[35.072s] -- Build files have been written to: /home/nvidia/f1tenth_ws/build/pure_pursuit
[35.327s] [35m[1mScanning dependencies of target ament_cmake_python_copy_pure_pursuit[0m
[35.641s] [  0%] Built target ament_cmake_python_copy_pure_pursuit
[35.774s] [35m[1mScanning dependencies of target pure_pursuit_node[0m
[36.431s] [ 50%] [32mBuilding CXX object CMakeFiles/pure_pursuit_node.dir/src/pure_pursuit_node.cpp.o[0m
[58.218s] [01m[K/home/nvidia/f1tenth_ws/src/pure_pursuit/src/pure_pursuit_node.cpp:[m[K In member function ‘[01m[Kvoid PurePursuit::scan_callback(sensor_msgs::msg::LaserScan_<std::allocator<void> >::ConstSharedPtr)[m[K’:
[58.219s] [01m[K/home/nvidia/f1tenth_ws/src/pure_pursuit/src/pure_pursuit_node.cpp:110:15:[m[K [01;35m[Kwarning: [m[Kunused variable ‘[01m[Kangle_min[m[K’ [[01;35m[K-Wunused-variable[m[K]
[58.219s]   110 |         float [01;35m[Kangle_min[m[K = scan_msg->angle_min;
[58.220s]       |               [01;35m[K^~~~~~~~~[m[K
[58.220s] [01m[K/home/nvidia/f1tenth_ws/src/pure_pursuit/src/pure_pursuit_node.cpp:115:13:[m[K [01;35m[Kwarning: [m[Kunused variable ‘[01m[Kidx_min[m[K’ [[01;35m[K-Wunused-variable[m[K]
[58.221s]   115 |         int [01;35m[Kidx_min[m[K = (int) ((angle_max-fov)/angle_increment);
[58.221s]       |             [01;35m[K^~~~~~~[m[K
[58.227s] [01m[K/home/nvidia/f1tenth_ws/src/pure_pursuit/src/pure_pursuit_node.cpp:116:13:[m[K [01;35m[Kwarning: [m[Kunused variable ‘[01m[Kidx_max[m[K’ [[01;35m[K-Wunused-variable[m[K]
[58.227s]   116 |         int [01;35m[Kidx_max[m[K = (int) ((angle_max+fov)/angle_increment);
[58.228s]       |             [01;35m[K^~~~~~~[m[K
[58.235s] [01m[K/home/nvidia/f1tenth_ws/src/pure_pursuit/src/pure_pursuit_node.cpp:[m[K In member function ‘[01m[Kvoid PurePursuit::publish_gap_follow(std::vector<float>)[m[K’:
[58.236s] [01m[K/home/nvidia/f1tenth_ws/src/pure_pursuit/src/pure_pursuit_node.cpp:161:23:[m[K [01;35m[Kwarning: [m[Kcomparison of integer expressions of different signedness: ‘[01m[Kint[m[K’ and ‘[01m[Kstd::vector<float>::size_type[m[K’ {aka ‘[01m[Klong unsigned int[m[K’} [[01;35m[K-Wsign-compare[m[K]
[58.236s]   161 |         for (int i=0;[01;35m[Ki<ranges.size()[m[K;i++){
[58.237s]       |                      [01;35m[K~^~~~~~~~~~~~~~[m[K
[58.269s] [01m[K/home/nvidia/f1tenth_ws/src/pure_pursuit/src/pure_pursuit_node.cpp:188:23:[m[K [01;35m[Kwarning: [m[Kcomparison of integer expressions of different signedness: ‘[01m[Kint[m[K’ and ‘[01m[Kstd::vector<float>::size_type[m[K’ {aka ‘[01m[Klong unsigned int[m[K’} [[01;35m[K-Wsign-compare[m[K]
[58.270s]   188 |         for (int i=0;[01;35m[Ki<ranges_processed.size()[m[K;i++){
[58.270s]       |                      [01;35m[K~^~~~~~~~~~~~~~~~~~~~~~~~[m[K
[58.337s] [01m[K/home/nvidia/f1tenth_ws/src/pure_pursuit/src/pure_pursuit_node.cpp:[m[K In member function ‘[01m[Kvoid PurePursuit::check_pure_pursuit()[m[K’:
[58.337s] [01m[K/home/nvidia/f1tenth_ws/src/pure_pursuit/src/pure_pursuit_node.cpp:253:23:[m[K [01;35m[Kwarning: [m[Kcomparison of integer expressions of different signedness: ‘[01m[Kint[m[K’ and ‘[01m[Kstd::vector<std::vector<double, std::allocator<double> > >::size_type[m[K’ {aka ‘[01m[Klong unsigned int[m[K’} [[01;35m[K-Wsign-compare[m[K]
[58.338s]   253 |         for(int i=0; [01;35m[Ki<waypoints.size()[m[K; ++i)
[58.338s]       |                      [01;35m[K~^~~~~~~~~~~~~~~~~[m[K
[58.453s] [01m[K/home/nvidia/f1tenth_ws/src/pure_pursuit/src/pure_pursuit_node.cpp:[m[K In member function ‘[01m[Kvoid PurePursuit::visualize_path_points()[m[K’:
[58.454s] [01m[K/home/nvidia/f1tenth_ws/src/pure_pursuit/src/pure_pursuit_node.cpp:334:23:[m[K [01;35m[Kwarning: [m[Kcomparison of integer expressions of different signedness: ‘[01m[Kint[m[K’ and ‘[01m[Kstd::vector<std::vector<double, std::allocator<double> > >::size_type[m[K’ {aka ‘[01m[Klong unsigned int[m[K’} [[01;35m[K-Wsign-compare[m[K]
[58.454s]   334 |         for(int i=0; [01;35m[Ki<waypoints.size()[m[K; ++i)
[58.455s]       |                      [01;35m[K~^~~~~~~~~~~~~~~~~[m[K
[117.449s] [100%] [32m[1mLinking CXX executable pure_pursuit_node[0m
[120.708s] [100%] Built target pure_pursuit_node
[120.807s] [35m[1mScanning dependencies of target ament_cmake_python_copy_pure_pursuit_setup[0m
[120.995s] [100%] Built target ament_cmake_python_copy_pure_pursuit_setup
[121.152s] [35m[1mScanning dependencies of target ament_cmake_python_build_pure_pursuit_egg[0m
[123.489s] /home/nvidia/.local/lib/python3.8/site-packages/setuptools/dist.py:771: UserWarning: Usage of dash-separated 'script-dir' will not be supported in future versions. Please use the underscore name 'script_dir' instead
[123.489s]   warnings.warn(
[123.495s] /home/nvidia/.local/lib/python3.8/site-packages/setuptools/dist.py:771: UserWarning: Usage of dash-separated 'install-scripts' will not be supported in future versions. Please use the underscore name 'install_scripts' instead
[123.495s]   warnings.warn(
[124.106s] running egg_info
[124.113s] creating pure_pursuit.egg-info
[124.335s] writing pure_pursuit.egg-info/PKG-INFO
[124.336s] writing dependency_links to pure_pursuit.egg-info/dependency_links.txt
[124.339s] writing top-level names to pure_pursuit.egg-info/top_level.txt
[124.350s] writing manifest file 'pure_pursuit.egg-info/SOURCES.txt'
[124.795s] reading manifest file 'pure_pursuit.egg-info/SOURCES.txt'
[124.800s] writing manifest file 'pure_pursuit.egg-info/SOURCES.txt'
[125.136s] [100%] Built target ament_cmake_python_build_pure_pursuit_egg
[125.256s] Invoked command in '/home/nvidia/f1tenth_ws/build/pure_pursuit' returned '0': CMAKE_PREFIX_PATH=${CMAKE_PREFIX_PATH}:/home/nvidia/f1tenth_ws/install/f1tenth_stack:/home/nvidia/f1tenth_ws/install/joy_teleop:/home/nvidia/f1tenth_ws/install/particle_filter:/home/nvidia/f1tenth_ws/install/mouse_teleop:/home/nvidia/f1tenth_ws/install/key_teleop:/home/nvidia/f1tenth_ws/install/f1tenth_gym_ros:/opt/ros/galactic /usr/bin/cmake --build /home/nvidia/f1tenth_ws/build/pure_pursuit -- -j6 -l6
[125.811s] Invoking command in '/home/nvidia/f1tenth_ws/build/pure_pursuit': CMAKE_PREFIX_PATH=${CMAKE_PREFIX_PATH}:/home/nvidia/f1tenth_ws/install/f1tenth_stack:/home/nvidia/f1tenth_ws/install/joy_teleop:/home/nvidia/f1tenth_ws/install/particle_filter:/home/nvidia/f1tenth_ws/install/mouse_teleop:/home/nvidia/f1tenth_ws/install/key_teleop:/home/nvidia/f1tenth_ws/install/f1tenth_gym_ros:/opt/ros/galactic /usr/bin/cmake --install /home/nvidia/f1tenth_ws/build/pure_pursuit
[126.000s] -- Install configuration: ""
[126.004s] -- Installing: /home/nvidia/f1tenth_ws/install/pure_pursuit/lib/pure_pursuit/pure_pursuit_node
[126.153s] -- Set runtime path of "/home/nvidia/f1tenth_ws/install/pure_pursuit/lib/pure_pursuit/pure_pursuit_node" to ""
[126.154s] -- Installing: /home/nvidia/f1tenth_ws/install/pure_pursuit/share/pure_pursuit/environment/pythonpath.sh
[126.157s] -- Installing: /home/nvidia/f1tenth_ws/install/pure_pursuit/share/pure_pursuit/environment/pythonpath.dsv
[126.158s] -- Installing: /home/nvidia/f1tenth_ws/install/pure_pursuit/lib/python3.8/site-packages//pure_pursuit.egg-info
[126.159s] -- Installing: /home/nvidia/f1tenth_ws/install/pure_pursuit/lib/python3.8/site-packages//pure_pursuit.egg-info/PKG-INFO
[126.164s] -- Installing: /home/nvidia/f1tenth_ws/install/pure_pursuit/lib/python3.8/site-packages//pure_pursuit.egg-info/SOURCES.txt
[126.164s] -- Installing: /home/nvidia/f1tenth_ws/install/pure_pursuit/lib/python3.8/site-packages//pure_pursuit.egg-info/top_level.txt
[126.165s] -- Installing: /home/nvidia/f1tenth_ws/install/pure_pursuit/lib/python3.8/site-packages//pure_pursuit.egg-info/dependency_links.txt
[126.167s] -- Installing: /home/nvidia/f1tenth_ws/install/pure_pursuit/lib/python3.8/site-packages/pure_pursuit
[126.167s] -- Installing: /home/nvidia/f1tenth_ws/install/pure_pursuit/lib/python3.8/site-packages/pure_pursuit/__init__.py
[126.576s] Listing '/home/nvidia/f1tenth_ws/install/pure_pursuit/lib/python3.8/site-packages/pure_pursuit'...
[126.577s] Compiling '/home/nvidia/f1tenth_ws/install/pure_pursuit/lib/python3.8/site-packages/pure_pursuit/__init__.py'...
[126.637s] -- Installing: /home/nvidia/f1tenth_ws/install/pure_pursuit/lib/pure_pursuit/pure_pursuit_node.py
[126.639s] -- Installing: /home/nvidia/f1tenth_ws/install/pure_pursuit/lib/pure_pursuit/clickpoint_logger.py
[126.641s] -- Installing: /home/nvidia/f1tenth_ws/install/pure_pursuit/lib/pure_pursuit/waypoint_logger.py
[126.642s] -- Installing: /home/nvidia/f1tenth_ws/install/pure_pursuit/share/ament_index/resource_index/package_run_dependencies/pure_pursuit
[126.643s] -- Installing: /home/nvidia/f1tenth_ws/install/pure_pursuit/share/ament_index/resource_index/parent_prefix_path/pure_pursuit
[126.644s] -- Installing: /home/nvidia/f1tenth_ws/install/pure_pursuit/share/pure_pursuit/environment/ament_prefix_path.sh
[126.649s] -- Installing: /home/nvidia/f1tenth_ws/install/pure_pursuit/share/pure_pursuit/environment/ament_prefix_path.dsv
[126.654s] -- Installing: /home/nvidia/f1tenth_ws/install/pure_pursuit/share/pure_pursuit/environment/path.sh
[126.656s] -- Installing: /home/nvidia/f1tenth_ws/install/pure_pursuit/share/pure_pursuit/environment/path.dsv
[126.657s] -- Installing: /home/nvidia/f1tenth_ws/install/pure_pursuit/share/pure_pursuit/local_setup.bash
[126.658s] -- Installing: /home/nvidia/f1tenth_ws/install/pure_pursuit/share/pure_pursuit/local_setup.sh
[126.660s] -- Installing: /home/nvidia/f1tenth_ws/install/pure_pursuit/share/pure_pursuit/local_setup.zsh
[126.661s] -- Installing: /home/nvidia/f1tenth_ws/install/pure_pursuit/share/pure_pursuit/local_setup.dsv
[126.662s] -- Installing: /home/nvidia/f1tenth_ws/install/pure_pursuit/share/pure_pursuit/package.dsv
[126.663s] -- Installing: /home/nvidia/f1tenth_ws/install/pure_pursuit/share/ament_index/resource_index/packages/pure_pursuit
[126.665s] -- Installing: /home/nvidia/f1tenth_ws/install/pure_pursuit/share/pure_pursuit/cmake/pure_pursuitConfig.cmake
[126.666s] -- Installing: /home/nvidia/f1tenth_ws/install/pure_pursuit/share/pure_pursuit/cmake/pure_pursuitConfig-version.cmake
[126.667s] -- Installing: /home/nvidia/f1tenth_ws/install/pure_pursuit/share/pure_pursuit/package.xml
[126.691s] Invoked command in '/home/nvidia/f1tenth_ws/build/pure_pursuit' returned '0': CMAKE_PREFIX_PATH=${CMAKE_PREFIX_PATH}:/home/nvidia/f1tenth_ws/install/f1tenth_stack:/home/nvidia/f1tenth_ws/install/joy_teleop:/home/nvidia/f1tenth_ws/install/particle_filter:/home/nvidia/f1tenth_ws/install/mouse_teleop:/home/nvidia/f1tenth_ws/install/key_teleop:/home/nvidia/f1tenth_ws/install/f1tenth_gym_ros:/opt/ros/galactic /usr/bin/cmake --install /home/nvidia/f1tenth_ws/build/pure_pursuit
